Build and Test with Bazel	Set up job	ï»¿2025-11-28T01:42:46.3026590Z Current runner version: '2.329.0'
Build and Test with Bazel	Set up job	2025-11-28T01:42:46.3048870Z ##[group]Runner Image Provisioner
Build and Test with Bazel	Set up job	2025-11-28T01:42:46.3049430Z Hosted Compute Agent
Build and Test with Bazel	Set up job	2025-11-28T01:42:46.3049820Z Version: 20251124.448
Build and Test with Bazel	Set up job	2025-11-28T01:42:46.3050230Z Commit: fda5086b43ec66ade217e5fcd18146c879571177
Build and Test with Bazel	Set up job	2025-11-28T01:42:46.3050660Z Build Date: 2025-11-24T21:16:26Z
Build and Test with Bazel	Set up job	2025-11-28T01:42:46.3051030Z ##[endgroup]
Build and Test with Bazel	Set up job	2025-11-28T01:42:46.3051350Z ##[group]Operating System
Build and Test with Bazel	Set up job	2025-11-28T01:42:46.3051700Z macOS
Build and Test with Bazel	Set up job	2025-11-28T01:42:46.3052000Z 15.7.2
Build and Test with Bazel	Set up job	2025-11-28T01:42:46.3052280Z 24G325
Build and Test with Bazel	Set up job	2025-11-28T01:42:46.3052560Z ##[endgroup]
Build and Test with Bazel	Set up job	2025-11-28T01:42:46.3052850Z ##[group]Runner Image
Build and Test with Bazel	Set up job	2025-11-28T01:42:46.3053520Z Image: macos-15-arm64
Build and Test with Bazel	Set up job	2025-11-28T01:42:46.3054160Z Version: 20251126.0044
Build and Test with Bazel	Set up job	2025-11-28T01:42:46.3054890Z Included Software: https://github.com/actions/runner-images/blob/macos-15-arm64/20251126.0044/images/macos/macos-15-arm64-Readme.md
Build and Test with Bazel	Set up job	2025-11-28T01:42:46.3055830Z Image Release: https://github.com/actions/runner-images/releases/tag/macos-15-arm64%2F20251126.0044
Build and Test with Bazel	Set up job	2025-11-28T01:42:46.3057170Z ##[endgroup]
Build and Test with Bazel	Set up job	2025-11-28T01:42:46.3058340Z ##[group]GITHUB_TOKEN Permissions
Build and Test with Bazel	Set up job	2025-11-28T01:42:46.3059590Z Contents: read
Build and Test with Bazel	Set up job	2025-11-28T01:42:46.3059890Z Metadata: read
Build and Test with Bazel	Set up job	2025-11-28T01:42:46.3060190Z Packages: read
Build and Test with Bazel	Set up job	2025-11-28T01:42:46.3060470Z ##[endgroup]
Build and Test with Bazel	Set up job	2025-11-28T01:42:46.3061900Z Secret source: Actions
Build and Test with Bazel	Set up job	2025-11-28T01:42:46.3063170Z Prepare workflow directory
Build and Test with Bazel	Set up job	2025-11-28T01:42:46.3531060Z Prepare all required actions
Build and Test with Bazel	Set up job	2025-11-28T01:42:46.3567520Z Getting action download info
Build and Test with Bazel	Set up job	2025-11-28T01:42:46.5741890Z Download action repository 'actions/checkout@v4' (SHA:34e114876b0b11c390a56381ad16ebd13914f8d5)
Build and Test with Bazel	Set up job	2025-11-28T01:42:48.0607820Z Download action repository 'actions/cache@v4' (SHA:0057852bfaa89a56745cba8c7296529d2fc39830)
Build and Test with Bazel	Set up job	2025-11-28T01:42:48.2749570Z Download action repository 'actions/upload-artifact@v4' (SHA:ea165f8d65b6e75b540449e92b4886f43607fa02)
Build and Test with Bazel	Set up job	2025-11-28T01:42:48.4265880Z Complete job name: Build and Test with Bazel
Build and Test with Bazel	Checkout code	ï»¿2025-11-28T01:42:48.4658030Z ##[group]Run actions/checkout@v4
Build and Test with Bazel	Checkout code	2025-11-28T01:42:48.4658740Z with:
Build and Test with Bazel	Checkout code	2025-11-28T01:42:48.4659040Z   repository: ssk42/Poem-of-the-Day
Build and Test with Bazel	Checkout code	2025-11-28T01:42:48.4659600Z   token: ***
Build and Test with Bazel	Checkout code	2025-11-28T01:42:48.4659870Z   ssh-strict: true
Build and Test with Bazel	Checkout code	2025-11-28T01:42:48.4660150Z   ssh-user: git
Build and Test with Bazel	Checkout code	2025-11-28T01:42:48.4660440Z   persist-credentials: true
Build and Test with Bazel	Checkout code	2025-11-28T01:42:48.4660750Z   clean: true
Build and Test with Bazel	Checkout code	2025-11-28T01:42:48.4661040Z   sparse-checkout-cone-mode: true
Build and Test with Bazel	Checkout code	2025-11-28T01:42:48.4661390Z   fetch-depth: 1
Build and Test with Bazel	Checkout code	2025-11-28T01:42:48.4661670Z   fetch-tags: false
Build and Test with Bazel	Checkout code	2025-11-28T01:42:48.4661970Z   show-progress: true
Build and Test with Bazel	Checkout code	2025-11-28T01:42:48.4662260Z   lfs: false
Build and Test with Bazel	Checkout code	2025-11-28T01:42:48.4662520Z   submodules: false
Build and Test with Bazel	Checkout code	2025-11-28T01:42:48.4662810Z   set-safe-directory: true
Build and Test with Bazel	Checkout code	2025-11-28T01:42:48.4663240Z ##[endgroup]
Build and Test with Bazel	Checkout code	2025-11-28T01:42:48.7708190Z Syncing repository: ssk42/Poem-of-the-Day
Build and Test with Bazel	Checkout code	2025-11-28T01:42:48.7709930Z ##[group]Getting Git version info
Build and Test with Bazel	Checkout code	2025-11-28T01:42:48.7710470Z Working directory is '/Users/runner/work/Poem-of-the-Day/Poem-of-the-Day'
Build and Test with Bazel	Checkout code	2025-11-28T01:42:48.7711340Z [command]/opt/homebrew/bin/git version
Build and Test with Bazel	Checkout code	2025-11-28T01:42:48.8509290Z git version 2.50.1
Build and Test with Bazel	Checkout code	2025-11-28T01:42:48.8540490Z ##[endgroup]
Build and Test with Bazel	Checkout code	2025-11-28T01:42:48.8547160Z Copying '/Users/runner/.gitconfig' to '/Users/runner/work/_temp/9dad287a-e137-4511-ba86-95205f455e13/.gitconfig'
Build and Test with Bazel	Checkout code	2025-11-28T01:42:48.8554480Z Temporarily overriding HOME='/Users/runner/work/_temp/9dad287a-e137-4511-ba86-95205f455e13' before making global git config changes
Build and Test with Bazel	Checkout code	2025-11-28T01:42:48.8555420Z Adding repository directory to the temporary git global config as a safe directory
Build and Test with Bazel	Checkout code	2025-11-28T01:42:48.8563190Z [command]/opt/homebrew/bin/git config --global --add safe.directory /Users/runner/work/Poem-of-the-Day/Poem-of-the-Day
Build and Test with Bazel	Checkout code	2025-11-28T01:42:48.8657880Z Deleting the contents of '/Users/runner/work/Poem-of-the-Day/Poem-of-the-Day'
Build and Test with Bazel	Checkout code	2025-11-28T01:42:48.8660280Z ##[group]Initializing the repository
Build and Test with Bazel	Checkout code	2025-11-28T01:42:48.8665500Z [command]/opt/homebrew/bin/git init /Users/runner/work/Poem-of-the-Day/Poem-of-the-Day
Build and Test with Bazel	Checkout code	2025-11-28T01:42:48.8932690Z hint: Using 'master' as the name for the initial branch. This default branch name
Build and Test with Bazel	Checkout code	2025-11-28T01:42:48.8935770Z hint: is subject to change. To configure the initial branch name to use in all
Build and Test with Bazel	Checkout code	2025-11-28T01:42:48.8936760Z hint: of your new repositories, which will suppress this warning, call:
Build and Test with Bazel	Checkout code	2025-11-28T01:42:48.8937650Z hint:
Build and Test with Bazel	Checkout code	2025-11-28T01:42:48.8938320Z hint: 	git config --global init.defaultBranch <name>
Build and Test with Bazel	Checkout code	2025-11-28T01:42:48.8938870Z hint:
Build and Test with Bazel	Checkout code	2025-11-28T01:42:48.8939500Z hint: Names commonly chosen instead of 'master' are 'main', 'trunk' and
Build and Test with Bazel	Checkout code	2025-11-28T01:42:48.8940280Z hint: 'development'. The just-created branch can be renamed via this command:
Build and Test with Bazel	Checkout code	2025-11-28T01:42:48.8941220Z hint:
Build and Test with Bazel	Checkout code	2025-11-28T01:42:48.8942060Z hint: 	git branch -m <name>
Build and Test with Bazel	Checkout code	2025-11-28T01:42:48.8942600Z hint:
Build and Test with Bazel	Checkout code	2025-11-28T01:42:48.8943170Z hint: Disable this message with "git config set advice.defaultBranchName false"
Build and Test with Bazel	Checkout code	2025-11-28T01:42:48.8944300Z Initialized empty Git repository in /Users/runner/work/Poem-of-the-Day/Poem-of-the-Day/.git/
Build and Test with Bazel	Checkout code	2025-11-28T01:42:48.8946380Z [command]/opt/homebrew/bin/git remote add origin https://github.com/ssk42/Poem-of-the-Day
Build and Test with Bazel	Checkout code	2025-11-28T01:42:48.9634720Z ##[endgroup]
Build and Test with Bazel	Checkout code	2025-11-28T01:42:48.9741240Z ##[group]Disabling automatic garbage collection
Build and Test with Bazel	Checkout code	2025-11-28T01:42:48.9910040Z [command]/opt/homebrew/bin/git config --local gc.auto 0
Build and Test with Bazel	Checkout code	2025-11-28T01:42:49.0107170Z ##[endgroup]
Build and Test with Bazel	Checkout code	2025-11-28T01:42:49.0108420Z ##[group]Setting up auth
Build and Test with Bazel	Checkout code	2025-11-28T01:42:49.0109170Z [command]/opt/homebrew/bin/git config --local --name-only --get-regexp core\.sshCommand
Build and Test with Bazel	Checkout code	2025-11-28T01:42:49.0111290Z [command]/opt/homebrew/bin/git submodule foreach --recursive sh -c "git config --local --name-only --get-regexp 'core\.sshCommand' && git config --local --unset-all 'core.sshCommand' || :"
Build and Test with Bazel	Checkout code	2025-11-28T01:42:49.1216000Z [command]/opt/homebrew/bin/git config --local --name-only --get-regexp http\.https\:\/\/github\.com\/\.extraheader
Build and Test with Bazel	Checkout code	2025-11-28T01:42:49.1286100Z [command]/opt/homebrew/bin/git submodule foreach --recursive sh -c "git config --local --name-only --get-regexp 'http\.https\:\/\/github\.com\/\.extraheader' && git config --local --unset-all 'http.https://github.com/.extraheader' || :"
Build and Test with Bazel	Checkout code	2025-11-28T01:42:49.2221290Z [command]/opt/homebrew/bin/git config --local --name-only --get-regexp ^includeIf\.gitdir:
Build and Test with Bazel	Checkout code	2025-11-28T01:42:49.2271590Z [command]/opt/homebrew/bin/git submodule foreach --recursive git config --local --show-origin --name-only --get-regexp remote.origin.url
Build and Test with Bazel	Checkout code	2025-11-28T01:42:49.3682200Z [command]/opt/homebrew/bin/git config --local http.https://github.com/.extraheader AUTHORIZATION: basic ***
Build and Test with Bazel	Checkout code	2025-11-28T01:42:49.3732800Z ##[endgroup]
Build and Test with Bazel	Checkout code	2025-11-28T01:42:49.3790660Z ##[group]Fetching the repository
Build and Test with Bazel	Checkout code	2025-11-28T01:42:49.3794510Z [command]/opt/homebrew/bin/git -c protocol.version=2 fetch --no-tags --prune --no-recurse-submodules --depth=1 origin +ce830ce1803c54f22738fd67643c08829fbe04dc:refs/remotes/origin/main
Build and Test with Bazel	Checkout code	2025-11-28T01:42:50.2624930Z From https://github.com/ssk42/Poem-of-the-Day
Build and Test with Bazel	Checkout code	2025-11-28T01:42:50.2706850Z  * [new ref]         ce830ce1803c54f22738fd67643c08829fbe04dc -> origin/main
Build and Test with Bazel	Checkout code	2025-11-28T01:42:50.2836110Z ##[endgroup]
Build and Test with Bazel	Checkout code	2025-11-28T01:42:50.2869120Z ##[group]Determining the checkout info
Build and Test with Bazel	Checkout code	2025-11-28T01:42:50.2932490Z ##[endgroup]
Build and Test with Bazel	Checkout code	2025-11-28T01:42:50.2966130Z [command]/opt/homebrew/bin/git sparse-checkout disable
Build and Test with Bazel	Checkout code	2025-11-28T01:42:50.3006400Z [command]/opt/homebrew/bin/git config --local --unset-all extensions.worktreeConfig
Build and Test with Bazel	Checkout code	2025-11-28T01:42:50.3026920Z ##[group]Checking out the ref
Build and Test with Bazel	Checkout code	2025-11-28T01:42:50.3028800Z [command]/opt/homebrew/bin/git checkout --progress --force -B main refs/remotes/origin/main
Build and Test with Bazel	Checkout code	2025-11-28T01:42:50.3395410Z Switched to a new branch 'main'
Build and Test with Bazel	Checkout code	2025-11-28T01:42:50.3514050Z branch 'main' set up to track 'origin/main'.
Build and Test with Bazel	Checkout code	2025-11-28T01:42:50.3777620Z ##[endgroup]
Build and Test with Bazel	Checkout code	2025-11-28T01:42:50.4082730Z [command]/opt/homebrew/bin/git log -1 --format=%H
Build and Test with Bazel	Checkout code	2025-11-28T01:42:50.4184990Z ce830ce1803c54f22738fd67643c08829fbe04dc
Build and Test with Bazel	Install Bazelisk	ï»¿2025-11-28T01:42:50.4779040Z ##[group]Run brew install bazelisk
Build and Test with Bazel	Install Bazelisk	2025-11-28T01:42:50.4780000Z [36;1mbrew install bazelisk[0m
Build and Test with Bazel	Install Bazelisk	2025-11-28T01:42:50.4780780Z [36;1mbazelisk version[0m
Build and Test with Bazel	Install Bazelisk	2025-11-28T01:42:50.4821120Z shell: /bin/bash -e {0}
Build and Test with Bazel	Install Bazelisk	2025-11-28T01:42:50.4821870Z ##[endgroup]
Build and Test with Bazel	Install Bazelisk	2025-11-28T01:42:53.6271120Z âœ”ï¸Ž JSON API formula_tap_migrations.jws.json
Build and Test with Bazel	Install Bazelisk	2025-11-28T01:42:53.6272090Z âœ”ï¸Ž JSON API cask_tap_migrations.jws.json
Build and Test with Bazel	Install Bazelisk	2025-11-28T01:42:54.5707770Z ##[warning]bazelisk 1.27.0 is already installed and up-to-date.
Build and Test with Bazel	Install Bazelisk	To reinstall 1.27.0, run:
Build and Test with Bazel	Install Bazelisk	  brew reinstall bazelisk
Build and Test with Bazel	Install Bazelisk	
Build and Test with Bazel	Install Bazelisk	2025-11-28T01:42:54.6238830Z 2025/11/28 01:42:54 Downloading https://releases.bazel.build/8.3.1/release/bazel-8.3.1-darwin-arm64...
Build and Test with Bazel	Install Bazelisk	2025-11-28T01:42:54.9619460Z Bazelisk version: 1.27.0
Build and Test with Bazel	Install Bazelisk	2025-11-28T01:42:54.9828170Z Extracting Bazel installation...
Build and Test with Bazel	Install Bazelisk	2025-11-28T01:42:55.6116020Z Starting local Bazel server (8.3.1) and connecting to it...
Build and Test with Bazel	Install Bazelisk	2025-11-28T01:43:01.7965030Z Build label: 8.3.1
Build and Test with Bazel	Install Bazelisk	2025-11-28T01:43:01.7965830Z Build target: @@//src/main/java/com/google/devtools/build/lib/bazel:BazelServer
Build and Test with Bazel	Install Bazelisk	2025-11-28T01:43:01.7989910Z Build time: Mon Jun 30 16:26:17 2025 (1751300777)
Build and Test with Bazel	Install Bazelisk	2025-11-28T01:43:01.7990710Z Build timestamp: 1751300777
Build and Test with Bazel	Install Bazelisk	2025-11-28T01:43:01.7991300Z Build timestamp as int: 1751300777
Build and Test with Bazel	Cache Bazel artifacts	ï»¿2025-11-28T01:43:01.9547200Z ##[group]Run actions/cache@v4
Build and Test with Bazel	Cache Bazel artifacts	2025-11-28T01:43:01.9547500Z with:
Build and Test with Bazel	Cache Bazel artifacts	2025-11-28T01:43:01.9547750Z   path: ~/.cache/bazel
Build and Test with Bazel	Cache Bazel artifacts	~/Library/Caches/bazel
Build and Test with Bazel	Cache Bazel artifacts	
Build and Test with Bazel	Cache Bazel artifacts	2025-11-28T01:43:01.9548200Z   key: bazel-macOS-d2c6af6a20aa517595728efab8a084c90fdf9194466719476027e4e2fac8fe92
Build and Test with Bazel	Cache Bazel artifacts	2025-11-28T01:43:01.9548600Z   restore-keys: bazel-macOS-
Build and Test with Bazel	Cache Bazel artifacts	
Build and Test with Bazel	Cache Bazel artifacts	2025-11-28T01:43:01.9548910Z   enableCrossOsArchive: false
Build and Test with Bazel	Cache Bazel artifacts	2025-11-28T01:43:01.9549150Z   fail-on-cache-miss: false
Build and Test with Bazel	Cache Bazel artifacts	2025-11-28T01:43:01.9549380Z   lookup-only: false
Build and Test with Bazel	Cache Bazel artifacts	2025-11-28T01:43:01.9549590Z   save-always: false
Build and Test with Bazel	Cache Bazel artifacts	2025-11-28T01:43:01.9549850Z ##[endgroup]
Build and Test with Bazel	Cache Bazel artifacts	2025-11-28T01:43:02.1608340Z Cache not found for input keys: bazel-macOS-d2c6af6a20aa517595728efab8a084c90fdf9194466719476027e4e2fac8fe92, bazel-macOS-
Build and Test with Bazel	Build main app	ï»¿2025-11-28T01:43:02.1680790Z ##[group]Run cd "Poem of the Day"
Build and Test with Bazel	Build main app	2025-11-28T01:43:02.1681240Z [36;1mcd "Poem of the Day"[0m
Build and Test with Bazel	Build main app	2025-11-28T01:43:02.1681500Z [36;1mbazelisk build //:PoemOfTheDay[0m
Build and Test with Bazel	Build main app	2025-11-28T01:43:02.1731980Z shell: /bin/bash -e {0}
Build and Test with Bazel	Build main app	2025-11-28T01:43:02.1732310Z ##[endgroup]
Build and Test with Bazel	Build main app	2025-11-28T01:43:02.2583430Z INFO: Options provided by the client:
Build and Test with Bazel	Build main app	2025-11-28T01:43:02.2584110Z   Inherited 'common' options: --isatty=0 --terminal_columns=80
Build and Test with Bazel	Build main app	2025-11-28T01:43:02.2584740Z INFO: Reading rc options for 'build' from /Users/runner/work/Poem-of-the-Day/Poem-of-the-Day/.bazelrc:
Build and Test with Bazel	Build main app	2025-11-28T01:43:02.2585910Z   'build' options: --announce_rc --verbose_failures --apple_platform_type=ios --ios_minimum_os=17.0 --apple_generate_dsym --symlink_prefix=bazel- --experimental_reuse_sandbox_directories --worker_sandboxing
Build and Test with Bazel	Build main app	2025-11-28T01:43:02.3039650Z Computing main repo mapping: 
Build and Test with Bazel	Build main app	2025-11-28T01:43:03.0634050Z WARNING: For repository 'rules_swift', the root module requires module version rules_swift@2.1.1, but got rules_swift@2.4.0 in the resolved dependency graph. Please update the version in your MODULE.bazel or set --check_direct_dependencies=off
Build and Test with Bazel	Build main app	2025-11-28T01:43:03.1698710Z Loading: 
Build and Test with Bazel	Build main app	2025-11-28T01:43:03.1712930Z Loading: 0 packages loaded
Build and Test with Bazel	Build main app	2025-11-28T01:43:04.1827520Z Loading: 0 packages loaded
Build and Test with Bazel	Build main app	2025-11-28T01:43:05.3475220Z Loading: 0 packages loaded
Build and Test with Bazel	Build main app	2025-11-28T01:43:05.3477000Z     currently loading: 
Build and Test with Bazel	Build main app	2025-11-28T01:43:06.0349550Z Analyzing: target //:PoemOfTheDay (1 packages loaded, 0 targets configured)
Build and Test with Bazel	Build main app	2025-11-28T01:43:06.0571960Z Analyzing: target //:PoemOfTheDay (1 packages loaded, 0 targets configured)
Build and Test with Bazel	Build main app	2025-11-28T01:43:06.0572890Z 
Build and Test with Bazel	Build main app	2025-11-28T01:43:07.0743600Z Analyzing: target //:PoemOfTheDay (52 packages loaded, 17 targets configured)
Build and Test with Bazel	Build main app	2025-11-28T01:43:07.0868290Z 
Build and Test with Bazel	Build main app	2025-11-28T01:43:08.0976890Z Analyzing: target //:PoemOfTheDay (93 packages loaded, 1139 targets configured)
Build and Test with Bazel	Build main app	2025-11-28T01:43:08.0978780Z 
Build and Test with Bazel	Build main app	2025-11-28T01:43:09.6987040Z Analyzing: target //:PoemOfTheDay (96 packages loaded, 1173 targets configured)
Build and Test with Bazel	Build main app	2025-11-28T01:43:09.7086930Z 
Build and Test with Bazel	Build main app	2025-11-28T01:43:10.8082230Z Analyzing: target //:PoemOfTheDay (111 packages loaded, 2860 targets configured)
Build and Test with Bazel	Build main app	2025-11-28T01:43:10.8181960Z 
Build and Test with Bazel	Build main app	2025-11-28T01:43:11.8269590Z Analyzing: target //:PoemOfTheDay (113 packages loaded, 3484 targets configured)
Build and Test with Bazel	Build main app	2025-11-28T01:43:11.8279690Z 
Build and Test with Bazel	Build main app	2025-11-28T01:43:13.0155030Z Analyzing: target //:PoemOfTheDay (113 packages loaded, 3484 targets configured)
Build and Test with Bazel	Build main app	2025-11-28T01:43:13.0163300Z 
Build and Test with Bazel	Build main app	2025-11-28T01:43:15.3464070Z Analyzing: target //:PoemOfTheDay (113 packages loaded, 3484 targets configured)
Build and Test with Bazel	Build main app	2025-11-28T01:43:15.3485390Z 
Build and Test with Bazel	Build main app	2025-11-28T01:43:17.4930750Z Analyzing: target //:PoemOfTheDay (113 packages loaded, 3484 targets configured)
Build and Test with Bazel	Build main app	2025-11-28T01:43:17.4932240Z 
Build and Test with Bazel	Build main app	2025-11-28T01:43:19.4324890Z Analyzing: target //:PoemOfTheDay (113 packages loaded, 3484 targets configured)
Build and Test with Bazel	Build main app	2025-11-28T01:43:19.4325700Z 
Build and Test with Bazel	Build main app	2025-11-28T01:43:20.4413250Z Analyzing: target //:PoemOfTheDay (113 packages loaded, 3484 targets configured)
Build and Test with Bazel	Build main app	2025-11-28T01:43:20.4413690Z 
Build and Test with Bazel	Build main app	2025-11-28T01:43:22.2131860Z Analyzing: target //:PoemOfTheDay (113 packages loaded, 3484 targets configured)
Build and Test with Bazel	Build main app	2025-11-28T01:43:22.2134880Z 
Build and Test with Bazel	Build main app	2025-11-28T01:43:24.7000370Z Analyzing: target //:PoemOfTheDay (113 packages loaded, 3484 targets configured)
Build and Test with Bazel	Build main app	2025-11-28T01:43:24.7004550Z 
Build and Test with Bazel	Build main app	2025-11-28T01:43:25.3178630Z INFO: Analyzed target //:PoemOfTheDay (118 packages loaded, 3624 targets configured).
Build and Test with Bazel	Build main app	2025-11-28T01:43:25.7154090Z [22 / 56] [Prepa] Writing file entitlements/PoemOfTheDaysimulator-plisttool-control
Build and Test with Bazel	Build main app	2025-11-28T01:43:26.9685260Z [37 / 76] Executing apple_genrule @@apple_support+//crosstool:exec_wrapped_clang.target_config [for tool]; 1s darwin-sandbox ... (3 actions running)
Build and Test with Bazel	Build main app	2025-11-28T01:43:29.5309890Z [38 / 76] Executing apple_genrule @@apple_support+//crosstool:exec_wrapped_clang.target_config [for tool]; 3s darwin-sandbox ... (3 actions, 2 running)
Build and Test with Bazel	Build main app	2025-11-28T01:43:30.5348420Z [42 / 76] Executing apple_genrule @@apple_support+//crosstool:exec_libtool.target_config [for tool]; 4s darwin-sandbox ... (3 actions, 2 running)
Build and Test with Bazel	Build main app	2025-11-28T01:43:32.4703640Z [42 / 76] Executing apple_genrule @@apple_support+//crosstool:exec_libtool.target_config [for tool]; 6s darwin-sandbox ... (3 actions running)
Build and Test with Bazel	Build main app	2025-11-28T01:43:33.4784790Z [43 / 76] AssetCatalogCompile PoemOfTheDay-intermediates/xcassets; 3s local ... (3 actions running)
Build and Test with Bazel	Build main app	2025-11-28T01:43:34.5615500Z [46 / 76] AssetCatalogCompile PoemOfTheDay-intermediates/xcassets; 4s local ... (3 actions running)
Build and Test with Bazel	Build main app	2025-11-28T01:43:35.6815300Z [48 / 76] AssetCatalogCompile PoemOfTheDay-intermediates/xcassets; 5s local ... (3 actions running)
Build and Test with Bazel	Build main app	2025-11-28T01:43:38.1561960Z [49 / 76] AssetCatalogCompile PoemOfTheDay-intermediates/xcassets; 8s local ... (3 actions, 2 running)
Build and Test with Bazel	Build main app	2025-11-28T01:43:39.6380280Z [50 / 76] AssetCatalogCompile PoemOfTheDay-intermediates/xcassets; 9s local ... (3 actions, 2 running)
Build and Test with Bazel	Build main app	2025-11-28T01:43:40.7207250Z [52 / 76] AssetCatalogCompile PoemOfTheDay-intermediates/xcassets; 10s local ... (3 actions, 2 running)
Build and Test with Bazel	Build main app	2025-11-28T01:43:41.8564110Z [55 / 76] AssetCatalogCompile PoemOfTheDay-intermediates/xcassets; 12s local ... (3 actions, 2 running)
Build and Test with Bazel	Build main app	2025-11-28T01:43:42.9845830Z [57 / 76] AssetCatalogCompile PoemOfTheDay-intermediates/xcassets; 13s local ... (3 actions, 2 running)
Build and Test with Bazel	Build main app	2025-11-28T01:43:44.0312160Z [62 / 76] AssetCatalogCompile PoemOfTheDay-intermediates/xcassets; 14s local ... (3 actions, 2 running)
Build and Test with Bazel	Build main app	2025-11-28T01:43:45.3493230Z [63 / 76] AssetCatalogCompile PoemOfTheDay-intermediates/xcassets; 15s local ... (2 actions running)
Build and Test with Bazel	Build main app	2025-11-28T01:43:46.4284070Z [65 / 76] AssetCatalogCompile PoemOfTheDay-intermediates/xcassets; 16s local ... (2 actions running)
Build and Test with Bazel	Build main app	2025-11-28T01:43:47.4516490Z [66 / 76] AssetCatalogCompile PoemOfTheDay-intermediates/xcassets; 17s local ... (2 actions running)
Build and Test with Bazel	Build main app	2025-11-28T01:43:58.9352990Z [66 / 76] AssetCatalogCompile PoemOfTheDay-intermediates/xcassets; 28s local ... (2 actions running)
Build and Test with Bazel	Build main app	2025-11-28T01:44:09.0864830Z [67 / 76] Compiling Swift module //:PoemOfTheDayLib; 22s worker ... (2 actions, 1 running)
Build and Test with Bazel	Build main app	2025-11-28T01:44:10.6998100Z [68 / 76] Compiling Swift module //:PoemOfTheDayLib; 24s worker
Build and Test with Bazel	Build main app	2025-11-28T01:44:10.7970180Z INFO: From Compiling Swift module //:PoemOfTheDayLib:
Build and Test with Bazel	Build main app	2025-11-28T01:44:10.7971260Z Poem of the Day/Services/NotificationService.swift:53:5: warning: 'nonisolated' can not be applied to variable with non-'Sendable' type 'UserDefaults'; this is an error in the Swift 6 language mode
Build and Test with Bazel	Build main app	2025-11-28T01:44:10.7987100Z  51 |     
Build and Test with Bazel	Build main app	2025-11-28T01:44:10.7987400Z  52 |     private let notificationCenter: UNUserNotificationCenter
Build and Test with Bazel	Build main app	2025-11-28T01:44:10.7987870Z  53 |     nonisolated private let userDefaults: UserDefaults
Build and Test with Bazel	Build main app	2025-11-28T01:44:10.7988500Z     |     `- warning: 'nonisolated' can not be applied to variable with non-'Sendable' type 'UserDefaults'; this is an error in the Swift 6 language mode
Build and Test with Bazel	Build main app	2025-11-28T01:44:10.7989050Z  54 |     private let notificationIdentifier = "daily_poem_notification"
Build and Test with Bazel	Build main app	2025-11-28T01:44:10.7989420Z  55 |     
Build and Test with Bazel	Build main app	2025-11-28T01:44:10.7989490Z 
Build and Test with Bazel	Build main app	2025-11-28T01:44:10.7997790Z /Applications/Xcode_16.4.app/Contents/Developer/Platforms/iPhoneSimulator.platform/Developer/SDKs/iPhoneSimulator18.5.sdk/System/Library/Frameworks/Foundation.framework/Headers/NSUserDefaults.h:49:12: note: class 'UserDefaults' does not conform to the 'Sendable' protocol
Build and Test with Bazel	Build main app	2025-11-28T01:44:10.7999760Z  47 |  NSUserDefaults can be observed using Key-Value Observing for any key stored in it. Using NSKeyValueObservingOptionPrior to observe changes from other processes or devices will behave as though NSKeyValueObservingOptionPrior was not specified.
Build and Test with Bazel	Build main app	2025-11-28T01:44:10.8000700Z  48 |  */
Build and Test with Bazel	Build main app	2025-11-28T01:44:10.8000920Z  49 | @interface NSUserDefaults : NSObject {
Build and Test with Bazel	Build main app	2025-11-28T01:44:10.8001330Z     |            `- note: class 'UserDefaults' does not conform to the 'Sendable' protocol
Build and Test with Bazel	Build main app	2025-11-28T01:44:10.8001740Z  50 | @private
Build and Test with Bazel	Build main app	2025-11-28T01:44:10.8001910Z  51 |     id _kvo_;
Build and Test with Bazel	Build main app	2025-11-28T01:44:10.8002490Z Poem of the Day/Services/NotificationService.swift:53:5: warning: 'nonisolated' can not be applied to variable with non-'Sendable' type 'UserDefaults'; this is an error in the Swift 6 language mode
Build and Test with Bazel	Build main app	2025-11-28T01:44:10.8011940Z  51 |     
Build and Test with Bazel	Build main app	2025-11-28T01:44:10.8012280Z  52 |     private let notificationCenter: UNUserNotificationCenter
Build and Test with Bazel	Build main app	2025-11-28T01:44:10.8012610Z  53 |     nonisolated private let userDefaults: UserDefaults
Build and Test with Bazel	Build main app	2025-11-28T01:44:10.8013140Z     |     `- warning: 'nonisolated' can not be applied to variable with non-'Sendable' type 'UserDefaults'; this is an error in the Swift 6 language mode
Build and Test with Bazel	Build main app	2025-11-28T01:44:10.8013750Z  54 |     private let notificationIdentifier = "daily_poem_notification"
Build and Test with Bazel	Build main app	2025-11-28T01:44:10.8014050Z  55 |     
Build and Test with Bazel	Build main app	2025-11-28T01:44:10.8014120Z 
Build and Test with Bazel	Build main app	2025-11-28T01:44:10.8014900Z /Applications/Xcode_16.4.app/Contents/Developer/Platforms/iPhoneSimulator.platform/Developer/SDKs/iPhoneSimulator18.5.sdk/System/Library/Frameworks/Foundation.framework/Headers/NSUserDefaults.h:49:12: note: class 'UserDefaults' does not conform to the 'Sendable' protocol
Build and Test with Bazel	Build main app	2025-11-28T01:44:10.8016310Z  47 |  NSUserDefaults can be observed using Key-Value Observing for any key stored in it. Using NSKeyValueObservingOptionPrior to observe changes from other processes or devices will behave as though NSKeyValueObservingOptionPrior was not specified.
Build and Test with Bazel	Build main app	2025-11-28T01:44:10.8017130Z  48 |  */
Build and Test with Bazel	Build main app	2025-11-28T01:44:10.8017320Z  49 | @interface NSUserDefaults : NSObject {
Build and Test with Bazel	Build main app	2025-11-28T01:44:10.8017690Z     |            `- note: class 'UserDefaults' does not conform to the 'Sendable' protocol
Build and Test with Bazel	Build main app	2025-11-28T01:44:10.8018310Z  50 | @private
Build and Test with Bazel	Build main app	2025-11-28T01:44:10.8018700Z  51 |     id _kvo_;
Build and Test with Bazel	Build main app	2025-11-28T01:44:10.8018860Z 
Build and Test with Bazel	Build main app	2025-11-28T01:44:10.8019340Z Poem of the Day/Services/NotificationService.swift:156:26: warning: non-sendable type 'UserDefaults' of property 'userDefaults' cannot exit nonisolated context; this is an error in the Swift 6 language mode
Build and Test with Bazel	Build main app	2025-11-28T01:44:10.8020830Z 154 |     
Build and Test with Bazel	Build main app	2025-11-28T01:44:10.8021310Z 155 |     nonisolated func getSettings() -> NotificationSettings {
Build and Test with Bazel	Build main app	2025-11-28T01:44:10.8022180Z 156 |         guard let data = userDefaults.data(forKey: "notificationSettings"),
Build and Test with Bazel	Build main app	2025-11-28T01:44:10.8025070Z     |                          `- warning: non-sendable type 'UserDefaults' of property 'userDefaults' cannot exit nonisolated context; this is an error in the Swift 6 language mode
Build and Test with Bazel	Build main app	2025-11-28T01:44:10.8025770Z 157 |               let settings = try? JSONDecoder().decode(NotificationSettings.self, from: data) else {
Build and Test with Bazel	Build main app	2025-11-28T01:44:10.8026550Z 158 |             return .default
Build and Test with Bazel	Build main app	2025-11-28T01:44:10.8026810Z 
Build and Test with Bazel	Build main app	2025-11-28T01:44:10.8027590Z /Applications/Xcode_16.4.app/Contents/Developer/Platforms/iPhoneSimulator.platform/Developer/SDKs/iPhoneSimulator18.5.sdk/System/Library/Frameworks/Foundation.framework/Headers/NSUserDefaults.h:49:12: note: class 'UserDefaults' does not conform to the 'Sendable' protocol
Build and Test with Bazel	Build main app	2025-11-28T01:44:10.8029260Z  47 |  NSUserDefaults can be observed using Key-Value Observing for any key stored in it. Using NSKeyValueObservingOptionPrior to observe changes from other processes or devices will behave as though NSKeyValueObservingOptionPrior was not specified.
Build and Test with Bazel	Build main app	2025-11-28T01:44:10.8030050Z  48 |  */
Build and Test with Bazel	Build main app	2025-11-28T01:44:10.8030240Z  49 | @interface NSUserDefaults : NSObject {
Build and Test with Bazel	Build main app	2025-11-28T01:44:10.8030660Z     |            `- note: class 'UserDefaults' does not conform to the 'Sendable' protocol
Build and Test with Bazel	Build main app	2025-11-28T01:44:10.8031000Z  50 | @private
Build and Test with Bazel	Build main app	2025-11-28T01:44:10.8031190Z  51 |     id _kvo_;
Build and Test with Bazel	Build main app	2025-11-28T01:44:10.8031330Z 
Build and Test with Bazel	Build main app	2025-11-28T01:44:10.8031860Z Poem of the Day/Services/NotificationService.swift:165:9: warning: non-sendable type 'UserDefaults' of property 'userDefaults' cannot exit nonisolated context; this is an error in the Swift 6 language mode
Build and Test with Bazel	Build main app	2025-11-28T01:44:10.8032630Z 163 |     nonisolated func saveSettings(_ settings: NotificationSettings) {
Build and Test with Bazel	Build main app	2025-11-28T01:44:10.8033080Z 164 |         guard let data = try? JSONEncoder().encode(settings) else { return }
Build and Test with Bazel	Build main app	2025-11-28T01:44:10.8033460Z 165 |         userDefaults.set(data, forKey: "notificationSettings")
Build and Test with Bazel	Build main app	2025-11-28T01:44:10.8034310Z     |         `- warning: non-sendable type 'UserDefaults' of property 'userDefaults' cannot exit nonisolated context; this is an error in the Swift 6 language mode
Build and Test with Bazel	Build main app	2025-11-28T01:44:10.8034990Z 166 |     }
Build and Test with Bazel	Build main app	2025-11-28T01:44:10.8035160Z 167 | }
Build and Test with Bazel	Build main app	2025-11-28T01:44:10.8035280Z 
Build and Test with Bazel	Build main app	2025-11-28T01:44:10.8036070Z /Applications/Xcode_16.4.app/Contents/Developer/Platforms/iPhoneSimulator.platform/Developer/SDKs/iPhoneSimulator18.5.sdk/System/Library/Frameworks/Foundation.framework/Headers/NSUserDefaults.h:49:12: note: class 'UserDefaults' does not conform to the 'Sendable' protocol
Build and Test with Bazel	Build main app	2025-11-28T01:44:10.8037490Z  47 |  NSUserDefaults can be observed using Key-Value Observing for any key stored in it. Using NSKeyValueObservingOptionPrior to observe changes from other processes or devices will behave as though NSKeyValueObservingOptionPrior was not specified.
Build and Test with Bazel	Build main app	2025-11-28T01:44:10.8038230Z  48 |  */
Build and Test with Bazel	Build main app	2025-11-28T01:44:10.8038480Z  49 | @interface NSUserDefaults : NSObject {
Build and Test with Bazel	Build main app	2025-11-28T01:44:10.8038830Z     |            `- note: class 'UserDefaults' does not conform to the 'Sendable' protocol
Build and Test with Bazel	Build main app	2025-11-28T01:44:10.8039150Z  50 | @private
Build and Test with Bazel	Build main app	2025-11-28T01:44:10.8039330Z  51 |     id _kvo_;
Build and Test with Bazel	Build main app	2025-11-28T01:44:10.8039830Z Poem of the Day/ViewModels/PoemViewModel.swift:80:19: warning: constant 'poemTask' inferred to have type '()', which may be unexpected
Build and Test with Bazel	Build main app	2025-11-28T01:44:10.8040340Z  78 |         await telemetryService.track(appLaunchEvent)
Build and Test with Bazel	Build main app	2025-11-28T01:44:10.8040600Z  79 |         
Build and Test with Bazel	Build main app	2025-11-28T01:44:10.8040870Z  80 |         async let poemTask = loadDailyPoem()
Build and Test with Bazel	Build main app	2025-11-28T01:44:10.8041240Z     |                   |- warning: constant 'poemTask' inferred to have type '()', which may be unexpected
Build and Test with Bazel	Build main app	2025-11-28T01:44:10.8041660Z     |                   `- note: add an explicit type annotation to silence this warning
Build and Test with Bazel	Build main app	2025-11-28T01:44:10.8042000Z  81 |         async let favoritesTask = loadFavorites()
Build and Test with Bazel	Build main app	2025-11-28T01:44:10.8042370Z  82 |         async let aiAvailabilityTask = checkAIAvailability()
Build and Test with Bazel	Build main app	2025-11-28T01:44:10.8042550Z 
Build and Test with Bazel	Build main app	2025-11-28T01:44:10.8042910Z Poem of the Day/ViewModels/PoemViewModel.swift:81:19: warning: constant 'favoritesTask' inferred to have type '()', which may be unexpected
Build and Test with Bazel	Build main app	2025-11-28T01:44:10.8043430Z  79 |         
Build and Test with Bazel	Build main app	2025-11-28T01:44:10.8043770Z  80 |         async let poemTask = loadDailyPoem()
Build and Test with Bazel	Build main app	2025-11-28T01:44:10.8044060Z  81 |         async let favoritesTask = loadFavorites()
Build and Test with Bazel	Build main app	2025-11-28T01:44:10.8044980Z     |                   |- warning: constant 'favoritesTask' inferred to have type '()', which may be unexpected
Build and Test with Bazel	Build main app	2025-11-28T01:44:10.8045500Z     |                   `- note: add an explicit type annotation to silence this warning
Build and Test with Bazel	Build main app	2025-11-28T01:44:10.8045920Z  82 |         async let aiAvailabilityTask = checkAIAvailability()
Build and Test with Bazel	Build main app	2025-11-28T01:44:10.8046270Z  83 |         async let vibeTask = loadDailyVibe()
Build and Test with Bazel	Build main app	2025-11-28T01:44:10.8046520Z 
Build and Test with Bazel	Build main app	2025-11-28T01:44:10.8046850Z Poem of the Day/ViewModels/PoemViewModel.swift:82:19: warning: constant 'aiAvailabilityTask' inferred to have type '()', which may be unexpected
Build and Test with Bazel	Build main app	2025-11-28T01:44:10.8047440Z  80 |         async let poemTask = loadDailyPoem()
Build and Test with Bazel	Build main app	2025-11-28T01:44:10.8047740Z  81 |         async let favoritesTask = loadFavorites()
Build and Test with Bazel	Build main app	2025-11-28T01:44:10.8048070Z  82 |         async let aiAvailabilityTask = checkAIAvailability()
Build and Test with Bazel	Build main app	2025-11-28T01:44:10.8048530Z     |                   |- warning: constant 'aiAvailabilityTask' inferred to have type '()', which may be unexpected
Build and Test with Bazel	Build main app	2025-11-28T01:44:10.8049050Z     |                   `- note: add an explicit type annotation to silence this warning
Build and Test with Bazel	Build main app	2025-11-28T01:44:10.8049690Z  83 |         async let vibeTask = loadDailyVibe()
Build and Test with Bazel	Build main app	2025-11-28T01:44:10.8049950Z  84 |         
Build and Test with Bazel	Build main app	2025-11-28T01:44:10.8050090Z 
Build and Test with Bazel	Build main app	2025-11-28T01:44:10.8050450Z Poem of the Day/ViewModels/PoemViewModel.swift:83:19: warning: constant 'vibeTask' inferred to have type '()', which may be unexpected
Build and Test with Bazel	Build main app	2025-11-28T01:44:10.8050990Z  81 |         async let favoritesTask = loadFavorites()
Build and Test with Bazel	Build main app	2025-11-28T01:44:10.8051350Z  82 |         async let aiAvailabilityTask = checkAIAvailability()
Build and Test with Bazel	Build main app	2025-11-28T01:44:10.8051720Z  83 |         async let vibeTask = loadDailyVibe()
Build and Test with Bazel	Build main app	2025-11-28T01:44:10.8052090Z     |                   |- warning: constant 'vibeTask' inferred to have type '()', which may be unexpected
Build and Test with Bazel	Build main app	2025-11-28T01:44:10.8052730Z     |                   `- note: add an explicit type annotation to silence this warning
Build and Test with Bazel	Build main app	2025-11-28T01:44:10.8053020Z  84 |         
Build and Test with Bazel	Build main app	2025-11-28T01:44:10.8053300Z  85 |         await poemTask
Build and Test with Bazel	Build main app	2025-11-28T01:44:11.8446730Z [70 / 76] Linking PoemOfTheDay_bin; 0s darwin-sandbox
Build and Test with Bazel	Build main app	2025-11-28T01:44:13.1159770Z INFO: From Linking PoemOfTheDay_bin:
Build and Test with Bazel	Build main app	2025-11-28T01:44:13.1160940Z warning: no debug symbols in executable (-arch arm64)
Build and Test with Bazel	Build main app	2025-11-28T01:44:13.1233920Z [71 / 76] [Prepa] Creating symlink PoemOfTheDay_lipobin
Build and Test with Bazel	Build main app	2025-11-28T01:44:14.6646300Z INFO: Found 1 target...
Build and Test with Bazel	Build main app	2025-11-28T01:44:14.6874460Z Target //:PoemOfTheDay up-to-date:
Build and Test with Bazel	Build main app	2025-11-28T01:44:14.6880100Z   bazel-bin/PoemOfTheDay.ipa
Build and Test with Bazel	Build main app	2025-11-28T01:44:14.6880640Z   bazel-bin/PoemOfTheDay.app.dSYM/Contents/Resources/DWARF/PoemOfTheDay
Build and Test with Bazel	Build main app	2025-11-28T01:44:14.6881260Z   bazel-bin/PoemOfTheDay.app.dSYM/Contents/Info.plist
Build and Test with Bazel	Build main app	2025-11-28T01:44:14.7160770Z INFO: Elapsed time: 72.473s, Critical Path: 41.59s
Build and Test with Bazel	Build main app	2025-11-28T01:44:14.7161390Z INFO: 76 processes: 40 internal, 33 darwin-sandbox, 2 local, 1 worker.
Build and Test with Bazel	Build main app	2025-11-28T01:44:14.7161780Z INFO: Build completed successfully, 76 total actions
Build and Test with Bazel	Build widget extension	ï»¿2025-11-28T01:44:14.8010410Z ##[group]Run cd "Poem of the Day"
Build and Test with Bazel	Build widget extension	2025-11-28T01:44:14.8010990Z [36;1mcd "Poem of the Day"[0m
Build and Test with Bazel	Build widget extension	2025-11-28T01:44:14.8011350Z [36;1mbazelisk build //Poem\ of\ the\ Day\ Widget:PoemOfTheDayWidget[0m
Build and Test with Bazel	Build widget extension	2025-11-28T01:44:14.8988780Z shell: /bin/bash -e {0}
Build and Test with Bazel	Build widget extension	2025-11-28T01:44:14.8989110Z ##[endgroup]
Build and Test with Bazel	Build widget extension	2025-11-28T01:44:15.0254380Z INFO: Options provided by the client:
Build and Test with Bazel	Build widget extension	2025-11-28T01:44:15.0258640Z   Inherited 'common' options: --isatty=0 --terminal_columns=80
Build and Test with Bazel	Build widget extension	2025-11-28T01:44:15.0259400Z INFO: Reading rc options for 'build' from /Users/runner/work/Poem-of-the-Day/Poem-of-the-Day/.bazelrc:
Build and Test with Bazel	Build widget extension	2025-11-28T01:44:15.0260620Z   'build' options: --announce_rc --verbose_failures --apple_platform_type=ios --ios_minimum_os=17.0 --apple_generate_dsym --symlink_prefix=bazel- --experimental_reuse_sandbox_directories --worker_sandboxing
Build and Test with Bazel	Build widget extension	2025-11-28T01:44:15.1126800Z Computing main repo mapping: 
Build and Test with Bazel	Build widget extension	2025-11-28T01:44:15.1775590Z Loading: 
Build and Test with Bazel	Build widget extension	2025-11-28T01:44:15.1776320Z Loading: 0 packages loaded
Build and Test with Bazel	Build widget extension	2025-11-28T01:44:15.2780230Z Analyzing: target //Poem of the Day Widget:PoemOfTheDayWidget (1 packages loaded, 0 targets configured)
Build and Test with Bazel	Build widget extension	2025-11-28T01:44:15.2899350Z Analyzing: target //Poem of the Day Widget:PoemOfTheDayWidget (1 packages loaded, 0 targets configured)
Build and Test with Bazel	Build widget extension	2025-11-28T01:44:15.3012210Z 
Build and Test with Bazel	Build widget extension	2025-11-28T01:44:15.8404530Z INFO: Analyzed target //Poem of the Day Widget:PoemOfTheDayWidget (33 packages loaded, 336 targets configured).
Build and Test with Bazel	Build widget extension	2025-11-28T01:44:16.3152880Z [59 / 71] ProcessEntitlementsFiles Poem of the Day Widget/PoemOfTheDayWidget_entitlements.entitlements; 0s darwin-sandbox ... (3 actions, 2 running)
Build and Test with Bazel	Build widget extension	2025-11-28T01:44:18.3300030Z [63 / 71] Compiling Swift module //Poem of the Day Widget:WidgetLib; 1s worker
Build and Test with Bazel	Build widget extension	2025-11-28T01:44:22.6772830Z [64 / 71] [Prepa] Linking Poem of the Day Widget/libWidgetLib.a
Build and Test with Bazel	Build widget extension	2025-11-28T01:44:23.0464680Z INFO: From Linking Poem of the Day Widget/PoemOfTheDayWidget_bin:
Build and Test with Bazel	Build widget extension	2025-11-28T01:44:23.0470310Z warning: no debug symbols in executable (-arch arm64)
Build and Test with Bazel	Build widget extension	2025-11-28T01:44:23.1432570Z INFO: From Copy DWARF into dSYM `Poem of the Day Widget/PoemOfTheDayWidget_bin.dwarf`:
Build and Test with Bazel	Build widget extension	2025-11-28T01:44:23.1538820Z stat: bazel-out/ios_sim_arm64-fastbuild-ios-sim_arm64-min17.0-applebin_ios-ST-f3259bc0b2ed/bin/Poem: stat: No such file or directory
Build and Test with Bazel	Build widget extension	2025-11-28T01:44:23.1640300Z stat: of: stat: No such file or directory
Build and Test with Bazel	Build widget extension	2025-11-28T01:44:23.1741450Z stat: the: stat: No such file or directory
Build and Test with Bazel	Build widget extension	2025-11-28T01:44:23.1842520Z stat: Day: stat: No such file or directory
Build and Test with Bazel	Build widget extension	2025-11-28T01:44:23.1943790Z stat: Widget/PoemOfTheDayWidget_bin.dwarf: stat: No such file or directory
Build and Test with Bazel	Build widget extension	2025-11-28T01:44:23.2045200Z stat: Widget/PoemOfTheDayWidget.appex.dSYM/Contents/Resources/DWARF: stat: No such file or directory
Build and Test with Bazel	Build widget extension	2025-11-28T01:44:23.6852310Z [70 / 71] Processing and signing PoemOfTheDayWidget; 0s local
Build and Test with Bazel	Build widget extension	2025-11-28T01:44:23.6884120Z INFO: Found 1 target...
Build and Test with Bazel	Build widget extension	2025-11-28T01:44:23.6903720Z Target //Poem of the Day Widget:PoemOfTheDayWidget up-to-date:
Build and Test with Bazel	Build widget extension	2025-11-28T01:44:23.6943460Z   bazel-bin/Poem of the Day Widget/PoemOfTheDayWidget.zip
Build and Test with Bazel	Build widget extension	2025-11-28T01:44:23.6961380Z   bazel-bin/Poem of the Day Widget/PoemOfTheDayWidget.appex.dSYM/Contents/Resources/DWARF/PoemOfTheDayWidget
Build and Test with Bazel	Build widget extension	2025-11-28T01:44:23.6980690Z   bazel-bin/Poem of the Day Widget/PoemOfTheDayWidget.appex.dSYM/Contents/Info.plist
Build and Test with Bazel	Build widget extension	2025-11-28T01:44:23.6982130Z INFO: Elapsed time: 8.706s, Critical Path: 7.34s
Build and Test with Bazel	Build widget extension	2025-11-28T01:44:23.6983130Z INFO: 22 processes: 11 internal, 9 darwin-sandbox, 1 local, 1 worker.
Build and Test with Bazel	Build widget extension	2025-11-28T01:44:23.6984120Z INFO: Build completed successfully, 22 total actions
Build and Test with Bazel	Run unit tests	ï»¿2025-11-28T01:44:23.7314200Z ##[group]Run cd "Poem of the Day"
Build and Test with Bazel	Run unit tests	2025-11-28T01:44:23.7314470Z [36;1mcd "Poem of the Day"[0m
Build and Test with Bazel	Run unit tests	2025-11-28T01:44:23.7315920Z [36;1mbazelisk test --config=ci //PoemOfTheDayTests:PoemOfTheDayTests[0m
Build and Test with Bazel	Run unit tests	2025-11-28T01:44:23.7354360Z shell: /bin/bash -e {0}
Build and Test with Bazel	Run unit tests	2025-11-28T01:44:23.7354590Z ##[endgroup]
Build and Test with Bazel	Run unit tests	2025-11-28T01:44:23.8127710Z INFO: Options provided by the client:
Build and Test with Bazel	Run unit tests	2025-11-28T01:44:23.8250460Z   Inherited 'common' options: --isatty=0 --terminal_columns=80
Build and Test with Bazel	Run unit tests	2025-11-28T01:44:23.8350760Z INFO: Reading rc options for 'test' from /Users/runner/work/Poem-of-the-Day/Poem-of-the-Day/.bazelrc:
Build and Test with Bazel	Run unit tests	2025-11-28T01:44:23.8352940Z   Inherited 'build' options: --announce_rc --verbose_failures --apple_platform_type=ios --ios_minimum_os=17.0 --apple_generate_dsym --symlink_prefix=bazel- --experimental_reuse_sandbox_directories --worker_sandboxing
Build and Test with Bazel	Run unit tests	2025-11-28T01:44:23.8493780Z INFO: Reading rc options for 'test' from /Users/runner/work/Poem-of-the-Day/Poem-of-the-Day/.bazelrc:
Build and Test with Bazel	Run unit tests	2025-11-28T01:44:23.8649640Z   'test' options: --test_output=errors --ios_multi_cpus=sim_arm64 --ios_simulator_device=iPhone 15 Pro --ios_simulator_version=26.1 --test_timeout=900 --test_env=OS_ACTIVITY_MODE=disable
Build and Test with Bazel	Run unit tests	2025-11-28T01:44:23.8755860Z INFO: Found applicable config definition test:ci in file /Users/runner/work/Poem-of-the-Day/Poem-of-the-Day/.bazelrc: --ios_simulator_version=18.6 --test_output=all
Build and Test with Bazel	Run unit tests	2025-11-28T01:44:23.8886320Z Computing main repo mapping: 
Build and Test with Bazel	Run unit tests	2025-11-28T01:44:23.9103750Z Loading: 
Build and Test with Bazel	Run unit tests	2025-11-28T01:44:23.9214780Z Loading: 0 packages loaded
Build and Test with Bazel	Run unit tests	2025-11-28T01:44:23.9517810Z WARNING: Build options --ios_multi_cpus, --ios_simulator_device, --ios_simulator_version, and 1 more have changed, discarding analysis cache (this can be expensive, see https://bazel.build/advanced/performance/iteration-speed).
Build and Test with Bazel	Run unit tests	2025-11-28T01:44:23.9922030Z Analyzing: target //PoemOfTheDayTests:PoemOfTheDayTests (1 packages loaded, 0 targets configured)
Build and Test with Bazel	Run unit tests	2025-11-28T01:44:24.0058790Z Analyzing: target //PoemOfTheDayTests:PoemOfTheDayTests (1 packages loaded, 0 targets configured)
Build and Test with Bazel	Run unit tests	2025-11-28T01:44:24.0159810Z 
Build and Test with Bazel	Run unit tests	2025-11-28T01:44:24.9035010Z INFO: Analyzed target //PoemOfTheDayTests:PoemOfTheDayTests (8 packages loaded, 3652 targets configured).
Build and Test with Bazel	Run unit tests	2025-11-28T01:44:25.3097520Z [63 / 77] Creating runfiles tree bazel-out/darwin_arm64-fastbuild/bin/PoemOfTheDayTests/PoemOfTheDayTests.runfiles; 0s local ... (3 actions, 2 running)
Build and Test with Bazel	Run unit tests	2025-11-28T01:44:26.9717260Z [66 / 77] AssetCatalogCompile PoemOfTheDayTests/PoemOfTheDayTests.__internal__.__test_bundle-intermediates/xcassets; 2s local ... (2 actions running)
Build and Test with Bazel	Run unit tests	2025-11-28T01:44:31.1114400Z [67 / 77] Compiling Swift module //PoemOfTheDayTests:TestLib; 5s worker ... (2 actions, 1 running)
Build and Test with Bazel	Run unit tests	2025-11-28T01:44:32.3111740Z [68 / 77] Compiling Swift module //PoemOfTheDayTests:TestLib; 7s worker
Build and Test with Bazel	Run unit tests	2025-11-28T01:44:34.2296610Z INFO: From Compiling Swift module //PoemOfTheDayTests:TestLib:
Build and Test with Bazel	Run unit tests	2025-11-28T01:44:34.2298520Z PoemOfTheDayTests/Localization/LocalizationTests.swift:230:14: warning: immutable value 'system' was never used; consider replacing with '_' or removing it
Build and Test with Bazel	Run unit tests	2025-11-28T01:44:34.2304730Z 228 |         ]
Build and Test with Bazel	Run unit tests	2025-11-28T01:44:34.2305390Z 229 |         
Build and Test with Bazel	Run unit tests	2025-11-28T01:44:34.2305780Z 230 |         for (system, distance, temperature) in measurements {
Build and Test with Bazel	Run unit tests	2025-11-28T01:44:34.2306380Z     |              `- warning: immutable value 'system' was never used; consider replacing with '_' or removing it
Build and Test with Bazel	Run unit tests	2025-11-28T01:44:34.2307410Z 231 |             // Test that measurement-related content is handled properly
Build and Test with Bazel	Run unit tests	2025-11-28T01:44:34.2309200Z 232 |             let measurementContent = "Distance: 10 \(distance), Temperature: 20 \(temperature)"
Build and Test with Bazel	Run unit tests	2025-11-28T01:44:34.2310480Z 
Build and Test with Bazel	Run unit tests	2025-11-28T01:44:34.2312270Z PoemOfTheDayTests/Platform/DevicePlatformTests.swift:92:29: warning: result of call to 'fulfillment(of:timeout:enforceOrder:)' is unused
Build and Test with Bazel	Run unit tests	2025-11-28T01:44:34.2316090Z  90 |         
Build and Test with Bazel	Run unit tests	2025-11-28T01:44:34.2317490Z  91 |         expectation.expectedFulfillmentCount = maxConcurrentOperations
Build and Test with Bazel	Run unit tests	2025-11-28T01:44:34.2318640Z  92 |         try await XCTWaiter.fulfillment(of: [expectation], timeout: 3.0)
Build and Test with Bazel	Run unit tests	2025-11-28T01:44:34.2320930Z     |                             `- warning: result of call to 'fulfillment(of:timeout:enforceOrder:)' is unused
Build and Test with Bazel	Run unit tests	2025-11-28T01:44:34.2321360Z  93 |     }
Build and Test with Bazel	Run unit tests	2025-11-28T01:44:34.2321600Z  94 |     
Build and Test with Bazel	Run unit tests	2025-11-28T01:44:34.2321750Z 
Build and Test with Bazel	Run unit tests	2025-11-28T01:44:34.2322120Z PoemOfTheDayTests/Platform/DevicePlatformTests.swift:80:13: warning: immutable value 'i' was never used; consider replacing with '_' or removing it
Build and Test with Bazel	Run unit tests	2025-11-28T01:44:34.2322830Z  78 |         let maxConcurrentOperations = 2
Build and Test with Bazel	Run unit tests	2025-11-28T01:44:34.2323190Z  79 |         
Build and Test with Bazel	Run unit tests	2025-11-28T01:44:34.2323440Z  80 |         for i in 0..<maxConcurrentOperations {
Build and Test with Bazel	Run unit tests	2025-11-28T01:44:34.2323940Z     |             `- warning: immutable value 'i' was never used; consider replacing with '_' or removing it
Build and Test with Bazel	Run unit tests	2025-11-28T01:44:34.2324370Z  81 |             Task {
Build and Test with Bazel	Run unit tests	2025-11-28T01:44:34.2324570Z  82 |                 do {
Build and Test with Bazel	Run unit tests	2025-11-28T01:44:34.2324820Z 
Build and Test with Bazel	Run unit tests	2025-11-28T01:44:34.2325150Z PoemOfTheDayTests/Platform/DevicePlatformTests.swift:92:9: warning: no calls to throwing functions occur within 'try' expression
Build and Test with Bazel	Run unit tests	2025-11-28T01:44:34.2325820Z  90 |         
Build and Test with Bazel	Run unit tests	2025-11-28T01:44:34.2326110Z  91 |         expectation.expectedFulfillmentCount = maxConcurrentOperations
Build and Test with Bazel	Run unit tests	2025-11-28T01:44:34.2326520Z  92 |         try await XCTWaiter.fulfillment(of: [expectation], timeout: 3.0)
Build and Test with Bazel	Run unit tests	2025-11-28T01:44:34.2327090Z     |         `- warning: no calls to throwing functions occur within 'try' expression
Build and Test with Bazel	Run unit tests	2025-11-28T01:44:34.2327520Z  93 |     }
Build and Test with Bazel	Run unit tests	2025-11-28T01:44:34.2327690Z  94 |     
Build and Test with Bazel	Run unit tests	2025-11-28T01:44:34.2327820Z 
Build and Test with Bazel	Run unit tests	2025-11-28T01:44:34.2328650Z PoemOfTheDayTests/Platform/DevicePlatformTests.swift:115:29: warning: result of call to 'fulfillment(of:timeout:enforceOrder:)' is unused
Build and Test with Bazel	Run unit tests	2025-11-28T01:44:34.2329220Z 113 |         
Build and Test with Bazel	Run unit tests	2025-11-28T01:44:34.2329420Z 114 |         expectation.fulfill()
Build and Test with Bazel	Run unit tests	2025-11-28T01:44:34.2329880Z 115 |         try await XCTWaiter.fulfillment(of: [expectation], timeout: 5.0)
Build and Test with Bazel	Run unit tests	2025-11-28T01:44:34.2330340Z     |                             `- warning: result of call to 'fulfillment(of:timeout:enforceOrder:)' is unused
Build and Test with Bazel	Run unit tests	2025-11-28T01:44:34.2330820Z 116 |     }
Build and Test with Bazel	Run unit tests	2025-11-28T01:44:34.2331020Z 117 |     
Build and Test with Bazel	Run unit tests	2025-11-28T01:44:34.2331180Z 
Build and Test with Bazel	Run unit tests	2025-11-28T01:44:34.2331540Z PoemOfTheDayTests/Platform/DevicePlatformTests.swift:103:17: warning: immutable value 'i' was never used; consider replacing with '_' or removing it
Build and Test with Bazel	Run unit tests	2025-11-28T01:44:34.2332170Z 101 |         
Build and Test with Bazel	Run unit tests	2025-11-28T01:44:34.2332400Z 102 |         await withTaskGroup(of: Void.self) { group in
Build and Test with Bazel	Run unit tests	2025-11-28T01:44:34.2332730Z 103 |             for i in 0..<maxConcurrentOperations {
Build and Test with Bazel	Run unit tests	2025-11-28T01:44:34.2333320Z     |                 `- warning: immutable value 'i' was never used; consider replacing with '_' or removing it
Build and Test with Bazel	Run unit tests	2025-11-28T01:44:34.2333860Z 104 |                 group.addTask {
Build and Test with Bazel	Run unit tests	2025-11-28T01:44:34.2334110Z 105 |                     do {
Build and Test with Bazel	Run unit tests	2025-11-28T01:44:34.2334280Z 
Build and Test with Bazel	Run unit tests	2025-11-28T01:44:34.2334680Z PoemOfTheDayTests/Platform/DevicePlatformTests.swift:115:9: warning: no calls to throwing functions occur within 'try' expression
Build and Test with Bazel	Run unit tests	2025-11-28T01:44:34.2335210Z 113 |         
Build and Test with Bazel	Run unit tests	2025-11-28T01:44:34.2335420Z 114 |         expectation.fulfill()
Build and Test with Bazel	Run unit tests	2025-11-28T01:44:34.2335800Z 115 |         try await XCTWaiter.fulfillment(of: [expectation], timeout: 5.0)
Build and Test with Bazel	Run unit tests	2025-11-28T01:44:34.2336370Z     |         `- warning: no calls to throwing functions occur within 'try' expression
Build and Test with Bazel	Run unit tests	2025-11-28T01:44:34.2336700Z 116 |     }
Build and Test with Bazel	Run unit tests	2025-11-28T01:44:34.2336880Z 117 |     
Build and Test with Bazel	Run unit tests	2025-11-28T01:44:34.2337040Z 
Build and Test with Bazel	Run unit tests	2025-11-28T01:44:34.2337480Z PoemOfTheDayTests/Security/SecurityInputValidationTests.swift:329:13: warning: immutable value 'i' was never used; consider replacing with '_' or removing it
Build and Test with Bazel	Run unit tests	2025-11-28T01:44:34.2338130Z 327 |         
Build and Test with Bazel	Run unit tests	2025-11-28T01:44:34.2338420Z 328 |         // Create multiple concurrent operations
Build and Test with Bazel	Run unit tests	2025-11-28T01:44:34.2338820Z 329 |         for i in 0..<10 {
Build and Test with Bazel	Run unit tests	2025-11-28T01:44:34.2339280Z     |             `- warning: immutable value 'i' was never used; consider replacing with '_' or removing it
Build and Test with Bazel	Run unit tests	2025-11-28T01:44:34.2339790Z 330 |             DispatchQueue.global(qos: .background).async {
Build and Test with Bazel	Run unit tests	2025-11-28T01:44:34.2340370Z 331 |                 // Test that poem properties can be safely accessed concurrently
Build and Test with Bazel	Run unit tests	2025-11-28T01:44:34.2340750Z 
Build and Test with Bazel	Run unit tests	2025-11-28T01:44:34.2341250Z PoemOfTheDayTests/ViewModels/PoemViewModelTests.swift:85:13: warning: initialization of immutable value 'vibePoem' was never used; consider replacing with assignment to '_' or removing it
Build and Test with Bazel	Run unit tests	2025-11-28T01:44:34.2342000Z  83 |     func testGenerateVibeBasedPoem() async {
Build and Test with Bazel	Run unit tests	2025-11-28T01:44:34.2342310Z  84 |         // Given
Build and Test with Bazel	Run unit tests	2025-11-28T01:44:34.2342680Z  85 |         let vibePoem = TestData.vibePoem
Build and Test with Bazel	Run unit tests	2025-11-28T01:44:34.2343270Z     |             `- warning: initialization of immutable value 'vibePoem' was never used; consider replacing with assignment to '_' or removing it
Build and Test with Bazel	Run unit tests	2025-11-28T01:44:34.2343780Z  86 |         mockRepository.isAIAvailable = true
Build and Test with Bazel	Run unit tests	2025-11-28T01:44:34.2344090Z  87 |         
Build and Test with Bazel	Run unit tests	2025-11-28T01:44:34.2425650Z [69 / 77] [Prepa] Linking PoemOfTheDayTests/libTestLib.a
Build and Test with Bazel	Run unit tests	2025-11-28T01:44:34.6519580Z INFO: From Linking PoemOfTheDayTests/PoemOfTheDayTests.__internal__.__test_bundle_bin:
Build and Test with Bazel	Run unit tests	2025-11-28T01:44:34.6520410Z warning: no debug symbols in executable (-arch arm64)
Build and Test with Bazel	Run unit tests	2025-11-28T01:44:35.3821130Z [76 / 77] [Prepa] Creating symlink PoemOfTheDayTests/PoemOfTheDayTests.zip
Build and Test with Bazel	Run unit tests	2025-11-28T01:44:36.6255080Z [77 / 78] Testing //PoemOfTheDayTests:PoemOfTheDayTests; 1s darwin-sandbox
Build and Test with Bazel	Run unit tests	2025-11-28T01:44:46.5687130Z [77 / 78] Testing //PoemOfTheDayTests:PoemOfTheDayTests; 11s darwin-sandbox
Build and Test with Bazel	Run unit tests	2025-11-28T01:44:52.4238650Z [77 / 78] Testing //PoemOfTheDayTests:PoemOfTheDayTests; 17s darwin-sandbox
Build and Test with Bazel	Run unit tests	2025-11-28T01:44:52.4813860Z INFO: From Testing //PoemOfTheDayTests:PoemOfTheDayTests:
Build and Test with Bazel	Run unit tests	2025-11-28T01:44:52.4816740Z ==================== Test output for //PoemOfTheDayTests:PoemOfTheDayTests:
Build and Test with Bazel	Run unit tests	2025-11-28T01:44:52.4818510Z 2025-11-28 01:44:38,429 Creating a new simulator:
Build and Test with Bazel	Run unit tests	2025-11-28T01:44:52.4819660Z Name: New-iPhone 15 Pro-18.6
Build and Test with Bazel	Run unit tests	2025-11-28T01:44:52.4820560Z OS: iOS 18.6
Build and Test with Bazel	Run unit tests	2025-11-28T01:44:52.4820920Z Type: iPhone 15 Pro
Build and Test with Bazel	Run unit tests	2025-11-28T01:44:52.4826940Z 2025-11-28 01:44:39,326 Created new simulator 09752189-E2E1-47F4-B97F-BC97003E1144.
Build and Test with Bazel	Run unit tests	2025-11-28T01:44:52.4829100Z 2025-11-28 01:44:39,326 Will consider the test as test type Logic Test to run. Because the app under test is not given.
Build and Test with Bazel	Run unit tests	2025-11-28T01:44:52.4829620Z Test Suite 'All tests' started at 2025-11-28 01:44:41.363.
Build and Test with Bazel	Run unit tests	2025-11-28T01:44:52.4830220Z Test Suite 'PoemOfTheDayTests.xctest' started at 2025-11-28 01:44:41.390.
Build and Test with Bazel	Run unit tests	2025-11-28T01:44:52.4901970Z Test Suite 'DevicePlatformTests' started at 2025-11-28 01:44:41.390.
Build and Test with Bazel	Run unit tests	2025-11-28T01:44:52.4902730Z Test Case '-[PoemOfTheDayTests.DevicePlatformTests testCellularDataOptimizations]' started.
Build and Test with Bazel	Run unit tests	2025-11-28T01:44:52.4903480Z Test Case '-[PoemOfTheDayTests.DevicePlatformTests testCellularDataOptimizations]' passed (0.037 seconds).
Build and Test with Bazel	Run unit tests	2025-11-28T01:44:52.4904310Z Test Case '-[PoemOfTheDayTests.DevicePlatformTests testDifferentScreenSizeLayouts]' started.
Build and Test with Bazel	Run unit tests	2025-11-28T01:44:52.4905030Z Test Case '-[PoemOfTheDayTests.DevicePlatformTests testDifferentScreenSizeLayouts]' passed (0.001 seconds).
Build and Test with Bazel	Run unit tests	2025-11-28T01:44:52.4905770Z Test Case '-[PoemOfTheDayTests.DevicePlatformTests testDynamicTypeScaling]' started.
Build and Test with Bazel	Run unit tests	2025-11-28T01:44:52.4906360Z Test Case '-[PoemOfTheDayTests.DevicePlatformTests testDynamicTypeScaling]' passed (0.000 seconds).
Build and Test with Bazel	Run unit tests	2025-11-28T01:44:52.4906960Z Test Case '-[PoemOfTheDayTests.DevicePlatformTests testHighEndDeviceOptimizations]' started.
Build and Test with Bazel	Run unit tests	2025-11-28T01:44:52.4907610Z Test Case '-[PoemOfTheDayTests.DevicePlatformTests testHighEndDeviceOptimizations]' passed (0.006 seconds).
Build and Test with Bazel	Run unit tests	2025-11-28T01:44:52.4908360Z Test Case '-[PoemOfTheDayTests.DevicePlatformTests testLowEndDevicePerformance]' started.
Build and Test with Bazel	Run unit tests	2025-11-28T01:44:52.4909120Z Test Case '-[PoemOfTheDayTests.DevicePlatformTests testLowEndDevicePerformance]' passed (0.000 seconds).
Build and Test with Bazel	Run unit tests	2025-11-28T01:44:52.4909840Z Test Case '-[PoemOfTheDayTests.DevicePlatformTests testLowPowerModeOptimizations]' started.
Build and Test with Bazel	Run unit tests	2025-11-28T01:44:52.4910730Z Test Case '-[PoemOfTheDayTests.DevicePlatformTests testLowPowerModeOptimizations]' passed (0.000 seconds).
Build and Test with Bazel	Run unit tests	2025-11-28T01:44:52.4918730Z Test Case '-[PoemOfTheDayTests.DevicePlatformTests testOrientationChangeHandling]' started.
Build and Test with Bazel	Run unit tests	2025-11-28T01:44:52.4919260Z Test Case '-[PoemOfTheDayTests.DevicePlatformTests testOrientationChangeHandling]' passed (0.000 seconds).
Build and Test with Bazel	Run unit tests	2025-11-28T01:44:52.4919860Z Test Case '-[PoemOfTheDayTests.DevicePlatformTests testSwitchControlSupport]' started.
Build and Test with Bazel	Run unit tests	2025-11-28T01:44:52.4920350Z Test Case '-[PoemOfTheDayTests.DevicePlatformTests testSwitchControlSupport]' passed (0.000 seconds).
Build and Test with Bazel	Run unit tests	2025-11-28T01:44:52.4920930Z Test Case '-[PoemOfTheDayTests.DevicePlatformTests testThermalStateHandling]' started.
Build and Test with Bazel	Run unit tests	2025-11-28T01:44:52.4921730Z Test Case '-[PoemOfTheDayTests.DevicePlatformTests testThermalStateHandling]' passed (0.000 seconds).
Build and Test with Bazel	Run unit tests	2025-11-28T01:44:52.4922360Z Test Case '-[PoemOfTheDayTests.DevicePlatformTests testVoiceOverIntegration]' started.
Build and Test with Bazel	Run unit tests	2025-11-28T01:44:52.4922980Z Test Case '-[PoemOfTheDayTests.DevicePlatformTests testVoiceOverIntegration]' passed (0.000 seconds).
Build and Test with Bazel	Run unit tests	2025-11-28T01:44:52.4923540Z Test Suite 'DevicePlatformTests' passed at 2025-11-28 01:44:41.436.
Build and Test with Bazel	Run unit tests	2025-11-28T01:44:52.4924100Z 	 Executed 10 tests, with 0 failures (0 unexpected) in 0.046 (0.046) seconds
Build and Test with Bazel	Run unit tests	2025-11-28T01:44:52.4924510Z Test Suite 'LocalizationTests' started at 2025-11-28 01:44:41.436.
Build and Test with Bazel	Run unit tests	2025-11-28T01:44:52.4925060Z Test Case '-[PoemOfTheDayTests.LocalizationTests testCulturallyAppropriatePoemContent]' started.
Build and Test with Bazel	Run unit tests	2025-11-28T01:44:52.4925840Z Test Case '-[PoemOfTheDayTests.LocalizationTests testCulturallyAppropriatePoemContent]' passed (0.002 seconds).
Build and Test with Bazel	Run unit tests	2025-11-28T01:44:52.4926360Z Test Case '-[PoemOfTheDayTests.LocalizationTests testInputMethodSupport]' started.
Build and Test with Bazel	Run unit tests	2025-11-28T01:44:52.4927490Z Test Case '-[PoemOfTheDayTests.LocalizationTests testInputMethodSupport]' passed (0.006 seconds).
Build and Test with Bazel	Run unit tests	2025-11-28T01:44:52.4928210Z Test Case '-[PoemOfTheDayTests.LocalizationTests testInternationalPoemContent]' started.
Build and Test with Bazel	Run unit tests	2025-11-28T01:44:52.4928740Z Test Case '-[PoemOfTheDayTests.LocalizationTests testInternationalPoemContent]' passed (0.008 seconds).
Build and Test with Bazel	Run unit tests	2025-11-28T01:44:52.4929370Z INFO: Found 1 test target...
Build and Test with Bazel	Run unit tests	2025-11-28T01:44:52.4929810Z Test Case '-[PoemOfTheDayTests.LocalizationTests testLocalizedAccessibilityLabels]' started.
Build and Test with Bazel	Run unit tests	2025-11-28T01:44:52.4930430Z Test Case '-[PoemOfTheDayTests.LocalizationTests testLocalizedAccessibilityLabels]' passed (0.000 seconds).
Build and Test with Bazel	Run unit tests	2025-11-28T01:44:52.4931090Z Test Case '-[PoemOfTheDayTests.LocalizationTests testRegionalDateFormatting]' started.
Build and Test with Bazel	Run unit tests	2025-11-28T01:44:52.4931820Z Test Case '-[PoemOfTheDayTests.LocalizationTests testRegionalDateFormatting]' passed (0.021 seconds).
Build and Test with Bazel	Run unit tests	2025-11-28T01:44:52.4932420Z Test Case '-[PoemOfTheDayTests.LocalizationTests testRegionalMeasurements]' started.
Build and Test with Bazel	Run unit tests	2025-11-28T01:44:52.4932970Z Test Case '-[PoemOfTheDayTests.LocalizationTests testRegionalMeasurements]' passed (0.000 seconds).
Build and Test with Bazel	Run unit tests	2025-11-28T01:44:52.4933530Z Test Case '-[PoemOfTheDayTests.LocalizationTests testRegionalNumberFormatting]' started.
Build and Test with Bazel	Run unit tests	2025-11-28T01:44:52.4934070Z Test Case '-[PoemOfTheDayTests.LocalizationTests testRegionalNumberFormatting]' passed (0.001 seconds).
Build and Test with Bazel	Run unit tests	2025-11-28T01:44:52.4934680Z Test Case '-[PoemOfTheDayTests.LocalizationTests testRightToLeftLanguageSupport]' started.
Build and Test with Bazel	Run unit tests	2025-11-28T01:44:52.4935230Z Test Case '-[PoemOfTheDayTests.LocalizationTests testRightToLeftLanguageSupport]' passed (0.003 seconds).
Build and Test with Bazel	Run unit tests	2025-11-28T01:44:52.4935850Z Test Case '-[PoemOfTheDayTests.LocalizationTests testTimeZoneHandling]' started.
Build and Test with Bazel	Run unit tests	2025-11-28T01:44:52.4936440Z Test Case '-[PoemOfTheDayTests.LocalizationTests testTimeZoneHandling]' passed (0.003 seconds).
Build and Test with Bazel	Run unit tests	2025-11-28T01:44:52.4936950Z Test Suite 'LocalizationTests' passed at 2025-11-28 01:44:41.482.
Build and Test with Bazel	Run unit tests	2025-11-28T01:44:52.4937400Z 	 Executed 9 tests, with 0 failures (0 unexpected) in 0.046 (0.046) seconds
Build and Test with Bazel	Run unit tests	2025-11-28T01:44:52.4937910Z Test Suite 'NetworkServiceTests' started at 2025-11-28 01:44:41.482.
Build and Test with Bazel	Run unit tests	2025-11-28T01:44:52.4938410Z Test Case '-[PoemOfTheDayTests.NetworkServiceTests testFetchRandomPoem_NetworkError]' started.
Build and Test with Bazel	Run unit tests	2025-11-28T01:44:52.4939010Z Test Case '-[PoemOfTheDayTests.NetworkServiceTests testFetchRandomPoem_NetworkError]' passed (0.000 seconds).
Build and Test with Bazel	Run unit tests	2025-11-28T01:44:52.4939990Z Test Case '-[PoemOfTheDayTests.NetworkServiceTests testFetchRandomPoem_NoPoems]' started.
Build and Test with Bazel	Run unit tests	2025-11-28T01:44:52.4940590Z Test Case '-[PoemOfTheDayTests.NetworkServiceTests testFetchRandomPoem_NoPoems]' passed (0.000 seconds).
Build and Test with Bazel	Run unit tests	2025-11-28T01:44:52.4941210Z Test Case '-[PoemOfTheDayTests.NetworkServiceTests testFetchRandomPoem_RateLimited]' started.
Build and Test with Bazel	Run unit tests	2025-11-28T01:44:52.4941780Z Test Case '-[PoemOfTheDayTests.NetworkServiceTests testFetchRandomPoem_RateLimited]' passed (0.000 seconds).
Build and Test with Bazel	Run unit tests	2025-11-28T01:44:52.4942400Z Test Case '-[PoemOfTheDayTests.NetworkServiceTests testFetchRandomPoem_ServerError]' started.
Build and Test with Bazel	Run unit tests	2025-11-28T01:44:52.4942990Z Test Case '-[PoemOfTheDayTests.NetworkServiceTests testFetchRandomPoem_ServerError]' passed (0.000 seconds).
Build and Test with Bazel	Run unit tests	2025-11-28T01:44:52.4943630Z Test Case '-[PoemOfTheDayTests.NetworkServiceTests testFetchRandomPoem_Success]' started.
Build and Test with Bazel	Run unit tests	2025-11-28T01:44:52.4944240Z Test Case '-[PoemOfTheDayTests.NetworkServiceTests testFetchRandomPoem_Success]' passed (0.000 seconds).
Build and Test with Bazel	Run unit tests	2025-11-28T01:44:52.4944780Z Test Case '-[PoemOfTheDayTests.NetworkServiceTests testFetchRandomPoem_WithDelay]' started.
Build and Test with Bazel	Run unit tests	2025-11-28T01:44:52.4945420Z Test Case '-[PoemOfTheDayTests.NetworkServiceTests testFetchRandomPoem_WithDelay]' passed (0.437 seconds).
Build and Test with Bazel	Run unit tests	2025-11-28T01:44:52.4945980Z Test Suite 'NetworkServiceTests' passed at 2025-11-28 01:44:41.920.
Build and Test with Bazel	Run unit tests	2025-11-28T01:44:52.4946320Z 	 Executed 6 tests, with 0 failures (0 unexpected) in 0.438 (0.438) seconds
Build and Test with Bazel	Run unit tests	2025-11-28T01:44:52.4946740Z Test Suite 'NewsServiceTests' started at 2025-11-28 01:44:41.920.
Build and Test with Bazel	Run unit tests	2025-11-28T01:44:52.4947340Z Test Case '-[PoemOfTheDayTests.NewsServiceTests testFetchDailyNews_EmptyResult]' started.
Build and Test with Bazel	Run unit tests	2025-11-28T01:44:52.4947950Z Test Case '-[PoemOfTheDayTests.NewsServiceTests testFetchDailyNews_EmptyResult]' passed (0.000 seconds).
Build and Test with Bazel	Run unit tests	2025-11-28T01:44:52.4948570Z Test Case '-[PoemOfTheDayTests.NewsServiceTests testFetchDailyNews_NetworkError]' started.
Build and Test with Bazel	Run unit tests	2025-11-28T01:44:52.4949240Z Test Case '-[PoemOfTheDayTests.NewsServiceTests testFetchDailyNews_NetworkError]' passed (0.000 seconds).
Build and Test with Bazel	Run unit tests	2025-11-28T01:44:52.4949960Z Test Case '-[PoemOfTheDayTests.NewsServiceTests testFetchDailyNews_NoArticles]' started.
Build and Test with Bazel	Run unit tests	2025-11-28T01:44:52.4950480Z Test Case '-[PoemOfTheDayTests.NewsServiceTests testFetchDailyNews_NoArticles]' passed (0.000 seconds).
Build and Test with Bazel	Run unit tests	2025-11-28T01:44:52.4951120Z Test Case '-[PoemOfTheDayTests.NewsServiceTests testFetchDailyNews_RateLimited]' started.
Build and Test with Bazel	Run unit tests	2025-11-28T01:44:52.4951750Z Test Case '-[PoemOfTheDayTests.NewsServiceTests testFetchDailyNews_RateLimited]' passed (0.001 seconds).
Build and Test with Bazel	Run unit tests	2025-11-28T01:44:52.4952390Z Test Case '-[PoemOfTheDayTests.NewsServiceTests testFetchDailyNews_ServerError]' started.
Build and Test with Bazel	Run unit tests	2025-11-28T01:44:52.4953070Z Test Case '-[PoemOfTheDayTests.NewsServiceTests testFetchDailyNews_ServerError]' passed (0.001 seconds).
Build and Test with Bazel	Run unit tests	2025-11-28T01:44:52.4953680Z Test Case '-[PoemOfTheDayTests.NewsServiceTests testFetchDailyNews_Success]' started.
Build and Test with Bazel	Run unit tests	2025-11-28T01:44:52.4954280Z Test Case '-[PoemOfTheDayTests.NewsServiceTests testFetchDailyNews_Success]' passed (0.003 seconds).
Build and Test with Bazel	Run unit tests	2025-11-28T01:44:52.4954970Z Test Case '-[PoemOfTheDayTests.NewsServiceTests testFetchDailyNews_WithDelay]' started.
Build and Test with Bazel	Run unit tests	2025-11-28T01:44:52.4955530Z Test Case '-[PoemOfTheDayTests.NewsServiceTests testFetchDailyNews_WithDelay]' passed (0.249 seconds).
Build and Test with Bazel	Run unit tests	2025-11-28T01:44:52.4956100Z Test Case '-[PoemOfTheDayTests.NewsServiceTests testNewsArticleProperties]' started.
Build and Test with Bazel	Run unit tests	2025-11-28T01:44:52.4956650Z Test Case '-[PoemOfTheDayTests.NewsServiceTests testNewsArticleProperties]' passed (0.002 seconds).
Build and Test with Bazel	Run unit tests	2025-11-28T01:44:52.4957310Z Test Case '-[PoemOfTheDayTests.NewsServiceTests testNewsSourceProperties]' started.
Build and Test with Bazel	Run unit tests	2025-11-28T01:44:52.4957920Z Test Case '-[PoemOfTheDayTests.NewsServiceTests testNewsSourceProperties]' passed (0.000 seconds).
Build and Test with Bazel	Run unit tests	2025-11-28T01:44:52.4958460Z Test Suite 'NewsServiceTests' passed at 2025-11-28 01:44:42.178.
Build and Test with Bazel	Run unit tests	2025-11-28T01:44:52.4958950Z 	 Executed 9 tests, with 0 failures (0 unexpected) in 0.257 (0.257) seconds
Build and Test with Bazel	Run unit tests	2025-11-28T01:44:52.4959360Z Test Suite 'PoemRepositoryTests' started at 2025-11-28 01:44:42.178.
Build and Test with Bazel	Run unit tests	2025-11-28T01:44:52.4960150Z Test Case '-[PoemOfTheDayTests.PoemRepositoryTests testAddToFavorites]' started.
Build and Test with Bazel	Run unit tests	2025-11-28T01:44:52.4960720Z Test Case '-[PoemOfTheDayTests.PoemRepositoryTests testAddToFavorites]' passed (0.002 seconds).
Build and Test with Bazel	Run unit tests	2025-11-28T01:44:52.4961430Z Test Case '-[PoemOfTheDayTests.PoemRepositoryTests testCheckAIAvailability]' started.
Build and Test with Bazel	Run unit tests	2025-11-28T01:44:52.4970390Z Test Case '-[PoemOfTheDayTests.PoemRepositoryTests testCheckAIAvailability]' passed (0.000 seconds).
Build and Test with Bazel	Run unit tests	2025-11-28T01:44:52.4970950Z Test Case '-[PoemOfTheDayTests.PoemRepositoryTests testGenerateCustomPoem]' started.
Build and Test with Bazel	Run unit tests	2025-11-28T01:44:52.4971460Z Test Case '-[PoemOfTheDayTests.PoemRepositoryTests testGenerateCustomPoem]' passed (0.007 seconds).
Build and Test with Bazel	Run unit tests	2025-11-28T01:44:52.4972130Z Test Case '-[PoemOfTheDayTests.PoemRepositoryTests testGenerateVibeBasedPoem]' started.
Build and Test with Bazel	Run unit tests	2025-11-28T01:44:52.4972780Z Test Case '-[PoemOfTheDayTests.PoemRepositoryTests testGenerateVibeBasedPoem]' passed (0.007 seconds).
Build and Test with Bazel	Run unit tests	2025-11-28T01:44:52.4976800Z Test Case '-[PoemOfTheDayTests.PoemRepositoryTests testGetDailyPoem_NetworkError]' started.
Build and Test with Bazel	Run unit tests	2025-11-28T01:44:52.4977550Z Test Case '-[PoemOfTheDayTests.PoemRepositoryTests testGetDailyPoem_NetworkError]' passed (0.000 seconds).
Build and Test with Bazel	Run unit tests	2025-11-28T01:44:52.4978250Z Test Case '-[PoemOfTheDayTests.PoemRepositoryTests testGetDailyPoem_Success]' started.
Build and Test with Bazel	Run unit tests	2025-11-28T01:44:52.4978770Z Test Case '-[PoemOfTheDayTests.PoemRepositoryTests testGetDailyPoem_Success]' passed (0.001 seconds).
Build and Test with Bazel	Run unit tests	2025-11-28T01:44:52.4979370Z Test Case '-[PoemOfTheDayTests.PoemRepositoryTests testGetFavoritePoems]' started.
Build and Test with Bazel	Run unit tests	2025-11-28T01:44:52.4980390Z Test Case '-[PoemOfTheDayTests.PoemRepositoryTests testGetFavoritePoems]' passed (0.000 seconds).
Build and Test with Bazel	Run unit tests	2025-11-28T01:44:52.4989880Z Test Case '-[PoemOfTheDayTests.PoemRepositoryTests testRefreshDailyPoem]' started.
Build and Test with Bazel	Run unit tests	2025-11-28T01:44:52.4992540Z Test Case '-[PoemOfTheDayTests.PoemRepositoryTests testRefreshDailyPoem]' passed (0.001 seconds).
Build and Test with Bazel	Run unit tests	2025-11-28T01:44:52.4993180Z Test Case '-[PoemOfTheDayTests.PoemRepositoryTests testRemoveFromFavorites]' started.
Build and Test with Bazel	Run unit tests	2025-11-28T01:44:52.4993710Z Test Case '-[PoemOfTheDayTests.PoemRepositoryTests testRemoveFromFavorites]' passed (0.000 seconds).
Build and Test with Bazel	Run unit tests	2025-11-28T01:44:52.4994310Z Test Case '-[PoemOfTheDayTests.PoemRepositoryTests testTelemetryTracking]' started.
Build and Test with Bazel	Run unit tests	2025-11-28T01:44:52.4994960Z Test Case '-[PoemOfTheDayTests.PoemRepositoryTests testTelemetryTracking]' passed (0.000 seconds).
Build and Test with Bazel	Run unit tests	2025-11-28T01:44:52.4995480Z Test Suite 'PoemRepositoryTests' passed at 2025-11-28 01:44:42.197.
Build and Test with Bazel	Run unit tests	2025-11-28T01:44:52.4996120Z 	 Executed 10 tests, with 0 failures (0 unexpected) in 0.018 (0.019) seconds
Build and Test with Bazel	Run unit tests	2025-11-28T01:44:52.4996670Z Test Suite 'PoemTests' started at 2025-11-28 01:44:42.197.
Build and Test with Bazel	Run unit tests	2025-11-28T01:44:52.4997110Z Test Case '-[PoemOfTheDayTests.PoemTests testEmptyAuthorHandling]' started.
Build and Test with Bazel	Run unit tests	2025-11-28T01:44:52.4997720Z Test Case '-[PoemOfTheDayTests.PoemTests testEmptyAuthorHandling]' passed (0.000 seconds).
Build and Test with Bazel	Run unit tests	2025-11-28T01:44:52.4998210Z Test Case '-[PoemOfTheDayTests.PoemTests testPoemCoding]' started.
Build and Test with Bazel	Run unit tests	2025-11-28T01:44:52.4998700Z Test Case '-[PoemOfTheDayTests.PoemTests testPoemCoding]' passed (0.000 seconds).
Build and Test with Bazel	Run unit tests	2025-11-28T01:44:52.4999170Z Test Case '-[PoemOfTheDayTests.PoemTests testPoemContent]' started.
Build and Test with Bazel	Run unit tests	2025-11-28T01:44:52.4999600Z Test Case '-[PoemOfTheDayTests.PoemTests testPoemContent]' passed (0.000 seconds).
Build and Test with Bazel	Run unit tests	2025-11-28T01:44:52.5000050Z Test Case '-[PoemOfTheDayTests.PoemTests testPoemEquality]' started.
Build and Test with Bazel	Run unit tests	2025-11-28T01:44:52.5000430Z Test Case '-[PoemOfTheDayTests.PoemTests testPoemEquality]' passed (0.000 seconds).
Build and Test with Bazel	Run unit tests	2025-11-28T01:44:52.5000830Z Test Case '-[PoemOfTheDayTests.PoemTests testPoemInitialization]' started.
Build and Test with Bazel	Run unit tests	2025-11-28T01:44:52.5001230Z Test Case '-[PoemOfTheDayTests.PoemTests testPoemInitialization]' passed (0.001 seconds).
Build and Test with Bazel	Run unit tests	2025-11-28T01:44:52.5001790Z Test Case '-[PoemOfTheDayTests.PoemTests testPoemResponseConversion]' started.
Build and Test with Bazel	Run unit tests	2025-11-28T01:44:52.5002310Z Test Case '-[PoemOfTheDayTests.PoemTests testPoemResponseConversion]' passed (0.000 seconds).
Build and Test with Bazel	Run unit tests	2025-11-28T01:44:52.5003350Z Test Case '-[PoemOfTheDayTests.PoemTests testPoemShareText]' started.
Build and Test with Bazel	Run unit tests	2025-11-28T01:44:52.5003870Z Test Case '-[PoemOfTheDayTests.PoemTests testPoemShareText]' passed (0.000 seconds).
Build and Test with Bazel	Run unit tests	2025-11-28T01:44:52.5004360Z Test Case '-[PoemOfTheDayTests.PoemTests testPoemWithoutAuthor]' started.
Build and Test with Bazel	Run unit tests	2025-11-28T01:44:52.5004820Z Test Case '-[PoemOfTheDayTests.PoemTests testPoemWithoutAuthor]' passed (0.000 seconds).
Build and Test with Bazel	Run unit tests	2025-11-28T01:44:52.5005300Z Test Suite 'PoemTests' passed at 2025-11-28 01:44:42.199.
Build and Test with Bazel	Run unit tests	2025-11-28T01:44:52.5005610Z 	 Executed 8 tests, with 0 failures (0 unexpected) in 0.002 (0.002) seconds
Build and Test with Bazel	Run unit tests	2025-11-28T01:44:52.5005940Z Test Suite 'PoemViewModelTests' started at 2025-11-28 01:44:42.199.
Build and Test with Bazel	Run unit tests	2025-11-28T01:44:52.5006450Z Test Case '-[PoemOfTheDayTests.PoemViewModelTests testErrorHandling]' started.
Build and Test with Bazel	Run unit tests	2025-11-28T01:44:52.5006970Z Test Case '-[PoemOfTheDayTests.PoemViewModelTests testErrorHandling]' passed (0.003 seconds).
Build and Test with Bazel	Run unit tests	2025-11-28T01:44:52.5007430Z Test Case '-[PoemOfTheDayTests.PoemViewModelTests testGenerateCustomPoem]' started.
Build and Test with Bazel	Run unit tests	2025-11-28T01:44:52.5008010Z Test Case '-[PoemOfTheDayTests.PoemViewModelTests testGenerateCustomPoem]' passed (0.000 seconds).
Build and Test with Bazel	Run unit tests	2025-11-28T01:44:52.5008570Z Test Case '-[PoemOfTheDayTests.PoemViewModelTests testGenerateVibeBasedPoem]' started.
Build and Test with Bazel	Run unit tests	2025-11-28T01:44:52.5009140Z Test Case '-[PoemOfTheDayTests.PoemViewModelTests testGenerateVibeBasedPoem]' passed (0.000 seconds).
Build and Test with Bazel	Run unit tests	2025-11-28T01:44:52.5009680Z Test Case '-[PoemOfTheDayTests.PoemViewModelTests testInitialDataLoading]' started.
Build and Test with Bazel	Run unit tests	2025-11-28T01:44:52.5010540Z Test Case '-[PoemOfTheDayTests.PoemViewModelTests testInitialDataLoading]' passed (0.000 seconds).
Build and Test with Bazel	Run unit tests	2025-11-28T01:44:52.5010980Z Test Case '-[PoemOfTheDayTests.PoemViewModelTests testIsFavorite]' started.
Build and Test with Bazel	Run unit tests	2025-11-28T01:44:52.5011400Z Test Case '-[PoemOfTheDayTests.PoemViewModelTests testIsFavorite]' passed (0.000 seconds).
Build and Test with Bazel	Run unit tests	2025-11-28T01:44:52.5011850Z Test Case '-[PoemOfTheDayTests.PoemViewModelTests testIsNotFavorite]' started.
Build and Test with Bazel	Run unit tests	2025-11-28T01:44:52.5012310Z Test Case '-[PoemOfTheDayTests.PoemViewModelTests testIsNotFavorite]' passed (0.000 seconds).
Build and Test with Bazel	Run unit tests	2025-11-28T01:44:52.5012840Z Test Case '-[PoemOfTheDayTests.PoemViewModelTests testRefreshPoem]' started.
Build and Test with Bazel	Run unit tests	2025-11-28T01:44:52.5013330Z Test Case '-[PoemOfTheDayTests.PoemViewModelTests testRefreshPoem]' passed (0.000 seconds).
Build and Test with Bazel	Run unit tests	2025-11-28T01:44:52.5013880Z Test Case '-[PoemOfTheDayTests.PoemViewModelTests testSharePoem]' started.
Build and Test with Bazel	Run unit tests	2025-11-28T01:44:52.5014370Z Test Case '-[PoemOfTheDayTests.PoemViewModelTests testSharePoem]' passed (0.000 seconds).
Build and Test with Bazel	Run unit tests	2025-11-28T01:44:52.5015030Z Test Case '-[PoemOfTheDayTests.PoemViewModelTests testToggleFavorite_AddToFavorites]' started.
Build and Test with Bazel	Run unit tests	2025-11-28T01:44:52.5021980Z Test Case '-[PoemOfTheDayTests.PoemViewModelTests testToggleFavorite_AddToFavorites]' passed (0.000 seconds).
Build and Test with Bazel	Run unit tests	2025-11-28T01:44:52.5022620Z Test Case '-[PoemOfTheDayTests.PoemViewModelTests testToggleFavorite_RemoveFromFavorites]' started.
Build and Test with Bazel	Run unit tests	2025-11-28T01:44:52.5023190Z Test Case '-[PoemOfTheDayTests.PoemViewModelTests testToggleFavorite_RemoveFromFavorites]' passed (0.000 seconds).
Build and Test with Bazel	Run unit tests	2025-11-28T01:44:52.5030620Z Test Suite 'PoemViewModelTests' passed at 2025-11-28 01:44:42.205.
Build and Test with Bazel	Run unit tests	2025-11-28T01:44:52.5031010Z 	 Executed 10 tests, with 0 failures (0 unexpected) in 0.006 (0.006) seconds
Build and Test with Bazel	Run unit tests	2025-11-28T01:44:52.5031410Z Test Suite 'Poem_of_the_DayTests' started at 2025-11-28 01:44:42.205.
Build and Test with Bazel	Run unit tests	2025-11-28T01:44:52.5031890Z Test Case '-[PoemOfTheDayTests.Poem_of_the_DayTests testExample]' started.
Build and Test with Bazel	Run unit tests	2025-11-28T01:44:52.5032360Z Test Case '-[PoemOfTheDayTests.Poem_of_the_DayTests testExample]' passed (0.000 seconds).
Build and Test with Bazel	Run unit tests	2025-11-28T01:44:52.5032810Z Test Suite 'Poem_of_the_DayTests' passed at 2025-11-28 01:44:42.205.
Build and Test with Bazel	Run unit tests	2025-11-28T01:44:52.5033130Z 	 Executed 1 test, with 0 failures (0 unexpected) in 0.000 (0.000) seconds
Build and Test with Bazel	Run unit tests	2025-11-28T01:44:52.5033550Z Test Suite 'SecurityInputValidationTests' started at 2025-11-28 01:44:42.205.
Build and Test with Bazel	Run unit tests	2025-11-28T01:44:52.5034070Z Test Case '-[PoemOfTheDayTests.SecurityInputValidationTests testConcurrentAccessSafety]' started.
Build and Test with Bazel	Run unit tests	2025-11-28T01:44:52.5035160Z Test Case '-[PoemOfTheDayTests.SecurityInputValidationTests testConcurrentAccessSafety]' passed (0.000 seconds).
Build and Test with Bazel	Run unit tests	2025-11-28T01:44:52.5035950Z Test Case '-[PoemOfTheDayTests.SecurityInputValidationTests testExcessivelyLongInputHandling]' started.
Build and Test with Bazel	Run unit tests	2025-11-28T01:44:52.5036630Z Test Case '-[PoemOfTheDayTests.SecurityInputValidationTests testExcessivelyLongInputHandling]' passed (0.100 seconds).
Build and Test with Bazel	Run unit tests	2025-11-28T01:44:52.5037340Z Test Case '-[PoemOfTheDayTests.SecurityInputValidationTests testMaliciousHTMLInjectionProtection]' started.
Build and Test with Bazel	Run unit tests	2025-11-28T01:44:52.5038140Z Test Case '-[PoemOfTheDayTests.SecurityInputValidationTests testMaliciousHTMLInjectionProtection]' passed (0.000 seconds).
Build and Test with Bazel	Run unit tests	2025-11-28T01:44:52.5038840Z Test Case '-[PoemOfTheDayTests.SecurityInputValidationTests testNetworkTimeoutSecurity]' started.
Build and Test with Bazel	Run unit tests	2025-11-28T01:44:52.5039480Z Test Case '-[PoemOfTheDayTests.SecurityInputValidationTests testNetworkTimeoutSecurity]' passed (10.025 seconds).
Build and Test with Bazel	Run unit tests	2025-11-28T01:44:52.5040100Z Test Case '-[PoemOfTheDayTests.SecurityInputValidationTests testNumericBoundaryInputs]' started.
Build and Test with Bazel	Run unit tests	2025-11-28T01:44:52.5040730Z Test Case '-[PoemOfTheDayTests.SecurityInputValidationTests testNumericBoundaryInputs]' passed (0.002 seconds).
Build and Test with Bazel	Run unit tests	2025-11-28T01:44:52.5041340Z Test Case '-[PoemOfTheDayTests.SecurityInputValidationTests testSensitiveDataProtection]' started.
Build and Test with Bazel	Run unit tests	2025-11-28T01:44:52.5042300Z Test Case '-[PoemOfTheDayTests.SecurityInputValidationTests testSensitiveDataProtection]' passed (0.001 seconds).
Build and Test with Bazel	Run unit tests	2025-11-28T01:44:52.5042970Z Test Case '-[PoemOfTheDayTests.SecurityInputValidationTests testSpecialCharacterHandling]' started.
Build and Test with Bazel	Run unit tests	2025-11-28T01:44:52.5043910Z Test Case '-[PoemOfTheDayTests.SecurityInputValidationTests testSpecialCharacterHandling]' passed (0.002 seconds).
Build and Test with Bazel	Run unit tests	2025-11-28T01:44:52.5045440Z Test Case '-[PoemOfTheDayTests.SecurityInputValidationTests testSQLInjectionProtection]' started.
Build and Test with Bazel	Run unit tests	2025-11-28T01:44:52.5047520Z Test Case '-[PoemOfTheDayTests.SecurityInputValidationTests testSQLInjectionProtection]' passed (0.001 seconds).
Build and Test with Bazel	Run unit tests	2025-11-28T01:44:52.5049320Z Test Case '-[PoemOfTheDayTests.SecurityInputValidationTests testUserDefaultsSecurityIsolation]' started.
Build and Test with Bazel	Run unit tests	2025-11-28T01:44:52.5051610Z Test Case '-[PoemOfTheDayTests.SecurityInputValidationTests testUserDefaultsSecurityIsolation]' passed (0.010 seconds).
Build and Test with Bazel	Run unit tests	2025-11-28T01:44:52.5067030Z Test Suite 'SecurityInputValidationTests' passed at 2025-11-28 01:44:52.349.
Build and Test with Bazel	Run unit tests	2025-11-28T01:44:52.5067520Z 	 Executed 9 tests, with 0 failures (0 unexpected) in 10.143 (10.144) seconds
Build and Test with Bazel	Run unit tests	2025-11-28T01:44:52.5067930Z Test Suite 'VibeAnalyzerTests' started at 2025-11-28 01:44:52.349.
Build and Test with Bazel	Run unit tests	2025-11-28T01:44:52.5068340Z Test Case '-[PoemOfTheDayTests.VibeAnalyzerTests testAnalyzeVibeEmptyNews]' started.
Build and Test with Bazel	Run unit tests	2025-11-28T01:44:52.5068890Z Test Case '-[PoemOfTheDayTests.VibeAnalyzerTests testAnalyzeVibeEmptyNews]' passed (0.007 seconds).
Build and Test with Bazel	Run unit tests	2025-11-28T01:44:52.5069370Z Test Case '-[PoemOfTheDayTests.VibeAnalyzerTests testAnalyzeVibeFromNews]' started.
Build and Test with Bazel	Run unit tests	2025-11-28T01:44:52.5069940Z Test Case '-[PoemOfTheDayTests.VibeAnalyzerTests testAnalyzeVibeFromNews]' passed (0.002 seconds).
Build and Test with Bazel	Run unit tests	2025-11-28T01:44:52.5070560Z Test Case '-[PoemOfTheDayTests.VibeAnalyzerTests testAnalyzeVibeWithContemplativeNews]' started.
Build and Test with Bazel	Run unit tests	2025-11-28T01:44:52.5071180Z Test Case '-[PoemOfTheDayTests.VibeAnalyzerTests testAnalyzeVibeWithContemplativeNews]' passed (0.001 seconds).
Build and Test with Bazel	Run unit tests	2025-11-28T01:44:52.5071800Z Test Case '-[PoemOfTheDayTests.VibeAnalyzerTests testAnalyzeVibeWithEnergeticNews]' started.
Build and Test with Bazel	Run unit tests	2025-11-28T01:44:52.5072420Z Test Case '-[PoemOfTheDayTests.VibeAnalyzerTests testAnalyzeVibeWithEnergeticNews]' passed (0.001 seconds).
Build and Test with Bazel	Run unit tests	2025-11-28T01:44:52.5080020Z Test Case '-[PoemOfTheDayTests.VibeAnalyzerTests testAnalyzeVibeWithHopefulNews]' started.
Build and Test with Bazel	Run unit tests	2025-11-28T01:44:52.5080600Z Test Case '-[PoemOfTheDayTests.VibeAnalyzerTests testAnalyzeVibeWithHopefulNews]' passed (0.001 seconds).
Build and Test with Bazel	Run unit tests	2025-11-28T01:44:52.5081200Z Test Case '-[PoemOfTheDayTests.VibeAnalyzerTests testAnalyzeVibeWithMelancholicNews]' started.
Build and Test with Bazel	Run unit tests	2025-11-28T01:44:52.5081900Z Test Case '-[PoemOfTheDayTests.VibeAnalyzerTests testAnalyzeVibeWithMelancholicNews]' passed (0.000 seconds).
Build and Test with Bazel	Run unit tests	2025-11-28T01:44:52.5082730Z Test Case '-[PoemOfTheDayTests.VibeAnalyzerTests testAnalyzeVibeWithPeacefulNews]' started.
Build and Test with Bazel	Run unit tests	2025-11-28T01:44:52.5085300Z Test Case '-[PoemOfTheDayTests.VibeAnalyzerTests testAnalyzeVibeWithPeacefulNews]' passed (0.000 seconds).
Build and Test with Bazel	Run unit tests	2025-11-28T01:44:52.5087010Z Test Case '-[PoemOfTheDayTests.VibeAnalyzerTests testBackgroundColorIntensityCalculation]' started.
Build and Test with Bazel	Run unit tests	2025-11-28T01:44:52.5088750Z Test Case '-[PoemOfTheDayTests.VibeAnalyzerTests testBackgroundColorIntensityCalculation]' passed (0.001 seconds).
Build and Test with Bazel	Run unit tests	2025-11-28T01:44:52.5090640Z Test Case '-[PoemOfTheDayTests.VibeAnalyzerTests testBackgroundColorIntensityWithDifferentConfidenceLevels]' started.
Build and Test with Bazel	Run unit tests	2025-11-28T01:44:52.5092790Z Test Case '-[PoemOfTheDayTests.VibeAnalyzerTests testBackgroundColorIntensityWithDifferentConfidenceLevels]' passed (0.001 seconds).
Build and Test with Bazel	Run unit tests	2025-11-28T01:44:52.5094600Z Test Case '-[PoemOfTheDayTests.VibeAnalyzerTests testColorIntensityWithExtremeSentiment]' started.
Build and Test with Bazel	Run unit tests	2025-11-28T01:44:52.5096250Z Test Case '-[PoemOfTheDayTests.VibeAnalyzerTests testColorIntensityWithExtremeSentiment]' passed (0.001 seconds).
Build and Test with Bazel	Run unit tests	2025-11-28T01:44:52.5097850Z Test Case '-[PoemOfTheDayTests.VibeAnalyzerTests testColorIntensityWithHighEnergyContent]' started.
Build and Test with Bazel	Run unit tests	2025-11-28T01:44:52.5099650Z Test Case '-[PoemOfTheDayTests.VibeAnalyzerTests testColorIntensityWithHighEnergyContent]' passed (0.001 seconds).
Build and Test with Bazel	Run unit tests	2025-11-28T01:44:52.5101230Z Test Case '-[PoemOfTheDayTests.VibeAnalyzerTests testSpecificVibeBackgroundColors]' started.
Build and Test with Bazel	Run unit tests	2025-11-28T01:44:52.5103610Z Test Case '-[PoemOfTheDayTests.VibeAnalyzerTests testSpecificVibeBackgroundColors]' passed (0.002 seconds).
Build and Test with Bazel	Run unit tests	2025-11-28T01:44:52.5105080Z Test Case '-[PoemOfTheDayTests.VibeAnalyzerTests testVibeAnalysisDateTracking]' started.
Build and Test with Bazel	Run unit tests	2025-11-28T01:44:52.5106460Z Test Case '-[PoemOfTheDayTests.VibeAnalyzerTests testVibeAnalysisDateTracking]' passed (0.001 seconds).
Build and Test with Bazel	Run unit tests	2025-11-28T01:44:52.5107860Z Test Case '-[PoemOfTheDayTests.VibeAnalyzerTests testVibeBackgroundColorInfo]' started.
Build and Test with Bazel	Run unit tests	2025-11-28T01:44:52.5109220Z Test Case '-[PoemOfTheDayTests.VibeAnalyzerTests testVibeBackgroundColorInfo]' passed (0.001 seconds).
Build and Test with Bazel	Run unit tests	2025-11-28T01:44:52.5110630Z Test Case '-[PoemOfTheDayTests.VibeAnalyzerTests testVibeBackgroundColorsAllCases]' started.
Build and Test with Bazel	Run unit tests	2025-11-28T01:44:52.5112070Z Test Case '-[PoemOfTheDayTests.VibeAnalyzerTests testVibeBackgroundColorsAllCases]' passed (0.011 seconds).
Build and Test with Bazel	Run unit tests	2025-11-28T01:44:52.5113510Z Test Case '-[PoemOfTheDayTests.VibeAnalyzerTests testVibeKeywordExtraction]' started.
Build and Test with Bazel	Run unit tests	2025-11-28T01:44:52.5114860Z Test Case '-[PoemOfTheDayTests.VibeAnalyzerTests testVibeKeywordExtraction]' passed (0.001 seconds).
Build and Test with Bazel	Run unit tests	2025-11-28T01:44:52.5115990Z Test Suite 'VibeAnalyzerTests' passed at 2025-11-28 01:44:52.380.
Build and Test with Bazel	Run unit tests	2025-11-28T01:44:52.5116940Z 	 Executed 16 tests, with 0 failures (0 unexpected) in 0.030 (0.031) seconds
Build and Test with Bazel	Run unit tests	2025-11-28T01:44:52.5117900Z Test Suite 'PoemOfTheDayTests.xctest' passed at 2025-11-28 01:44:52.380.
Build and Test with Bazel	Run unit tests	2025-11-28T01:44:52.5118950Z 	 Executed 88 tests, with 0 failures (0 unexpected) in 10.985 (10.990) seconds
Build and Test with Bazel	Run unit tests	2025-11-28T01:44:52.5119800Z Test Suite 'All tests' passed at 2025-11-28 01:44:52.380.
Build and Test with Bazel	Run unit tests	2025-11-28T01:44:52.5120940Z 	 Executed 88 tests, with 0 failures (0 unexpected) in 10.985 (11.017) seconds
Build and Test with Bazel	Run unit tests	2025-11-28T01:44:52.5124350Z ðŸŽ¬ Starting vibe-based poem generation...
Build and Test with Bazel	Run unit tests	2025-11-28T01:44:52.5124630Z âœ… AI service available, checking availability...
Build and Test with Bazel	Run unit tests	2025-11-28T01:44:52.5124850Z    AI Available: true
Build and Test with Bazel	Run unit tests	2025-11-28T01:44:52.5125050Z ðŸ”„ Getting fresh vibe analysis...
Build and Test with Bazel	Run unit tests	2025-11-28T01:44:52.5125320Z ðŸ”„ Fetching fresh news and analyzing vibe...
Build and Test with Bazel	Run unit tests	2025-11-28T01:44:52.5125630Z ðŸ“° Fetched 3 news articles
Build and Test with Bazel	Run unit tests	2025-11-28T01:44:52.5125850Z âœ… Analyzed vibe: Hopeful (confidence: 0.85)
Build and Test with Bazel	Run unit tests	2025-11-28T01:44:52.5126100Z âœ… Vibe analysis complete: Hopeful
Build and Test with Bazel	Run unit tests	2025-11-28T01:44:52.5126300Z    Sentiment: positivity=0.8, energy=0.7
Build and Test with Bazel	Run unit tests	2025-11-28T01:44:52.5126560Z    Keywords: discovery, cooperation, breakthrough, community
Build and Test with Bazel	Run unit tests	2025-11-28T01:44:52.5126840Z ðŸ¤– Generating poem from AI service...
Build and Test with Bazel	Run unit tests	2025-11-28T01:44:52.5127550Z âœ… Poem generated successfully!
Build and Test with Bazel	Run unit tests	2025-11-28T01:44:52.5127760Z ðŸ“„ Generated Poem Details:
Build and Test with Bazel	Run unit tests	2025-11-28T01:44:52.5127930Z    Title: 'Digital Dreams'
Build and Test with Bazel	Run unit tests	2025-11-28T01:44:52.5128110Z    Author: AI Poet
Build and Test with Bazel	Run unit tests	2025-11-28T01:44:52.5128280Z    Content length: 138 chars
Build and Test with Bazel	Run unit tests	2025-11-28T01:44:52.5128440Z    Lines count: 4
Build and Test with Bazel	Run unit tests	2025-11-28T01:44:52.5128580Z    Vibe: Hopeful
Build and Test with Bazel	Run unit tests	2025-11-28T01:44:52.5128720Z    Source: unknown
Build and Test with Bazel	Run unit tests	2025-11-28T01:44:52.5128910Z    First 150 chars: In circuits bright and screens aglow,
Build and Test with Bazel	Run unit tests	2025-11-28T01:44:52.5129150Z Where data streams and algorithms flow,
Build and Test with Bazel	Run unit tests	2025-11-28T01:44:52.5129380Z We find our hearts in silicon,
Build and Test with Bazel	Run unit tests	2025-11-28T01:44:52.5129580Z A future built, never undone.
Build and Test with Bazel	Run unit tests	2025-11-28T01:44:52.5129800Z ðŸ’¾ Caching generated poem...
Build and Test with Bazel	Run unit tests	2025-11-28T01:44:52.5130000Z âœ… Poem cached successfully
Build and Test with Bazel	Run unit tests	2025-11-28T01:44:52.5130180Z ðŸ“š Adding to history...
Build and Test with Bazel	Run unit tests	2025-11-28T01:44:52.5130370Z âœ… Added to history
Build and Test with Bazel	Run unit tests	2025-11-28T01:44:52.5130540Z ðŸ”„ Reloading widgets...
Build and Test with Bazel	Run unit tests	2025-11-28T01:44:52.5130740Z âœ… Vibe-based poem generation complete!
Build and Test with Bazel	Run unit tests	2025-11-28T01:44:52.5131110Z 2025-11-28 01:44:52,387 Deleting simulator 09752189-E2E1-47F4-B97F-BC97003E1144 asynchronously.
Build and Test with Bazel	Run unit tests	2025-11-28T01:44:52.5131420Z 2025-11-28 01:44:52,390 Done.
Build and Test with Bazel	Run unit tests	2025-11-28T01:44:52.5131850Z ================================================================================
Build and Test with Bazel	Run unit tests	2025-11-28T01:44:52.5132240Z Target //PoemOfTheDayTests:PoemOfTheDayTests up-to-date:
Build and Test with Bazel	Run unit tests	2025-11-28T01:44:52.5132910Z   bazel-out/ios_sim_arm64-fastbuild-ios-sim_arm64-min17.0-applebin_ios-ST-f3259bc0b2ed/bin/PoemOfTheDayTests/PoemOfTheDayTests.xctest.dSYM/Contents/Resources/DWARF/PoemOfTheDayTests
Build and Test with Bazel	Run unit tests	2025-11-28T01:44:52.5134210Z   bazel-out/ios_sim_arm64-fastbuild-ios-sim_arm64-min17.0-applebin_ios-ST-f3259bc0b2ed/bin/PoemOfTheDayTests/PoemOfTheDayTests.xctest.dSYM/Contents/Info.plist
Build and Test with Bazel	Run unit tests	2025-11-28T01:44:52.5134770Z   bazel-bin/PoemOfTheDayTests/PoemOfTheDayTests
Build and Test with Bazel	Run unit tests	2025-11-28T01:44:52.5135230Z   bazel-out/ios_sim_arm64-fastbuild-ios-sim_arm64-min17.0-applebin_ios-ST-f3259bc0b2ed/bin/PoemOfTheDayTests/PoemOfTheDayTests.zip
Build and Test with Bazel	Run unit tests	2025-11-28T01:44:52.5135700Z INFO: Elapsed time: 28.707s, Critical Path: 27.17s
Build and Test with Bazel	Run unit tests	2025-11-28T01:44:52.5136050Z INFO: 27 processes: 57 action cache hit, 16 internal, 8 darwin-sandbox, 2 local, 1 worker.
Build and Test with Bazel	Run unit tests	2025-11-28T01:44:52.5136390Z INFO: Build completed successfully, 27 total actions
Build and Test with Bazel	Run unit tests	2025-11-28T01:44:52.5136740Z //PoemOfTheDayTests:PoemOfTheDayTests                                    PASSED in 16.9s
Build and Test with Bazel	Run unit tests	2025-11-28T01:44:52.5136980Z 
Build and Test with Bazel	Run unit tests	2025-11-28T01:44:52.5137060Z Executed 1 out of 1 test: 1 test passes.
Build and Test with Bazel	Run unit tests	2025-11-28T01:44:52.5137500Z There were tests whose specified size is too big. Use the --test_verbose_timeout_warnings command line option to see which ones these are.
Build and Test with Bazel	Run UI tests	ï»¿2025-11-28T01:44:52.5661650Z ##[group]Run cd "Poem of the Day"
Build and Test with Bazel	Run UI tests	2025-11-28T01:44:52.5662240Z [36;1mcd "Poem of the Day"[0m
Build and Test with Bazel	Run UI tests	2025-11-28T01:44:52.5662530Z [36;1mbazelisk test --config=ci //PoemOfTheDayUITests:PoemOfTheDayUITests[0m
Build and Test with Bazel	Run UI tests	2025-11-28T01:44:52.5742400Z shell: /bin/bash -e {0}
Build and Test with Bazel	Run UI tests	2025-11-28T01:44:52.5742590Z ##[endgroup]
Build and Test with Bazel	Run UI tests	2025-11-28T01:44:52.7131950Z INFO: Options provided by the client:
Build and Test with Bazel	Run UI tests	2025-11-28T01:44:52.7262340Z   Inherited 'common' options: --isatty=0 --terminal_columns=80
Build and Test with Bazel	Run UI tests	2025-11-28T01:44:52.7410380Z INFO: Reading rc options for 'test' from /Users/runner/work/Poem-of-the-Day/Poem-of-the-Day/.bazelrc:
Build and Test with Bazel	Run UI tests	2025-11-28T01:44:52.7535710Z   Inherited 'build' options: --announce_rc --verbose_failures --apple_platform_type=ios --ios_minimum_os=17.0 --apple_generate_dsym --symlink_prefix=bazel- --experimental_reuse_sandbox_directories --worker_sandboxing
Build and Test with Bazel	Run UI tests	2025-11-28T01:44:52.7638540Z INFO: Reading rc options for 'test' from /Users/runner/work/Poem-of-the-Day/Poem-of-the-Day/.bazelrc:
Build and Test with Bazel	Run UI tests	2025-11-28T01:44:52.7772460Z   'test' options: --test_output=errors --ios_multi_cpus=sim_arm64 --ios_simulator_device=iPhone 15 Pro --ios_simulator_version=26.1 --test_timeout=900 --test_env=OS_ACTIVITY_MODE=disable
Build and Test with Bazel	Run UI tests	2025-11-28T01:44:52.7863010Z INFO: Found applicable config definition test:ci in file /Users/runner/work/Poem-of-the-Day/Poem-of-the-Day/.bazelrc: --ios_simulator_version=18.6 --test_output=all
Build and Test with Bazel	Run UI tests	2025-11-28T01:44:52.7865130Z Computing main repo mapping: 
Build and Test with Bazel	Run UI tests	2025-11-28T01:44:52.8324900Z Loading: 
Build and Test with Bazel	Run UI tests	2025-11-28T01:44:52.8425860Z Loading: 0 packages loaded
Build and Test with Bazel	Run UI tests	2025-11-28T01:44:52.8730440Z Analyzing: target //PoemOfTheDayUITests:PoemOfTheDayUITests (1 packages loaded, 0 targets configured)
Build and Test with Bazel	Run UI tests	2025-11-28T01:44:52.8855010Z Analyzing: target //PoemOfTheDayUITests:PoemOfTheDayUITests (1 packages loaded, 0 targets configured)
Build and Test with Bazel	Run UI tests	2025-11-28T01:44:52.8913310Z 
Build and Test with Bazel	Run UI tests	2025-11-28T01:44:52.9418840Z INFO: Analyzed target //PoemOfTheDayUITests:PoemOfTheDayUITests (1 packages loaded, 21 targets configured).
Build and Test with Bazel	Run UI tests	2025-11-28T01:44:54.8006990Z [93 / 102] Compiling Swift module //PoemOfTheDayUITests:UITestLib; 1s worker
Build and Test with Bazel	Run UI tests	2025-11-28T01:44:59.8753550Z INFO: From Compiling Swift module //PoemOfTheDayUITests:UITestLib:
Build and Test with Bazel	Run UI tests	2025-11-28T01:44:59.8754940Z PoemOfTheDayUITests/AIFeaturesUITests.swift:88:13: warning: initialization of immutable value 'mainPageAfterGen' was never used; consider replacing with assignment to '_' or removing it
Build and Test with Bazel	Run UI tests	2025-11-28T01:44:59.8755700Z 86 |         
Build and Test with Bazel	Run UI tests	2025-11-28T01:44:59.8755920Z 87 |         // Generate poem (should fail)
Build and Test with Bazel	Run UI tests	2025-11-28T01:44:59.8756200Z 88 |         let mainPageAfterGen = vibePage.tapGenerateButton()
Build and Test with Bazel	Run UI tests	2025-11-28T01:44:59.8756810Z    |             `- warning: initialization of immutable value 'mainPageAfterGen' was never used; consider replacing with assignment to '_' or removing it
Build and Test with Bazel	Run UI tests	2025-11-28T01:44:59.8757260Z 89 |         
Build and Test with Bazel	Run UI tests	2025-11-28T01:44:59.8757400Z 90 |         // Verify alert appears
Build and Test with Bazel	Run UI tests	2025-11-28T01:44:59.8757570Z 
Build and Test with Bazel	Run UI tests	2025-11-28T01:44:59.8760650Z PoemOfTheDayUITests/PoemUITests.swift:53:13: warning: initialization of immutable value 'initialTitle' was never used; consider replacing with assignment to '_' or removing it
Build and Test with Bazel	Run UI tests	2025-11-28T01:44:59.8762240Z  51 |         // Wait for initial poem to load
Build and Test with Bazel	Run UI tests	2025-11-28T01:44:59.8763330Z  52 |         XCTAssertTrue(mainPage.waitForPoemToLoad())
Build and Test with Bazel	Run UI tests	2025-11-28T01:44:59.8763640Z  53 |         let initialTitle = mainPage.getPoemTitle()
Build and Test with Bazel	Run UI tests	2025-11-28T01:44:59.8764150Z     |             `- warning: initialization of immutable value 'initialTitle' was never used; consider replacing with assignment to '_' or removing it
Build and Test with Bazel	Run UI tests	2025-11-28T01:44:59.8764570Z  54 |         
Build and Test with Bazel	Run UI tests	2025-11-28T01:44:59.8764810Z  55 |         // Refresh poem
Build and Test with Bazel	Run UI tests	2025-11-28T01:44:59.8764960Z 
Build and Test with Bazel	Run UI tests	2025-11-28T01:44:59.8765190Z PoemOfTheDayUITests/PoemUITests.swift:131:18: warning: result of call to 'tapShareButton()' is unused
Build and Test with Bazel	Run UI tests	2025-11-28T01:44:59.8765670Z 129 |         // Test share button
Build and Test with Bazel	Run UI tests	2025-11-28T01:44:59.8765970Z 130 |         XCTAssertTrue(mainPage.waitForElementToAppear(mainPage.shareButton))
Build and Test with Bazel	Run UI tests	2025-11-28T01:44:59.8766320Z 131 |         mainPage.tapShareButton()
Build and Test with Bazel	Run UI tests	2025-11-28T01:44:59.8766600Z     |                  `- warning: result of call to 'tapShareButton()' is unused
Build and Test with Bazel	Run UI tests	2025-11-28T01:44:59.8767530Z 132 |         
Build and Test with Bazel	Run UI tests	2025-11-28T01:44:59.8767690Z 133 |         // Verify share sheet appears
Build and Test with Bazel	Run UI tests	2025-11-28T01:44:59.8767860Z 
Build and Test with Bazel	Run UI tests	2025-11-28T01:44:59.8768360Z PoemOfTheDayUITests/VibeBackgroundColorUITests.swift:253:17: warning: initialization of immutable value 'colorIndicatorCircle' was never used; consider replacing with assignment to '_' or removing it
Build and Test with Bazel	Run UI tests	2025-11-28T01:44:59.8769090Z 251 |         if vibeIndicator.exists {
Build and Test with Bazel	Run UI tests	2025-11-28T01:44:59.8769370Z 252 |             // Verify the color intensity circle is visible
Build and Test with Bazel	Run UI tests	2025-11-28T01:44:59.8770510Z 253 |             let colorIndicatorCircle = app.otherElements.matching(NSPredicate(format: "identifier CONTAINS 'color_intensity'")).firstMatch
Build and Test with Bazel	Run UI tests	2025-11-28T01:44:59.8771440Z     |                 `- warning: initialization of immutable value 'colorIndicatorCircle' was never used; consider replacing with assignment to '_' or removing it
Build and Test with Bazel	Run UI tests	2025-11-28T01:44:59.8772010Z 254 |             
Build and Test with Bazel	Run UI tests	2025-11-28T01:44:59.8772290Z 255 |             // Since we might not have specific identifiers, check for visual elements
Build and Test with Bazel	Run UI tests	2025-11-28T01:44:59.8856180Z [94 / 102] [Prepa] Linking PoemOfTheDayUITests/libUITestLib.a
Build and Test with Bazel	Run UI tests	2025-11-28T01:45:00.2228800Z INFO: From Linking PoemOfTheDayUITests/PoemOfTheDayUITests.__internal__.__test_bundle_bin:
Build and Test with Bazel	Run UI tests	2025-11-28T01:45:00.2232710Z warning: no debug symbols in executable (-arch arm64)
Build and Test with Bazel	Run UI tests	2025-11-28T01:45:00.9121980Z [101 / 102] [Prepa] Creating symlink PoemOfTheDayUITests/PoemOfTheDayUITests.zip
Build and Test with Bazel	Run UI tests	2025-11-28T01:45:02.3133250Z [102 / 103] Testing //PoemOfTheDayUITests:PoemOfTheDayUITests; 1s darwin-sandbox
Build and Test with Bazel	Run UI tests	2025-11-28T01:45:18.5917350Z [102 / 103] Testing //PoemOfTheDayUITests:PoemOfTheDayUITests; 12s darwin-sandbox
Build and Test with Bazel	Run UI tests	2025-11-28T01:46:01.0231350Z [102 / 103] Testing //PoemOfTheDayUITests:PoemOfTheDayUITests; 54s darwin-sandbox
Build and Test with Bazel	Run UI tests	2025-11-28T01:47:14.4786430Z [102 / 103] Testing //PoemOfTheDayUITests:PoemOfTheDayUITests; 133s darwin-sandbox
Build and Test with Bazel	Run UI tests	2025-11-28T01:48:24.5741820Z [102 / 103] Testing //PoemOfTheDayUITests:PoemOfTheDayUITests; 203s darwin-sandbox
Build and Test with Bazel	Run UI tests	2025-11-28T01:49:32.7598860Z [102 / 103] Testing //PoemOfTheDayUITests:PoemOfTheDayUITests; 271s darwin-sandbox
Build and Test with Bazel	Run UI tests	2025-11-28T01:50:40.4390350Z [102 / 103] Testing //PoemOfTheDayUITests:PoemOfTheDayUITests; 339s darwin-sandbox
Build and Test with Bazel	Run UI tests	2025-11-28T01:51:47.3447560Z [102 / 103] Testing //PoemOfTheDayUITests:PoemOfTheDayUITests; 406s darwin-sandbox
Build and Test with Bazel	Run UI tests	2025-11-28T01:52:58.7540180Z [102 / 103] Testing //PoemOfTheDayUITests:PoemOfTheDayUITests; 477s darwin-sandbox
Build and Test with Bazel	Run UI tests	2025-11-28T01:53:46.9423920Z [102 / 103] Testing //PoemOfTheDayUITests:PoemOfTheDayUITests; 526s darwin-sandbox
Build and Test with Bazel	Run UI tests	2025-11-28T01:53:47.0948850Z FAIL: //PoemOfTheDayUITests:PoemOfTheDayUITests (Exit 11) (see /private/var/tmp/_bazel_runner/fe2d0117d2d9b33eff91f94ca60a61fc/execroot/_main/bazel-out/darwin_arm64-fastbuild/testlogs/PoemOfTheDayUITests/PoemOfTheDayUITests/test.log)
Build and Test with Bazel	Run UI tests	2025-11-28T01:53:47.1076940Z INFO: From Testing //PoemOfTheDayUITests:PoemOfTheDayUITests:
Build and Test with Bazel	Run UI tests	2025-11-28T01:53:47.1104750Z ==================== Test output for //PoemOfTheDayUITests:PoemOfTheDayUITests:
Build and Test with Bazel	Run UI tests	2025-11-28T01:53:47.1106650Z 2025-11-28 01:45:02,039 Creating a new simulator:
Build and Test with Bazel	Run UI tests	2025-11-28T01:53:47.1107140Z Name: New-iPhone 15 Pro-18.6
Build and Test with Bazel	Run UI tests	2025-11-28T01:53:47.1107910Z OS: iOS 18.6
Build and Test with Bazel	Run UI tests	2025-11-28T01:53:47.1108300Z Type: iPhone 15 Pro
Build and Test with Bazel	Run UI tests	2025-11-28T01:53:47.1108730Z 2025-11-28 01:45:02,987 Created new simulator BA477F1E-C264-4EC9-963A-6FADCF4F787D.
Build and Test with Bazel	Run UI tests	2025-11-28T01:53:47.1109360Z 2025-11-28 01:45:06,648 The simulator BA477F1E-C264-4EC9-963A-6FADCF4F787D is booted.
Build and Test with Bazel	Run UI tests	2025-11-28T01:53:47.1109940Z 2025-11-28 01:45:06,729 Generating xctestrun file.
Build and Test with Bazel	Run UI tests	2025-11-28T01:53:47.1110720Z 2025-11-28 01:46:01,281 Running test-without-building with device BA477F1E-C264-4EC9-963A-6FADCF4F787D
Build and Test with Bazel	Run UI tests	2025-11-28T01:53:47.1111350Z Command line invocation:
Build and Test with Bazel	Run UI tests	2025-11-28T01:53:47.1114930Z     /Applications/Xcode_16.4.app/Contents/Developer/usr/bin/xcodebuild test-without-building -xctestrun /private/var/tmp/_bazel_runner/fe2d0117d2d9b33eff91f94ca60a61fc/sandbox/darwin-sandbox/67/execroot/_main/_tmp/0e207e07b1114ab625714b143e1a3643/test_runner_work_dir.wgiKQ8/TEST_ROOT/test.xctestrun -destination id=BA477F1E-C264-4EC9-963A-6FADCF4F787D -derivedDataPath /private/var/tmp/_bazel_runner/fe2d0117d2d9b33eff91f94ca60a61fc/sandbox/darwin-sandbox/67/execroot/_main/bazel-out/darwin_arm64-fastbuild/testlogs/PoemOfTheDayUITests/PoemOfTheDayUITests/test.outputs -resultBundlePath /private/var/tmp/_bazel_runner/fe2d0117d2d9b33eff91f94ca60a61fc/sandbox/darwin-sandbox/67/execroot/_main/bazel-out/darwin_arm64-fastbuild/testlogs/PoemOfTheDayUITests/PoemOfTheDayUITests/test.outputs/test.xcresult -collect-test-diagnostics=never
Build and Test with Bazel	Run UI tests	2025-11-28T01:53:47.1127290Z 
Build and Test with Bazel	Run UI tests	2025-11-28T01:53:47.1127580Z Writing result bundle at path:
Build and Test with Bazel	Run UI tests	2025-11-28T01:53:47.1128610Z 	/private/var/tmp/_bazel_runner/fe2d0117d2d9b33eff91f94ca60a61fc/sandbox/darwin-sandbox/67/execroot/_main/bazel-out/darwin_arm64-fastbuild/testlogs/PoemOfTheDayUITests/PoemOfTheDayUITests/test.outputs/test.xcresult
Build and Test with Bazel	Run UI tests	2025-11-28T01:53:47.1129700Z 
Build and Test with Bazel	Run UI tests	2025-11-28T01:53:47.1130060Z --- xcodebuild: WARNING: Using the first of multiple matching destinations:
Build and Test with Bazel	Run UI tests	2025-11-28T01:53:47.1130730Z { platform:iOS Simulator, arch:arm64, id:BA477F1E-C264-4EC9-963A-6FADCF4F787D, OS:18.6, name:New-iPhone 15 Pro-18.6 }
Build and Test with Bazel	Run UI tests	2025-11-28T01:53:47.1131570Z { platform:iOS Simulator, arch:x86_64, id:BA477F1E-C264-4EC9-963A-6FADCF4F787D, OS:18.6, name:New-iPhone 15 Pro-18.6 }
Build and Test with Bazel	Run UI tests	2025-11-28T01:53:47.1132010Z Testing started
Build and Test with Bazel	Run UI tests	2025-11-28T01:53:47.1132370Z     t =      nans Interface orientation changed to Portrait
Build and Test with Bazel	Run UI tests	2025-11-28T01:53:47.1132800Z Test Suite 'All tests' started at 2025-11-28 01:47:32.482.
Build and Test with Bazel	Run UI tests	2025-11-28T01:53:47.1133380Z Test Suite 'PoemOfTheDayUITests.xctest' started at 2025-11-28 01:47:32.482.
Build and Test with Bazel	Run UI tests	2025-11-28T01:53:47.1133870Z Test Suite 'AIFeaturesUITests' started at 2025-11-28 01:47:32.482.
Build and Test with Bazel	Run UI tests	2025-11-28T01:53:47.1134350Z Test Case '-[PoemOfTheDayUITests.AIFeaturesUITests testAIGenerationErrorShowsAlert]' started.
Build and Test with Bazel	Run UI tests	2025-11-28T01:53:47.1134950Z     t =     0.00s Start Test at 2025-11-28 01:47:32.483
Build and Test with Bazel	Run UI tests	2025-11-28T01:53:47.1135360Z     t =     0.00s Set Up
Build and Test with Bazel	Run UI tests	2025-11-28T01:53:47.1135690Z     t =     0.00s     Open Stevereitz.Poem-of-the-Day
Build and Test with Bazel	Run UI tests	2025-11-28T01:53:47.1136010Z     t =     0.00s         Launch Stevereitz.Poem-of-the-Day
Build and Test with Bazel	Run UI tests	2025-11-28T01:53:47.1136580Z     t =     3.96s             Setting up automation session
Build and Test with Bazel	Run UI tests	2025-11-28T01:53:47.1136970Z     t =     4.65s             Wait for Stevereitz.Poem-of-the-Day to idle
Build and Test with Bazel	Run UI tests	2025-11-28T01:53:47.1137390Z     t =     6.65s Terminate Stevereitz.Poem-of-the-Day:44267
Build and Test with Bazel	Run UI tests	2025-11-28T01:53:47.1307450Z     t =     7.66s Open Stevereitz.Poem-of-the-Day
Build and Test with Bazel	Run UI tests	2025-11-28T01:53:47.1309510Z     t =     7.66s     Launch Stevereitz.Poem-of-the-Day
Build and Test with Bazel	Run UI tests	2025-11-28T01:53:47.1310000Z     t =     7.94s         Setting up automation session
Build and Test with Bazel	Run UI tests	2025-11-28T01:53:47.1310340Z     t =     8.65s         Wait for Stevereitz.Poem-of-the-Day to idle
Build and Test with Bazel	Run UI tests	2025-11-28T01:53:47.1310830Z     t =    11.05s Checking `Expect predicate `exists == 1` for object "Poem of the Day" StaticText`
Build and Test with Bazel	Run UI tests	2025-11-28T01:53:47.1311590Z     t =    11.05s     Checking existence of `"Poem of the Day" StaticText`
Build and Test with Bazel	Run UI tests	2025-11-28T01:53:47.1311960Z     t =    12.18s Checking `Expect predicate `exists == 1` for object "top_vibe_poem_button" Button`
Build and Test with Bazel	Run UI tests	2025-11-28T01:53:47.1312330Z     t =    12.18s     Checking existence of `"top_vibe_poem_button" Button`
Build and Test with Bazel	Run UI tests	2025-11-28T01:53:47.1312680Z     t =    13.24s Checking `Expect predicate `exists == 1` for object "top_vibe_poem_button" Button`
Build and Test with Bazel	Run UI tests	2025-11-28T01:53:47.1313530Z     t =    13.24s     Checking existence of `"top_vibe_poem_button" Button`
Build and Test with Bazel	Run UI tests	2025-11-28T01:53:47.1314120Z     t =    13.27s Tap "top_vibe_poem_button" Button
Build and Test with Bazel	Run UI tests	2025-11-28T01:53:47.1314560Z     t =    13.27s     Wait for Stevereitz.Poem-of-the-Day to idle
Build and Test with Bazel	Run UI tests	2025-11-28T01:53:47.1315050Z     t =    13.27s     Find the "top_vibe_poem_button" Button
Build and Test with Bazel	Run UI tests	2025-11-28T01:53:47.1315520Z     t =    13.31s     Check for interrupting elements affecting "top_vibe_poem_button" Button
Build and Test with Bazel	Run UI tests	2025-11-28T01:53:47.1315930Z     t =    13.39s     Synthesize event
Build and Test with Bazel	Run UI tests	2025-11-28T01:53:47.1316160Z     t =    13.83s     Wait for Stevereitz.Poem-of-the-Day to idle
Build and Test with Bazel	Run UI tests	2025-11-28T01:53:47.1317130Z     t =    15.33s Checking `Expect predicate `exists == 1` for object "current_vibe" StaticText`
Build and Test with Bazel	Run UI tests	2025-11-28T01:53:47.1317580Z     t =    15.34s     Checking existence of `"current_vibe" StaticText`
Build and Test with Bazel	Run UI tests	2025-11-28T01:53:47.1317970Z     t =    15.49s Tap "generate_vibe_poem_button" Button
Build and Test with Bazel	Run UI tests	2025-11-28T01:53:47.1318510Z     t =    15.49s     Wait for Stevereitz.Poem-of-the-Day to idle
Build and Test with Bazel	Run UI tests	2025-11-28T01:53:47.1318980Z     t =    15.49s     Find the "generate_vibe_poem_button" Button
Build and Test with Bazel	Run UI tests	2025-11-28T01:53:47.1319490Z     t =    15.76s     Check for interrupting elements affecting "generate_vibe_poem_button" Button
Build and Test with Bazel	Run UI tests	2025-11-28T01:53:47.1320460Z     t =    15.80s     Synthesize event
Build and Test with Bazel	Run UI tests	2025-11-28T01:53:47.1320820Z     t =    16.10s     Wait for Stevereitz.Poem-of-the-Day to idle
Build and Test with Bazel	Run UI tests	2025-11-28T01:53:47.1321150Z     t =    16.99s Waiting 5.0s for "Error" Alert to exist
Build and Test with Bazel	Run UI tests	2025-11-28T01:53:47.1321650Z     t =    18.02s     Checking `Expect predicate `existsNoRetry == 1` for object "Error" Alert`
Build and Test with Bazel	Run UI tests	2025-11-28T01:53:47.1322030Z     t =    18.02s         Checking existence of `"Error" Alert`
Build and Test with Bazel	Run UI tests	2025-11-28T01:53:47.1322290Z     t =    18.06s Tap "OK" Button
Build and Test with Bazel	Run UI tests	2025-11-28T01:53:47.1322510Z     t =    18.06s     Wait for Stevereitz.Poem-of-the-Day to idle
Build and Test with Bazel	Run UI tests	2025-11-28T01:53:47.1322910Z     t =    18.06s     Find the "OK" Button
Build and Test with Bazel	Run UI tests	2025-11-28T01:53:47.1323300Z     t =    18.10s     Check for interrupting elements affecting "OK" Button
Build and Test with Bazel	Run UI tests	2025-11-28T01:53:47.1323660Z     t =    18.15s     Synthesize event
Build and Test with Bazel	Run UI tests	2025-11-28T01:53:47.1324230Z     t =    18.43s     Wait for Stevereitz.Poem-of-the-Day to idle
Build and Test with Bazel	Run UI tests	2025-11-28T01:53:47.1324660Z     t =    18.67s Tear Down
Build and Test with Bazel	Run UI tests	2025-11-28T01:53:47.1325170Z Test Case '-[PoemOfTheDayUITests.AIFeaturesUITests testAIGenerationErrorShowsAlert]' passed (18.878 seconds).
Build and Test with Bazel	Run UI tests	2025-11-28T01:53:47.1325840Z Test Case '-[PoemOfTheDayUITests.AIFeaturesUITests testCustomPromptEmptyDisablesGenerate]' started.
Build and Test with Bazel	Run UI tests	2025-11-28T01:53:47.1326260Z     t =     0.00s Start Test at 2025-11-28 01:47:51.364
Build and Test with Bazel	Run UI tests	2025-11-28T01:53:47.1326470Z     t =     0.00s Set Up
Build and Test with Bazel	Run UI tests	2025-11-28T01:53:47.1326720Z     t =     0.00s     Open Stevereitz.Poem-of-the-Day
Build and Test with Bazel	Run UI tests	2025-11-28T01:53:47.1327150Z     t =     0.00s         Launch Stevereitz.Poem-of-the-Day
Build and Test with Bazel	Run UI tests	2025-11-28T01:53:47.1327420Z     t =     0.00s             Terminate Stevereitz.Poem-of-the-Day:44393
Build and Test with Bazel	Run UI tests	2025-11-28T01:53:47.1327670Z     t =     1.50s             Setting up automation session
Build and Test with Bazel	Run UI tests	2025-11-28T01:53:47.1327940Z     t =     2.05s             Wait for Stevereitz.Poem-of-the-Day to idle
Build and Test with Bazel	Run UI tests	2025-11-28T01:53:47.1328320Z     t =     4.45s Checking `Expect predicate `exists == 1` for object "Poem of the Day" StaticText`
Build and Test with Bazel	Run UI tests	2025-11-28T01:53:47.1328690Z     t =     4.45s     Checking existence of `"Poem of the Day" StaticText`
Build and Test with Bazel	Run UI tests	2025-11-28T01:53:47.1329060Z     t =     5.54s Checking `Expect predicate `exists == 1` for object "top_custom_poem_button" Button`
Build and Test with Bazel	Run UI tests	2025-11-28T01:53:47.1329930Z     t =     5.54s     Checking existence of `"top_custom_poem_button" Button`
Build and Test with Bazel	Run UI tests	2025-11-28T01:53:47.1330320Z     t =     6.59s Checking `Expect predicate `exists == 1` for object "top_custom_poem_button" Button`
Build and Test with Bazel	Run UI tests	2025-11-28T01:53:47.1330690Z     t =     6.59s     Checking existence of `"top_custom_poem_button" Button`
Build and Test with Bazel	Run UI tests	2025-11-28T01:53:47.1330990Z     t =     6.61s Tap "top_custom_poem_button" Button
Build and Test with Bazel	Run UI tests	2025-11-28T01:53:47.1331280Z     t =     6.61s     Wait for Stevereitz.Poem-of-the-Day to idle
Build and Test with Bazel	Run UI tests	2025-11-28T01:53:47.1331750Z     t =     6.61s     Find the "top_custom_poem_button" Button
Build and Test with Bazel	Run UI tests	2025-11-28T01:53:47.1332340Z     t =     6.63s     Check for interrupting elements affecting "top_custom_poem_button" Button
Build and Test with Bazel	Run UI tests	2025-11-28T01:53:47.1332940Z     t =     6.66s     Synthesize event
Build and Test with Bazel	Run UI tests	2025-11-28T01:53:47.1333430Z     t =     6.97s     Wait for Stevereitz.Poem-of-the-Day to idle
Build and Test with Bazel	Run UI tests	2025-11-28T01:53:47.1333810Z     t =     8.45s Checking `Expect predicate `exists == 1` for object "custom_prompt_text_field" TextView`
Build and Test with Bazel	Run UI tests	2025-11-28T01:53:47.1334200Z     t =     8.45s     Checking existence of `"custom_prompt_text_field" TextView`
Build and Test with Bazel	Run UI tests	2025-11-28T01:53:47.1334760Z     t =     8.56s Find the "custom_prompt_text_field" TextView
Build and Test with Bazel	Run UI tests	2025-11-28T01:53:47.1335040Z     t =     8.82s Find the "generate_custom_poem_button" Button
Build and Test with Bazel	Run UI tests	2025-11-28T01:53:47.1335550Z     t =     9.01s Tap "custom_prompt_text_field" TextView
Build and Test with Bazel	Run UI tests	2025-11-28T01:53:47.1335800Z     t =     9.01s     Wait for Stevereitz.Poem-of-the-Day to idle
Build and Test with Bazel	Run UI tests	2025-11-28T01:53:47.1336400Z     t =     9.01s     Find the "custom_prompt_text_field" TextView
Build and Test with Bazel	Run UI tests	2025-11-28T01:53:47.1336810Z     t =     9.17s     Check for interrupting elements affecting "custom_prompt_text_field" TextView
Build and Test with Bazel	Run UI tests	2025-11-28T01:53:47.1337330Z     t =     9.22s     Synthesize event
Build and Test with Bazel	Run UI tests	2025-11-28T01:53:47.1338540Z     t =     9.53s     Wait for Stevereitz.Poem-of-the-Day to idle
Build and Test with Bazel	Run UI tests	2025-11-28T01:53:47.1339010Z     t =    11.35s Type 'A poem about coding' into "custom_prompt_text_field" TextView
Build and Test with Bazel	Run UI tests	2025-11-28T01:53:47.1339730Z     t =    11.35s     Wait for Stevereitz.Poem-of-the-Day to idle
Build and Test with Bazel	Run UI tests	2025-11-28T01:53:47.1340050Z     t =    11.79s     Find the "custom_prompt_text_field" TextView
Build and Test with Bazel	Run UI tests	2025-11-28T01:53:47.1340550Z     t =    16.34s     Check for interrupting elements affecting "custom_prompt_text_field" TextView
Build and Test with Bazel	Run UI tests	2025-11-28T01:53:47.1341070Z     t =    16.51s     Synthesize event
Build and Test with Bazel	Run UI tests	2025-11-28T01:53:47.1341380Z     t =    17.04s     Wait for Stevereitz.Poem-of-the-Day to idle
Build and Test with Bazel	Run UI tests	2025-11-28T01:53:47.1341780Z     t =    17.05s Find the "generate_custom_poem_button" Button
Build and Test with Bazel	Run UI tests	2025-11-28T01:53:47.1349820Z     t =    18.04s Tap "Clear" Button
Build and Test with Bazel	Run UI tests	2025-11-28T01:53:47.1350550Z     t =    18.04s     Wait for Stevereitz.Poem-of-the-Day to idle
Build and Test with Bazel	Run UI tests	2025-11-28T01:53:47.1350940Z     t =    18.05s     Find the "Clear" Button
Build and Test with Bazel	Run UI tests	2025-11-28T01:53:47.1351230Z     t =    19.14s         Find the "Clear" Button (retry 1)
Build and Test with Bazel	Run UI tests	2025-11-28T01:53:47.1351530Z     t =    20.19s         Find the "Clear" Button (retry 2)
Build and Test with Bazel	Run UI tests	2025-11-28T01:53:47.1352130Z     t =    20.29s Requesting snapshot of accessibility hierarchy for app with pid 44979
Build and Test with Bazel	Run UI tests	2025-11-28T01:53:47.1353130Z <unknown>:0: error: -[PoemOfTheDayUITests.AIFeaturesUITests testCustomPromptEmptyDisablesGenerate] : Failed to tap "Clear" Button: No matches found for Elements matching predicate '"Clear" IN identifiers' from input {(
Build and Test with Bazel	Run UI tests	2025-11-28T01:53:47.1354030Z     Button, label: 'Emoji',
Build and Test with Bazel	Run UI tests	2025-11-28T01:53:47.1354440Z     Button, identifier: 'dictation', label: 'Dictate',
Build and Test with Bazel	Run UI tests	2025-11-28T01:53:47.1354920Z     Button, identifier: 'favorites_button', label: 'Favorite Poems',
Build and Test with Bazel	Run UI tests	2025-11-28T01:53:47.1355330Z     Button, identifier: 'shift', label: 'shift', Selected,
Build and Test with Bazel	Run UI tests	2025-11-28T01:53:47.1356880Z     Button, identifier: 'Return', label: 'return',
Build and Test with Bazel	Run UI tests	2025-11-28T01:53:47.1357280Z     Button, identifier: 'menu_button', label: 'Menu',
Build and Test with Bazel	Run UI tests	2025-11-28T01:53:47.1357560Z     Button,
Build and Test with Bazel	Run UI tests	2025-11-28T01:53:47.1357830Z     Button, identifier: 'cancel_button', label: 'Cancel',
Build and Test with Bazel	Run UI tests	2025-11-28T01:53:47.1358420Z     Button, identifier: 'top_vibe_poem_button', label: 'Generate vibe-based poem',
Build and Test with Bazel	Run UI tests	2025-11-28T01:53:47.1359180Z     Button, identifier: 'top_custom_poem_button', label: 'Create custom poem',
Build and Test with Bazel	Run UI tests	2025-11-28T01:53:47.1359720Z     Button, identifier: 'refresh_button', label: 'Get a new poem',
Build and Test with Bazel	Run UI tests	2025-11-28T01:53:47.1360180Z     Button, identifier: 'vibe_poem_button', label: 'Generate AI poem based on today's news vibe',
Build and Test with Bazel	Run UI tests	2025-11-28T01:53:47.1360710Z     Button, identifier: 'custom_poem_button', label: 'Create custom AI poem',
Build and Test with Bazel	Run UI tests	2025-11-28T01:53:47.1361350Z     Button, identifier: 'generate_custom_poem_button', label: 'Generate Poem',
Build and Test with Bazel	Run UI tests	2025-11-28T01:53:47.1362000Z     Button, identifier: 'favorite_button', label: 'Add to favorites',
Build and Test with Bazel	Run UI tests	2025-11-28T01:53:47.1362530Z     Button, identifier: 'share_button', label: 'Share poem'
Build and Test with Bazel	Run UI tests	2025-11-28T01:53:47.1363520Z )}
Build and Test with Bazel	Run UI tests	2025-11-28T01:53:47.1363790Z Possibly caused by runtime issues:
Build and Test with Bazel	Run UI tests	2025-11-28T01:53:47.1364420Z Automation type mismatch: computed Button from legacy attributes vs PopUpButton from modern attribute. Input attributes and values: {
Build and Test with Bazel	Run UI tests	2025-11-28T01:53:47.1365190Z     "XC_kAXXCAttributeAutomationType" = 14;
Build and Test with Bazel	Run UI tests	2025-11-28T01:53:47.1365540Z     "XC_kAXXCAttributeElementBaseType" = UIResponder;
Build and Test with Bazel	Run UI tests	2025-11-28T01:53:47.1366330Z     "XC_kAXXCAttributeElementType" = "SwiftUI.AccessibilityNode";
Build and Test with Bazel	Run UI tests	2025-11-28T01:53:47.1366760Z     "XC_kAXXCAttributeTraits" = 1108101562369;
Build and Test with Bazel	Run UI tests	2025-11-28T01:53:47.1367180Z }
Build and Test with Bazel	Run UI tests	2025-11-28T01:53:47.1368020Z Automation type mismatch: computed Button from legacy attributes vs Key from modern attribute. Input attributes and values: {
Build and Test with Bazel	Run UI tests	2025-11-28T01:53:47.1368700Z     "XC_kAXXCAttributeAutomationType" = 20;
Build and Test with Bazel	Run UI tests	2025-11-28T01:53:47.1368980Z     "XC_kAXXCAttributeElementBaseType" = UIAccessibilityElement;
Build and Test with Bazel	Run UI tests	2025-11-28T01:53:47.1369880Z     "XC_kAXXCAttributeElementType" = UIAccessibilityElementKBKey;
Build and Test with Bazel	Run UI tests	2025-11-28T01:53:47.1370170Z     "XC_kAXXCAttributeTraits" = 8589934649;
Build and Test with Bazel	Run UI tests	2025-11-28T01:53:47.1370610Z }
Build and Test with Bazel	Run UI tests	2025-11-28T01:53:47.1371190Z Automation type mismatch: computed Button from legacy attributes vs Key from modern attribute. Input attributes and values: {
Build and Test with Bazel	Run UI tests	2025-11-28T01:53:47.1371690Z     "XC_kAXXCAttributeAutomationType" = 20;
Build and Test with Bazel	Run UI tests	2025-11-28T01:53:47.1372100Z     "XC_kAXXCAttributeElementBaseType" = UIAccessibilityElement;
Build and Test with Bazel	Run UI tests	2025-11-28T01:53:47.1372570Z     "XC_kAXXCAttributeElementType" = UIAccessibilityElementKBKey;
Build and Test with Bazel	Run UI tests	2025-11-28T01:53:47.1373090Z     "XC_kAXXCAttributeTraits" = 8589934641;
Build and Test with Bazel	Run UI tests	2025-11-28T01:53:47.1373500Z }
Build and Test with Bazel	Run UI tests	2025-11-28T01:53:47.1373790Z See test report attachments for more detail.
Build and Test with Bazel	Run UI tests	2025-11-28T01:53:47.1373980Z     t =    21.66s Tear Down
Build and Test with Bazel	Run UI tests	2025-11-28T01:53:47.1374490Z Test Case '-[PoemOfTheDayUITests.AIFeaturesUITests testCustomPromptEmptyDisablesGenerate]' failed (21.865 seconds).
Build and Test with Bazel	Run UI tests	2025-11-28T01:53:47.1375340Z Test Case '-[PoemOfTheDayUITests.AIFeaturesUITests testVibeGenerationHappyPath]' started.
Build and Test with Bazel	Run UI tests	2025-11-28T01:53:47.1375830Z     t =     0.00s Start Test at 2025-11-28 01:48:13.229
Build and Test with Bazel	Run UI tests	2025-11-28T01:53:47.1376200Z     t =     0.00s Set Up
Build and Test with Bazel	Run UI tests	2025-11-28T01:53:47.1376620Z     t =     0.00s     Open Stevereitz.Poem-of-the-Day
Build and Test with Bazel	Run UI tests	2025-11-28T01:53:47.1377030Z     t =     0.00s         Launch Stevereitz.Poem-of-the-Day
Build and Test with Bazel	Run UI tests	2025-11-28T01:53:47.1377360Z     t =     0.00s             Terminate Stevereitz.Poem-of-the-Day:44979
Build and Test with Bazel	Run UI tests	2025-11-28T01:53:47.1377620Z     t =     2.27s             Setting up automation session
Build and Test with Bazel	Run UI tests	2025-11-28T01:53:47.1377980Z     t =     2.87s             Wait for Stevereitz.Poem-of-the-Day to idle
Build and Test with Bazel	Run UI tests	2025-11-28T01:53:47.1378520Z     t =     5.48s Checking `Expect predicate `exists == 1` for object "Poem of the Day" StaticText`
Build and Test with Bazel	Run UI tests	2025-11-28T01:53:47.1379240Z     t =     5.48s     Checking existence of `"Poem of the Day" StaticText`
Build and Test with Bazel	Run UI tests	2025-11-28T01:53:47.1379900Z     t =     6.61s Checking `Expect predicate `exists == 1` for object "top_vibe_poem_button" Button`
Build and Test with Bazel	Run UI tests	2025-11-28T01:53:47.1380320Z     t =     6.61s     Checking existence of `"top_vibe_poem_button" Button`
Build and Test with Bazel	Run UI tests	2025-11-28T01:53:47.1381020Z     t =     7.68s Checking `Expect predicate `exists == 1` for object "top_vibe_poem_button" Button`
Build and Test with Bazel	Run UI tests	2025-11-28T01:53:47.1381510Z     t =     7.68s     Checking existence of `"top_vibe_poem_button" Button`
Build and Test with Bazel	Run UI tests	2025-11-28T01:53:47.1382300Z     t =     7.76s Tap "top_vibe_poem_button" Button
Build and Test with Bazel	Run UI tests	2025-11-28T01:53:47.1383050Z     t =     7.76s     Wait for Stevereitz.Poem-of-the-Day to idle
Build and Test with Bazel	Run UI tests	2025-11-28T01:53:47.1383630Z     t =     7.77s     Find the "top_vibe_poem_button" Button
Build and Test with Bazel	Run UI tests	2025-11-28T01:53:47.1384190Z     t =     7.84s     Check for interrupting elements affecting "top_vibe_poem_button" Button
Build and Test with Bazel	Run UI tests	2025-11-28T01:53:47.1384700Z     t =     7.90s     Synthesize event
Build and Test with Bazel	Run UI tests	2025-11-28T01:53:47.1385350Z     t =     8.23s     Wait for Stevereitz.Poem-of-the-Day to idle
Build and Test with Bazel	Run UI tests	2025-11-28T01:53:47.1385950Z     t =     9.75s Checking `Expect predicate `exists == 1` for object "current_vibe" StaticText`
Build and Test with Bazel	Run UI tests	2025-11-28T01:53:47.1386480Z     t =     9.75s     Checking existence of `"current_vibe" StaticText`
Build and Test with Bazel	Run UI tests	2025-11-28T01:53:47.1387290Z     t =    10.08s Find the "current_vibe" StaticText
Build and Test with Bazel	Run UI tests	2025-11-28T01:53:47.1387700Z     t =    10.34s Find the "generate_vibe_poem_button" Button
Build and Test with Bazel	Run UI tests	2025-11-28T01:53:47.1388170Z     t =    10.51s Tap "generate_vibe_poem_button" Button
Build and Test with Bazel	Run UI tests	2025-11-28T01:53:47.1388630Z     t =    10.51s     Wait for Stevereitz.Poem-of-the-Day to idle
Build and Test with Bazel	Run UI tests	2025-11-28T01:53:47.1389340Z     t =    10.51s     Find the "generate_vibe_poem_button" Button
Build and Test with Bazel	Run UI tests	2025-11-28T01:53:47.1398280Z     t =    10.84s     Check for interrupting elements affecting "generate_vibe_poem_button" Button
Build and Test with Bazel	Run UI tests	2025-11-28T01:53:47.1398880Z     t =    10.89s     Synthesize event
Build and Test with Bazel	Run UI tests	2025-11-28T01:53:47.1399400Z     t =    11.19s     Wait for Stevereitz.Poem-of-the-Day to idle
Build and Test with Bazel	Run UI tests	2025-11-28T01:53:47.1399900Z     t =    13.09s Checking `Expect predicate `exists == 1` for object "Poem of the Day" StaticText`
Build and Test with Bazel	Run UI tests	2025-11-28T01:53:47.1400350Z     t =    13.09s     Checking existence of `"Poem of the Day" StaticText`
Build and Test with Bazel	Run UI tests	2025-11-28T01:53:47.1403900Z     t =    13.14s Tear Down
Build and Test with Bazel	Run UI tests	2025-11-28T01:53:47.1404520Z Test Case '-[PoemOfTheDayUITests.AIFeaturesUITests testVibeGenerationHappyPath]' passed (13.347 seconds).
Build and Test with Bazel	Run UI tests	2025-11-28T01:53:47.1405110Z Test Suite 'AIFeaturesUITests' failed at 2025-11-28 01:48:26.575.
Build and Test with Bazel	Run UI tests	2025-11-28T01:53:47.1405660Z 	 Executed 3 tests, with 1 failure (0 unexpected) in 54.090 (54.093) seconds
Build and Test with Bazel	Run UI tests	2025-11-28T01:53:47.1406300Z Test Suite 'NavigationUITests' started at 2025-11-28 01:48:26.576.
Build and Test with Bazel	Run UI tests	2025-11-28T01:53:47.1408920Z Test Case '-[PoemOfTheDayUITests.NavigationUITests testHistoryNavigation]' started.
Build and Test with Bazel	Run UI tests	2025-11-28T01:53:47.1410630Z     t =     0.00s Start Test at 2025-11-28 01:48:26.576
Build and Test with Bazel	Run UI tests	2025-11-28T01:53:47.1411650Z     t =     0.00s Set Up
Build and Test with Bazel	Run UI tests	2025-11-28T01:53:47.1412640Z     t =     0.00s     Open Stevereitz.Poem-of-the-Day
Build and Test with Bazel	Run UI tests	2025-11-28T01:53:47.1432050Z     t =     0.00s         Launch Stevereitz.Poem-of-the-Day
Build and Test with Bazel	Run UI tests	2025-11-28T01:53:47.1432670Z     t =     0.00s             Terminate Stevereitz.Poem-of-the-Day:45323
Build and Test with Bazel	Run UI tests	2025-11-28T01:53:47.1433440Z     t =     1.49s             Setting up automation session
Build and Test with Bazel	Run UI tests	2025-11-28T01:53:47.1435160Z     t =     2.08s             Wait for Stevereitz.Poem-of-the-Day to idle
Build and Test with Bazel	Run UI tests	2025-11-28T01:53:47.1466250Z     t =     4.45s Checking `Expect predicate `exists == 1` for object "poem_title" StaticText`
Build and Test with Bazel	Run UI tests	2025-11-28T01:53:47.1467590Z     t =     4.45s     Checking existence of `"poem_title" StaticText`
Build and Test with Bazel	Run UI tests	2025-11-28T01:53:47.1468290Z     t =     5.64s Checking `Expect predicate `exists == 1` for object "menu_button" Button`
Build and Test with Bazel	Run UI tests	2025-11-28T01:53:47.1469240Z     t =     5.64s     Checking existence of `"menu_button" Button`
Build and Test with Bazel	Run UI tests	2025-11-28T01:53:47.1482640Z     t =     5.66s Find the "menu_button" Button
Build and Test with Bazel	Run UI tests	2025-11-28T01:53:47.1486470Z     t =     5.73s Tap "menu_button" Button[0.50, 0.50]
Build and Test with Bazel	Run UI tests	2025-11-28T01:53:47.1487800Z     t =     5.73s     Wait for Stevereitz.Poem-of-the-Day to idle
Build and Test with Bazel	Run UI tests	2025-11-28T01:53:47.1489740Z     t =     5.73s     Find the "menu_button" Button
Build and Test with Bazel	Run UI tests	2025-11-28T01:53:47.1491100Z     t =     5.75s     Check for interrupting elements affecting "menu_button" Button
Build and Test with Bazel	Run UI tests	2025-11-28T01:53:47.1492280Z     t =     5.78s     Synthesize event
Build and Test with Bazel	Run UI tests	2025-11-28T01:53:47.1494140Z     t =     5.78s         Find the "menu_button" Button
Build and Test with Bazel	Run UI tests	2025-11-28T01:53:47.1494860Z     t =     5.82s         Find the "menu_button" Button
Build and Test with Bazel	Run UI tests	2025-11-28T01:53:47.1497460Z     t =     5.86s         Find the "menu_button" Button
Build and Test with Bazel	Run UI tests	2025-11-28T01:53:47.1498890Z     t =     6.18s     Wait for Stevereitz.Poem-of-the-Day to idle
Build and Test with Bazel	Run UI tests	2025-11-28T01:53:47.1501380Z     t =     7.21s Checking `Expect predicate `exists == 1` for object "History" Button`
Build and Test with Bazel	Run UI tests	2025-11-28T01:53:47.1507290Z     t =     7.21s     Checking existence of `"History" Button`
Build and Test with Bazel	Run UI tests	2025-11-28T01:53:47.1507810Z     t =     7.25s Tap "History" Button
Build and Test with Bazel	Run UI tests	2025-11-28T01:53:47.1512030Z     t =     7.25s     Wait for Stevereitz.Poem-of-the-Day to idle
Build and Test with Bazel	Run UI tests	2025-11-28T01:53:47.1513530Z     t =     7.26s     Find the "History" Button
Build and Test with Bazel	Run UI tests	2025-11-28T01:53:47.1514070Z     t =     7.31s     Check for interrupting elements affecting "clock.arrow.circlepath" Button
Build and Test with Bazel	Run UI tests	2025-11-28T01:53:47.1520780Z     t =     7.35s     Synthesize event
Build and Test with Bazel	Run UI tests	2025-11-28T01:53:47.1531120Z     t =     7.64s     Wait for Stevereitz.Poem-of-the-Day to idle
Build and Test with Bazel	Run UI tests	2025-11-28T01:53:47.1533620Z     t =     8.74s Checking `Expect predicate `exists == 1` for object "Poem History" NavigationBar`
Build and Test with Bazel	Run UI tests	2025-11-28T01:53:47.1534250Z     t =     8.75s     Checking existence of `"Poem History" NavigationBar`
Build and Test with Bazel	Run UI tests	2025-11-28T01:53:47.1538270Z     t =     8.82s Checking existence of `"Poem History" NavigationBar`
Build and Test with Bazel	Run UI tests	2025-11-28T01:53:47.1538750Z     t =     8.87s Tap "Done" Button
Build and Test with Bazel	Run UI tests	2025-11-28T01:53:47.1539280Z     t =     8.87s     Wait for Stevereitz.Poem-of-the-Day to idle
Build and Test with Bazel	Run UI tests	2025-11-28T01:53:47.1553400Z     t =     8.87s     Find the "Done" Button
Build and Test with Bazel	Run UI tests	2025-11-28T01:53:47.1554150Z     t =     8.92s     Check for interrupting elements affecting "Done" Button
Build and Test with Bazel	Run UI tests	2025-11-28T01:53:47.1555500Z     t =     8.96s     Synthesize event
Build and Test with Bazel	Run UI tests	2025-11-28T01:53:47.1557150Z     t =     9.25s     Wait for Stevereitz.Poem-of-the-Day to idle
Build and Test with Bazel	Run UI tests	2025-11-28T01:53:47.1558220Z     t =    10.66s Checking `Expect predicate `exists == 1` for object "poem_title" StaticText`
Build and Test with Bazel	Run UI tests	2025-11-28T01:53:47.1561060Z     t =    10.67s     Checking existence of `"poem_title" StaticText`
Build and Test with Bazel	Run UI tests	2025-11-28T01:53:47.1564620Z     t =    10.69s Tear Down
Build and Test with Bazel	Run UI tests	2025-11-28T01:53:47.1568290Z Test Case '-[PoemOfTheDayUITests.NavigationUITests testHistoryNavigation]' passed (10.896 seconds).
Build and Test with Bazel	Run UI tests	2025-11-28T01:53:47.1571880Z Test Case '-[PoemOfTheDayUITests.NavigationUITests testSettingsNavigation]' started.
Build and Test with Bazel	Run UI tests	2025-11-28T01:53:47.1573460Z     t =     0.00s Start Test at 2025-11-28 01:48:37.472
Build and Test with Bazel	Run UI tests	2025-11-28T01:53:47.1574980Z     t =     0.00s Set Up
Build and Test with Bazel	Run UI tests	2025-11-28T01:53:47.1576970Z     t =     0.00s     Open Stevereitz.Poem-of-the-Day
Build and Test with Bazel	Run UI tests	2025-11-28T01:53:47.1578880Z     t =     0.00s         Launch Stevereitz.Poem-of-the-Day
Build and Test with Bazel	Run UI tests	2025-11-28T01:53:47.1580570Z     t =     0.00s             Terminate Stevereitz.Poem-of-the-Day:45436
Build and Test with Bazel	Run UI tests	2025-11-28T01:53:47.1582260Z     t =     1.54s             Setting up automation session
Build and Test with Bazel	Run UI tests	2025-11-28T01:53:47.1586830Z     t =     2.10s             Wait for Stevereitz.Poem-of-the-Day to idle
Build and Test with Bazel	Run UI tests	2025-11-28T01:53:47.1587380Z     t =     4.54s Checking `Expect predicate `exists == 1` for object "poem_title" StaticText`
Build and Test with Bazel	Run UI tests	2025-11-28T01:53:47.1593250Z     t =     4.54s     Checking existence of `"poem_title" StaticText`
Build and Test with Bazel	Run UI tests	2025-11-28T01:53:47.1594940Z     t =     5.81s Checking `Expect predicate `exists == 1` for object "menu_button" Button`
Build and Test with Bazel	Run UI tests	2025-11-28T01:53:47.1595730Z     t =     5.81s     Checking existence of `"menu_button" Button`
Build and Test with Bazel	Run UI tests	2025-11-28T01:53:47.1600630Z     t =     5.85s Find the "menu_button" Button
Build and Test with Bazel	Run UI tests	2025-11-28T01:53:47.1601460Z     t =     5.91s Tap "menu_button" Button[0.50, 0.50]
Build and Test with Bazel	Run UI tests	2025-11-28T01:53:47.1603050Z     t =     5.91s     Wait for Stevereitz.Poem-of-the-Day to idle
Build and Test with Bazel	Run UI tests	2025-11-28T01:53:47.1605650Z     t =     5.91s     Find the "menu_button" Button
Build and Test with Bazel	Run UI tests	2025-11-28T01:53:47.1607000Z     t =     5.94s     Check for interrupting elements affecting "menu_button" Button
Build and Test with Bazel	Run UI tests	2025-11-28T01:53:47.1608660Z     t =     5.97s     Synthesize event
Build and Test with Bazel	Run UI tests	2025-11-28T01:53:47.1610620Z     t =     5.97s         Find the "menu_button" Button
Build and Test with Bazel	Run UI tests	2025-11-28T01:53:47.1611240Z     t =     6.00s         Find the "menu_button" Button
Build and Test with Bazel	Run UI tests	2025-11-28T01:53:47.1617060Z     t =     6.05s         Find the "menu_button" Button
Build and Test with Bazel	Run UI tests	2025-11-28T01:53:47.1620250Z     t =     6.37s     Wait for Stevereitz.Poem-of-the-Day to idle
Build and Test with Bazel	Run UI tests	2025-11-28T01:53:47.1621120Z     t =     7.38s Checking `Expect predicate `exists == 1` for object "Settings" Button`
Build and Test with Bazel	Run UI tests	2025-11-28T01:53:47.1621810Z     t =     7.38s     Checking existence of `"Settings" Button`
Build and Test with Bazel	Run UI tests	2025-11-28T01:53:47.1622350Z     t =     7.43s Tap "Settings" Button
Build and Test with Bazel	Run UI tests	2025-11-28T01:53:47.1622620Z     t =     7.43s     Wait for Stevereitz.Poem-of-the-Day to idle
Build and Test with Bazel	Run UI tests	2025-11-28T01:53:47.1622960Z     t =     7.43s     Find the "Settings" Button
Build and Test with Bazel	Run UI tests	2025-11-28T01:53:47.1623920Z     t =     7.52s     Check for interrupting elements affecting "gearshape" Button
Build and Test with Bazel	Run UI tests	2025-11-28T01:53:47.1624910Z     t =     7.57s     Synthesize event
Build and Test with Bazel	Run UI tests	2025-11-28T01:53:47.1625690Z     t =     7.87s     Wait for Stevereitz.Poem-of-the-Day to idle
Build and Test with Bazel	Run UI tests	2025-11-28T01:53:47.1627840Z     t =     9.15s Checking `Expect predicate `exists == 1` for object "Settings" NavigationBar`
Build and Test with Bazel	Run UI tests	2025-11-28T01:53:47.1629610Z     t =     9.15s     Checking existence of `"Settings" NavigationBar`
Build and Test with Bazel	Run UI tests	2025-11-28T01:53:47.1630620Z     t =     9.24s Checking existence of `"Settings" NavigationBar`
Build and Test with Bazel	Run UI tests	2025-11-28T01:53:47.1631070Z     t =     9.31s Checking existence of `"notification_settings_button" Button`
Build and Test with Bazel	Run UI tests	2025-11-28T01:53:47.1633430Z     t =     9.36s Tap "Done" Button
Build and Test with Bazel	Run UI tests	2025-11-28T01:53:47.1633660Z     t =     9.36s     Wait for Stevereitz.Poem-of-the-Day to idle
Build and Test with Bazel	Run UI tests	2025-11-28T01:53:47.1634050Z     t =     9.37s     Find the "Done" Button
Build and Test with Bazel	Run UI tests	2025-11-28T01:53:47.1634400Z     t =     9.42s     Check for interrupting elements affecting "Done" Button
Build and Test with Bazel	Run UI tests	2025-11-28T01:53:47.1635900Z     t =     9.47s     Synthesize event
Build and Test with Bazel	Run UI tests	2025-11-28T01:53:47.1637710Z     t =     9.77s     Wait for Stevereitz.Poem-of-the-Day to idle
Build and Test with Bazel	Run UI tests	2025-11-28T01:53:47.1638880Z     t =    11.15s Checking `Expect predicate `exists == 1` for object "poem_title" StaticText`
Build and Test with Bazel	Run UI tests	2025-11-28T01:53:47.1639850Z     t =    11.15s     Checking existence of `"poem_title" StaticText`
Build and Test with Bazel	Run UI tests	2025-11-28T01:53:47.1640130Z     t =    11.20s Tear Down
Build and Test with Bazel	Run UI tests	2025-11-28T01:53:47.1672310Z Test Case '-[PoemOfTheDayUITests.NavigationUITests testSettingsNavigation]' passed (11.413 seconds).
Build and Test with Bazel	Run UI tests	2025-11-28T01:53:47.1672840Z Test Suite 'NavigationUITests' passed at 2025-11-28 01:48:48.885.
Build and Test with Bazel	Run UI tests	2025-11-28T01:53:47.1673190Z 	 Executed 2 tests, with 0 failures (0 unexpected) in 22.309 (22.310) seconds
Build and Test with Bazel	Run UI tests	2025-11-28T01:53:47.1673510Z Test Suite 'PoemUITests' started at 2025-11-28 01:48:48.886.
Build and Test with Bazel	Run UI tests	2025-11-28T01:53:47.1673920Z Test Case '-[PoemOfTheDayUITests.PoemUITests testAccessibility]' started.
Build and Test with Bazel	Run UI tests	2025-11-28T01:53:47.1674220Z     t =     0.00s Start Test at 2025-11-28 01:48:48.887
Build and Test with Bazel	Run UI tests	2025-11-28T01:53:47.1674440Z     t =     0.01s Set Up
Build and Test with Bazel	Run UI tests	2025-11-28T01:53:47.1685070Z 2025-11-28 01:48:48.918 PoemOfTheDayUITests-Runner[44104:188316] PoemUITests: Launching app with arguments: ["--ui-testing", "-UITESTING", "1"]
Build and Test with Bazel	Run UI tests	2025-11-28T01:53:47.1685880Z 2025-11-28 01:48:48.919 PoemOfTheDayUITests-Runner[44104:188316] PoemUITests: Launching app with environment: ["ENABLE_TELEMETRY": "true", "UITESTING": "1", "AI_AVAILABLE": "false"]
Build and Test with Bazel	Run UI tests	2025-11-28T01:53:47.1686460Z     t =     0.03s     Open Stevereitz.Poem-of-the-Day
Build and Test with Bazel	Run UI tests	2025-11-28T01:53:47.1686710Z     t =     0.04s         Launch Stevereitz.Poem-of-the-Day
Build and Test with Bazel	Run UI tests	2025-11-28T01:53:47.1687140Z     t =     0.04s             Terminate Stevereitz.Poem-of-the-Day:45546
Build and Test with Bazel	Run UI tests	2025-11-28T01:53:47.1687530Z     t =     1.54s             Setting up automation session
Build and Test with Bazel	Run UI tests	2025-11-28T01:53:47.1687800Z     t =     2.33s             Wait for Stevereitz.Poem-of-the-Day to idle
Build and Test with Bazel	Run UI tests	2025-11-28T01:53:47.1688110Z     t =     3.73s Waiting 5.0s for "poem_title" StaticText to exist
Build and Test with Bazel	Run UI tests	2025-11-28T01:53:47.1688520Z     t =     4.73s     Checking `Expect predicate `existsNoRetry == 1` for object "poem_title" StaticText`
Build and Test with Bazel	Run UI tests	2025-11-28T01:53:47.1688890Z     t =     4.73s         Checking existence of `"poem_title" StaticText`
Build and Test with Bazel	Run UI tests	2025-11-28T01:53:47.1689210Z     t =     4.95s Checking existence of `"favorite_button" Button`
Build and Test with Bazel	Run UI tests	2025-11-28T01:53:47.1689500Z     t =     5.12s Checking existence of `"share_button" Button`
Build and Test with Bazel	Run UI tests	2025-11-28T01:53:47.1689810Z     t =     5.22s Checking existence of `"refresh_button" Button`
Build and Test with Bazel	Run UI tests	2025-11-28T01:53:47.1690580Z     t =     5.27s Checking existence of `"favorites_button" Button`
Build and Test with Bazel	Run UI tests	2025-11-28T01:53:47.1690820Z     t =     5.28s Tear Down
Build and Test with Bazel	Run UI tests	2025-11-28T01:53:47.1691160Z Test Case '-[PoemOfTheDayUITests.PoemUITests testAccessibility]' passed (5.485 seconds).
Build and Test with Bazel	Run UI tests	2025-11-28T01:53:47.1691600Z Test Case '-[PoemOfTheDayUITests.PoemUITests testConcurrentActions]' started.
Build and Test with Bazel	Run UI tests	2025-11-28T01:53:47.1691930Z     t =     0.00s Start Test at 2025-11-28 01:48:54.371
Build and Test with Bazel	Run UI tests	2025-11-28T01:53:47.1692120Z     t =     0.00s Set Up
Build and Test with Bazel	Run UI tests	2025-11-28T01:53:47.1692540Z 2025-11-28 01:48:54.372 PoemOfTheDayUITests-Runner[44104:188316] PoemUITests: Launching app with arguments: ["--ui-testing", "-UITESTING", "1"]
Build and Test with Bazel	Run UI tests	2025-11-28T01:53:47.1693340Z 2025-11-28 01:48:54.372 PoemOfTheDayUITests-Runner[44104:188316] PoemUITests: Launching app with environment: ["ENABLE_TELEMETRY": "true", "UITESTING": "1", "AI_AVAILABLE": "false"]
Build and Test with Bazel	Run UI tests	2025-11-28T01:53:47.1693910Z     t =     0.00s     Open Stevereitz.Poem-of-the-Day
Build and Test with Bazel	Run UI tests	2025-11-28T01:53:47.1694170Z     t =     0.00s         Launch Stevereitz.Poem-of-the-Day
Build and Test with Bazel	Run UI tests	2025-11-28T01:53:47.1694950Z     t =     0.00s             Terminate Stevereitz.Poem-of-the-Day:45654
Build and Test with Bazel	Run UI tests	2025-11-28T01:53:47.1695330Z     t =     1.74s             Setting up automation session
Build and Test with Bazel	Run UI tests	2025-11-28T01:53:47.1695590Z     t =     2.53s             Wait for Stevereitz.Poem-of-the-Day to idle
Build and Test with Bazel	Run UI tests	2025-11-28T01:53:47.1696070Z     t =     4.21s Waiting 5.0s for "poem_title" StaticText to exist
Build and Test with Bazel	Run UI tests	2025-11-28T01:53:47.1696590Z     t =     5.25s     Checking `Expect predicate `existsNoRetry == 1` for object "poem_title" StaticText`
Build and Test with Bazel	Run UI tests	2025-11-28T01:53:47.1697290Z     t =     5.25s         Checking existence of `"poem_title" StaticText`
Build and Test with Bazel	Run UI tests	2025-11-28T01:53:47.1697780Z     t =     5.84s Tap "favorite_button" Button
Build and Test with Bazel	Run UI tests	2025-11-28T01:53:47.1698380Z     t =     5.84s     Wait for Stevereitz.Poem-of-the-Day to idle
Build and Test with Bazel	Run UI tests	2025-11-28T01:53:47.1698770Z     t =     5.85s     Find the "favorite_button" Button
Build and Test with Bazel	Run UI tests	2025-11-28T01:53:47.1699240Z     t =     6.35s     Check for interrupting elements affecting "favorite_button" Button
Build and Test with Bazel	Run UI tests	2025-11-28T01:53:47.1700190Z     t =     6.45s     Synthesize event
Build and Test with Bazel	Run UI tests	2025-11-28T01:53:47.1700590Z     t =     6.79s     Wait for Stevereitz.Poem-of-the-Day to idle
Build and Test with Bazel	Run UI tests	2025-11-28T01:53:47.1700930Z     t =     6.79s Tap "refresh_button" Button
Build and Test with Bazel	Run UI tests	2025-11-28T01:53:47.1719770Z     t =     6.80s     Wait for Stevereitz.Poem-of-the-Day to idle
Build and Test with Bazel	Run UI tests	2025-11-28T01:53:47.1720060Z     t =     6.80s     Find the "refresh_button" Button
Build and Test with Bazel	Run UI tests	2025-11-28T01:53:47.1720350Z     t =     6.88s     Check for interrupting elements affecting "refresh_button" Button
Build and Test with Bazel	Run UI tests	2025-11-28T01:53:47.1720620Z     t =     6.92s     Synthesize event
Build and Test with Bazel	Run UI tests	2025-11-28T01:53:47.1720840Z     t =     7.23s     Wait for Stevereitz.Poem-of-the-Day to idle
Build and Test with Bazel	Run UI tests	2025-11-28T01:53:47.1721160Z     t =     9.25s Waiting 5.0s for "poem_title" StaticText to exist
Build and Test with Bazel	Run UI tests	2025-11-28T01:53:47.1722900Z     t =    10.27s     Checking `Expect predicate `existsNoRetry == 1` for object "poem_title" StaticText`
Build and Test with Bazel	Run UI tests	2025-11-28T01:53:47.1725830Z     t =    10.27s         Checking existence of `"poem_title" StaticText`
Build and Test with Bazel	Run UI tests	2025-11-28T01:53:47.1726500Z     t =    10.46s Tear Down
Build and Test with Bazel	Run UI tests	2025-11-28T01:53:47.1726920Z Test Case '-[PoemOfTheDayUITests.PoemUITests testConcurrentActions]' passed (10.671 seconds).
Build and Test with Bazel	Run UI tests	2025-11-28T01:53:47.1729540Z Test Case '-[PoemOfTheDayUITests.PoemUITests testEmptyFavorites]' started.
Build and Test with Bazel	Run UI tests	2025-11-28T01:53:47.1731210Z     t =     0.00s Start Test at 2025-11-28 01:49:05.043
Build and Test with Bazel	Run UI tests	2025-11-28T01:53:47.1731490Z     t =     0.00s Set Up
Build and Test with Bazel	Run UI tests	2025-11-28T01:53:47.1738730Z 2025-11-28 01:49:05.045 PoemOfTheDayUITests-Runner[44104:188316] PoemUITests: Launching app with arguments: ["--ui-testing", "-UITESTING", "1"]
Build and Test with Bazel	Run UI tests	2025-11-28T01:53:47.1741520Z 2025-11-28 01:49:05.047 PoemOfTheDayUITests-Runner[44104:188316] PoemUITests: Launching app with environment: ["AI_AVAILABLE": "false", "ENABLE_TELEMETRY": "true", "UITESTING": "1"]
Build and Test with Bazel	Run UI tests	2025-11-28T01:53:47.1743140Z     t =     0.01s     Open Stevereitz.Poem-of-the-Day
Build and Test with Bazel	Run UI tests	2025-11-28T01:53:47.1744330Z     t =     0.01s         Launch Stevereitz.Poem-of-the-Day
Build and Test with Bazel	Run UI tests	2025-11-28T01:53:47.1748170Z     t =     0.01s             Terminate Stevereitz.Poem-of-the-Day:45701
Build and Test with Bazel	Run UI tests	2025-11-28T01:53:47.1748910Z     t =     1.50s             Setting up automation session
Build and Test with Bazel	Run UI tests	2025-11-28T01:53:47.1750440Z     t =     2.33s             Wait for Stevereitz.Poem-of-the-Day to idle
Build and Test with Bazel	Run UI tests	2025-11-28T01:53:47.1753380Z     t =     4.78s Checking `Expect predicate `exists == 1` for object "favorites_button" Button`
Build and Test with Bazel	Run UI tests	2025-11-28T01:53:47.1755920Z     t =     4.78s     Checking existence of `"favorites_button" Button`
Build and Test with Bazel	Run UI tests	2025-11-28T01:53:47.1757870Z     t =     4.89s Tap "favorites_button" Button
Build and Test with Bazel	Run UI tests	2025-11-28T01:53:47.1759160Z     t =     4.89s     Wait for Stevereitz.Poem-of-the-Day to idle
Build and Test with Bazel	Run UI tests	2025-11-28T01:53:47.1759520Z     t =     4.91s     Find the "favorites_button" Button
Build and Test with Bazel	Run UI tests	2025-11-28T01:53:47.1761570Z     t =     4.96s     Check for interrupting elements affecting "favorites_button" Button
Build and Test with Bazel	Run UI tests	2025-11-28T01:53:47.1762720Z     t =     4.99s     Synthesize event
Build and Test with Bazel	Run UI tests	2025-11-28T01:53:47.1763000Z     t =     5.30s     Wait for Stevereitz.Poem-of-the-Day to idle
Build and Test with Bazel	Run UI tests	2025-11-28T01:53:47.1763900Z     t =     6.77s Checking `Expect predicate `exists == 1` for object "Favorite Poems" NavigationBar`
Build and Test with Bazel	Run UI tests	2025-11-28T01:53:47.1767250Z     t =     6.78s     Checking existence of `"Favorite Poems" NavigationBar`
Build and Test with Bazel	Run UI tests	2025-11-28T01:53:47.1768660Z     t =     6.88s Get number of matches for: Descendants matching type Cell
Build and Test with Bazel	Run UI tests	2025-11-28T01:53:47.1769990Z     t =     7.07s Checking existence of `"favorites_empty_state" Other`
Build and Test with Bazel	Run UI tests	2025-11-28T01:53:47.1801160Z /PoemOfTheDayUITests/PoemUITests.swift:167: error: -[PoemOfTheDayUITests.PoemUITests testEmptyFavorites] : XCTAssertTrue failed
Build and Test with Bazel	Run UI tests	2025-11-28T01:53:47.1803820Z     t =     7.12s Tear Down
Build and Test with Bazel	Run UI tests	2025-11-28T01:53:47.1805040Z Test Case '-[PoemOfTheDayUITests.PoemUITests testEmptyFavorites]' failed (7.326 seconds).
Build and Test with Bazel	Run UI tests	2025-11-28T01:53:47.1805910Z Test Case '-[PoemOfTheDayUITests.PoemUITests testErrorHandling]' started.
Build and Test with Bazel	Run UI tests	2025-11-28T01:53:47.1806280Z     t =     0.00s Start Test at 2025-11-28 01:49:12.369
Build and Test with Bazel	Run UI tests	2025-11-28T01:53:47.1806520Z     t =     0.00s Set Up
Build and Test with Bazel	Run UI tests	2025-11-28T01:53:47.1807340Z 2025-11-28 01:49:12.369 PoemOfTheDayUITests-Runner[44104:188316] PoemUITests: Launching app with arguments: ["--ui-testing", "-UITESTING", "1"]
Build and Test with Bazel	Run UI tests	2025-11-28T01:53:47.1808900Z 2025-11-28 01:49:12.369 PoemOfTheDayUITests-Runner[44104:188316] PoemUITests: Launching app with environment: ["UITESTING": "1", "AI_AVAILABLE": "false", "ENABLE_TELEMETRY": "true"]
Build and Test with Bazel	Run UI tests	2025-11-28T01:53:47.1810260Z     t =     0.00s     Open Stevereitz.Poem-of-the-Day
Build and Test with Bazel	Run UI tests	2025-11-28T01:53:47.1811460Z     t =     0.00s         Launch Stevereitz.Poem-of-the-Day
Build and Test with Bazel	Run UI tests	2025-11-28T01:53:47.1813090Z     t =     0.00s             Terminate Stevereitz.Poem-of-the-Day:45936
Build and Test with Bazel	Run UI tests	2025-11-28T01:53:47.1813430Z     t =    10.41s             Setting up automation session
Build and Test with Bazel	Run UI tests	2025-11-28T01:53:47.1813720Z     t =    11.23s             Wait for Stevereitz.Poem-of-the-Day to idle
Build and Test with Bazel	Run UI tests	2025-11-28T01:53:47.1814010Z     t =    12.85s Terminate Stevereitz.Poem-of-the-Day:46230
Build and Test with Bazel	Run UI tests	2025-11-28T01:53:47.1814300Z     t =    13.88s Open Stevereitz.Poem-of-the-Day
Build and Test with Bazel	Run UI tests	2025-11-28T01:53:47.1815590Z     t =    13.88s     Launch Stevereitz.Poem-of-the-Day
Build and Test with Bazel	Run UI tests	2025-11-28T01:53:47.1816330Z     t =    14.92s         Setting up automation session
Build and Test with Bazel	Run UI tests	2025-11-28T01:53:47.1816600Z     t =    15.23s         Wait for Stevereitz.Poem-of-the-Day to idle
Build and Test with Bazel	Run UI tests	2025-11-28T01:53:47.1816980Z     t =    17.65s Checking `Expect predicate `exists == 1` for object "refresh_button" Button`
Build and Test with Bazel	Run UI tests	2025-11-28T01:53:47.1817910Z     t =    17.65s     Checking existence of `"refresh_button" Button`
Build and Test with Bazel	Run UI tests	2025-11-28T01:53:47.1818750Z     t =    18.78s Checking `Expect predicate `exists == 1` for object "refresh_button" Button`
Build and Test with Bazel	Run UI tests	2025-11-28T01:53:47.1819130Z     t =    18.78s     Checking existence of `"refresh_button" Button`
Build and Test with Bazel	Run UI tests	2025-11-28T01:53:47.1819390Z     t =    18.81s Tap "refresh_button" Button
Build and Test with Bazel	Run UI tests	2025-11-28T01:53:47.1819660Z     t =    18.81s     Wait for Stevereitz.Poem-of-the-Day to idle
Build and Test with Bazel	Run UI tests	2025-11-28T01:53:47.1820130Z     t =    18.81s     Find the "refresh_button" Button
Build and Test with Bazel	Run UI tests	2025-11-28T01:53:47.1821430Z     t =    18.87s     Check for interrupting elements affecting "refresh_button" Button
Build and Test with Bazel	Run UI tests	2025-11-28T01:53:47.1821760Z     t =    18.92s     Synthesize event
Build and Test with Bazel	Run UI tests	2025-11-28T01:53:47.1822030Z     t =    19.24s     Wait for Stevereitz.Poem-of-the-Day to idle
Build and Test with Bazel	Run UI tests	2025-11-28T01:53:47.1822560Z     t =    19.25s Waiting 5.0s for Alert (First Match) to exist
Build and Test with Bazel	Run UI tests	2025-11-28T01:53:47.1823670Z     t =    20.25s     Checking `Expect predicate `existsNoRetry == 1` for object Alert (First Match)`
Build and Test with Bazel	Run UI tests	2025-11-28T01:53:47.1824120Z     t =    20.25s         Checking existence of `Alert (First Match)`
Build and Test with Bazel	Run UI tests	2025-11-28T01:53:47.1824430Z     t =    20.31s         Capturing element debug description
Build and Test with Bazel	Run UI tests	2025-11-28T01:53:47.1824780Z     t =    21.33s     Checking `Expect predicate `existsNoRetry == 1` for object Alert (First Match)`
Build and Test with Bazel	Run UI tests	2025-11-28T01:53:47.1825180Z     t =    21.33s         Checking existence of `Alert (First Match)`
Build and Test with Bazel	Run UI tests	2025-11-28T01:53:47.1825490Z     t =    21.39s         Capturing element debug description
Build and Test with Bazel	Run UI tests	2025-11-28T01:53:47.1826630Z     t =    22.33s     Checking `Expect predicate `existsNoRetry == 1` for object Alert (First Match)`
Build and Test with Bazel	Run UI tests	2025-11-28T01:53:47.1828630Z     t =    22.33s         Checking existence of `Alert (First Match)`
Build and Test with Bazel	Run UI tests	2025-11-28T01:53:47.1829990Z     t =    22.40s         Capturing element debug description
Build and Test with Bazel	Run UI tests	2025-11-28T01:53:47.1832250Z     t =    23.25s     Checking `Expect predicate `existsNoRetry == 1` for object Alert (First Match)`
Build and Test with Bazel	Run UI tests	2025-11-28T01:53:47.1833860Z     t =    23.25s         Checking existence of `Alert (First Match)`
Build and Test with Bazel	Run UI tests	2025-11-28T01:53:47.1834160Z     t =    23.35s         Capturing element debug description
Build and Test with Bazel	Run UI tests	2025-11-28T01:53:47.1835430Z     t =    24.26s     Checking `Expect predicate `existsNoRetry == 1` for object Alert (First Match)`
Build and Test with Bazel	Run UI tests	2025-11-28T01:53:47.1835870Z     t =    24.26s         Checking existence of `Alert (First Match)`
Build and Test with Bazel	Run UI tests	2025-11-28T01:53:47.1836220Z     t =    24.39s         Capturing element debug description
Build and Test with Bazel	Run UI tests	2025-11-28T01:53:47.1837170Z     t =    24.39s     Checking existence of `Alert (First Match)`
Build and Test with Bazel	Run UI tests	2025-11-28T01:53:47.1837620Z     t =    24.47s Collecting debug information to assist test failure triage
Build and Test with Bazel	Run UI tests	2025-11-28T01:53:47.1839300Z     t =    24.47s     Requesting snapshot of accessibility hierarchy for app with pid 46722
Build and Test with Bazel	Run UI tests	2025-11-28T01:53:47.1839810Z     t =    25.53s Checking `Expect predicate `exists == 1` for object "Poem of the Day" StaticText`
Build and Test with Bazel	Run UI tests	2025-11-28T01:53:47.1859330Z     t =    25.53s     Checking existence of `"Poem of the Day" StaticText`
Build and Test with Bazel	Run UI tests	2025-11-28T01:53:47.1859620Z     t =    25.57s Tear Down
Build and Test with Bazel	Run UI tests	2025-11-28T01:53:47.1859970Z Test Case '-[PoemOfTheDayUITests.PoemUITests testErrorHandling]' passed (25.771 seconds).
Build and Test with Bazel	Run UI tests	2025-11-28T01:53:47.1860420Z Test Case '-[PoemOfTheDayUITests.PoemUITests testFavoriteFunctionality]' started.
Build and Test with Bazel	Run UI tests	2025-11-28T01:53:47.1860860Z     t =     0.00s Start Test at 2025-11-28 01:49:38.140
Build and Test with Bazel	Run UI tests	2025-11-28T01:53:47.1861060Z     t =     0.00s Set Up
Build and Test with Bazel	Run UI tests	2025-11-28T01:53:47.1861480Z 2025-11-28 01:49:38.143 PoemOfTheDayUITests-Runner[44104:188316] PoemUITests: Launching app with arguments: ["--ui-testing", "-UITESTING", "1"]
Build and Test with Bazel	Run UI tests	2025-11-28T01:53:47.1862650Z 2025-11-28 01:49:38.143 PoemOfTheDayUITests-Runner[44104:188316] PoemUITests: Launching app with environment: ["AI_AVAILABLE": "false", "ENABLE_TELEMETRY": "true", "UITESTING": "1"]
Build and Test with Bazel	Run UI tests	2025-11-28T01:53:47.1864380Z     t =     0.00s     Open Stevereitz.Poem-of-the-Day
Build and Test with Bazel	Run UI tests	2025-11-28T01:53:47.1864760Z     t =     0.01s         Launch Stevereitz.Poem-of-the-Day
Build and Test with Bazel	Run UI tests	2025-11-28T01:53:47.1865450Z     t =     0.01s             Terminate Stevereitz.Poem-of-the-Day:46722
Build and Test with Bazel	Run UI tests	2025-11-28T01:53:47.1865740Z     t =     1.46s             Setting up automation session
Build and Test with Bazel	Run UI tests	2025-11-28T01:53:47.1866010Z     t =     2.47s             Wait for Stevereitz.Poem-of-the-Day to idle
Build and Test with Bazel	Run UI tests	2025-11-28T01:53:47.1866380Z     t =     5.08s Checking `Expect predicate `exists == 1` for object "poem_title" StaticText`
Build and Test with Bazel	Run UI tests	2025-11-28T01:53:47.1866730Z     t =     5.08s     Checking existence of `"poem_title" StaticText`
Build and Test with Bazel	Run UI tests	2025-11-28T01:53:47.1868050Z     t =     6.24s Checking `Expect predicate `exists == 1` for object "favorite_button" Button`
Build and Test with Bazel	Run UI tests	2025-11-28T01:53:47.1870770Z     t =     6.24s     Checking existence of `"favorite_button" Button`
Build and Test with Bazel	Run UI tests	2025-11-28T01:53:47.1871570Z     t =     7.30s Checking `Expect predicate `exists == 1` for object "favorite_button" Button`
Build and Test with Bazel	Run UI tests	2025-11-28T01:53:47.1871950Z     t =     7.30s     Checking existence of `"favorite_button" Button`
Build and Test with Bazel	Run UI tests	2025-11-28T01:53:47.1872200Z     t =     7.33s Tap "favorite_button" Button
Build and Test with Bazel	Run UI tests	2025-11-28T01:53:47.1872460Z     t =     7.33s     Wait for Stevereitz.Poem-of-the-Day to idle
Build and Test with Bazel	Run UI tests	2025-11-28T01:53:47.1873110Z     t =     7.34s     Find the "favorite_button" Button
Build and Test with Bazel	Run UI tests	2025-11-28T01:53:47.1873810Z     t =     7.39s     Check for interrupting elements affecting "favorite_button" Button
Build and Test with Bazel	Run UI tests	2025-11-28T01:53:47.1874140Z     t =     7.44s     Synthesize event
Build and Test with Bazel	Run UI tests	2025-11-28T01:53:47.1875510Z     t =     7.76s     Wait for Stevereitz.Poem-of-the-Day to idle
Build and Test with Bazel	Run UI tests	2025-11-28T01:53:47.1877090Z     t =     8.83s Checking `Expect predicate `label == "Unfavorite"` for object "favorite_button" Button`
Build and Test with Bazel	Run UI tests	2025-11-28T01:53:47.1877740Z     t =     8.84s     Find the "favorite_button" Button
Build and Test with Bazel	Run UI tests	2025-11-28T01:53:47.1879540Z     t =     8.86s     Capturing element debug description
Build and Test with Bazel	Run UI tests	2025-11-28T01:53:47.1879910Z     t =     9.06s         Requesting snapshot of accessibility hierarchy for app with pid 46988
Build and Test with Bazel	Run UI tests	2025-11-28T01:53:47.1880300Z     t =     9.10s         Find: Descendants matching type Button
Build and Test with Bazel	Run UI tests	2025-11-28T01:53:47.1880890Z     t =     9.10s         Find: Elements matching predicate '"favorite_button" IN identifiers'
Build and Test with Bazel	Run UI tests	2025-11-28T01:53:47.1881500Z     t =     9.10s         Requesting snapshot of accessibility hierarchy for app with pid 46988
Build and Test with Bazel	Run UI tests	2025-11-28T01:53:47.1881900Z     t =     9.12s         Find: Descendants matching type Button
Build and Test with Bazel	Run UI tests	2025-11-28T01:53:47.1882270Z     t =     9.12s         Requesting snapshot of accessibility hierarchy for app with pid 46988
Build and Test with Bazel	Run UI tests	2025-11-28T01:53:47.1882710Z     t =     9.83s Checking `Expect predicate `label == "Unfavorite"` for object "favorite_button" Button`
Build and Test with Bazel	Run UI tests	2025-11-28T01:53:47.1883120Z     t =     9.83s     Find the "favorite_button" Button
Build and Test with Bazel	Run UI tests	2025-11-28T01:53:47.1883400Z     t =     9.88s     Capturing element debug description
Build and Test with Bazel	Run UI tests	2025-11-28T01:53:47.1883760Z     t =    10.08s         Requesting snapshot of accessibility hierarchy for app with pid 46988
Build and Test with Bazel	Run UI tests	2025-11-28T01:53:47.1884120Z     t =    10.10s         Find: Descendants matching type Button
Build and Test with Bazel	Run UI tests	2025-11-28T01:53:47.1884460Z     t =    10.11s         Find: Elements matching predicate '"favorite_button" IN identifiers'
Build and Test with Bazel	Run UI tests	2025-11-28T01:53:47.1884880Z     t =    10.11s         Requesting snapshot of accessibility hierarchy for app with pid 46988
Build and Test with Bazel	Run UI tests	2025-11-28T01:53:47.1886170Z     t =    10.13s         Find: Descendants matching type Button
Build and Test with Bazel	Run UI tests	2025-11-28T01:53:47.1887800Z     t =    10.13s         Requesting snapshot of accessibility hierarchy for app with pid 46988
Build and Test with Bazel	Run UI tests	2025-11-28T01:53:47.1888280Z     t =    10.81s Checking `Expect predicate `label == "Unfavorite"` for object "favorite_button" Button`
Build and Test with Bazel	Run UI tests	2025-11-28T01:53:47.1889560Z     t =    10.81s     Find the "favorite_button" Button
Build and Test with Bazel	Run UI tests	2025-11-28T01:53:47.1889830Z     t =    10.84s     Capturing element debug description
Build and Test with Bazel	Run UI tests	2025-11-28T01:53:47.1890200Z     t =    11.01s         Requesting snapshot of accessibility hierarchy for app with pid 46988
Build and Test with Bazel	Run UI tests	2025-11-28T01:53:47.1890590Z     t =    11.04s         Find: Descendants matching type Button
Build and Test with Bazel	Run UI tests	2025-11-28T01:53:47.1891660Z     t =    11.04s         Find: Elements matching predicate '"favorite_button" IN identifiers'
Build and Test with Bazel	Run UI tests	2025-11-28T01:53:47.1892160Z     t =    11.05s         Requesting snapshot of accessibility hierarchy for app with pid 46988
Build and Test with Bazel	Run UI tests	2025-11-28T01:53:47.1892560Z     t =    11.08s         Find: Descendants matching type Button
Build and Test with Bazel	Run UI tests	2025-11-28T01:53:47.1892980Z     t =    11.08s         Requesting snapshot of accessibility hierarchy for app with pid 46988
Build and Test with Bazel	Run UI tests	2025-11-28T01:53:47.1893450Z     t =    11.77s Checking `Expect predicate `label == "Unfavorite"` for object "favorite_button" Button`
Build and Test with Bazel	Run UI tests	2025-11-28T01:53:47.1893870Z     t =    11.77s     Find the "favorite_button" Button
Build and Test with Bazel	Run UI tests	2025-11-28T01:53:47.1899480Z     t =    11.81s     Capturing element debug description
Build and Test with Bazel	Run UI tests	2025-11-28T01:53:47.1899840Z     t =    11.99s         Requesting snapshot of accessibility hierarchy for app with pid 46988
Build and Test with Bazel	Run UI tests	2025-11-28T01:53:47.1900180Z     t =    12.01s         Find: Descendants matching type Button
Build and Test with Bazel	Run UI tests	2025-11-28T01:53:47.1900550Z     t =    12.01s         Find: Elements matching predicate '"favorite_button" IN identifiers'
Build and Test with Bazel	Run UI tests	2025-11-28T01:53:47.1900920Z     t =    12.02s         Requesting snapshot of accessibility hierarchy for app with pid 46988
Build and Test with Bazel	Run UI tests	2025-11-28T01:53:47.1901270Z     t =    12.04s         Find: Descendants matching type Button
Build and Test with Bazel	Run UI tests	2025-11-28T01:53:47.1901590Z     t =    12.04s         Requesting snapshot of accessibility hierarchy for app with pid 46988
Build and Test with Bazel	Run UI tests	2025-11-28T01:53:47.1902040Z     t =    12.77s Checking `Expect predicate `label == "Unfavorite"` for object "favorite_button" Button`
Build and Test with Bazel	Run UI tests	2025-11-28T01:53:47.1903050Z     t =    12.77s     Find the "favorite_button" Button
Build and Test with Bazel	Run UI tests	2025-11-28T01:53:47.1903350Z     t =    12.83s     Capturing element debug description
Build and Test with Bazel	Run UI tests	2025-11-28T01:53:47.1903680Z     t =    13.03s         Requesting snapshot of accessibility hierarchy for app with pid 46988
Build and Test with Bazel	Run UI tests	2025-11-28T01:53:47.1905440Z     t =    13.03s         Requesting snapshot of accessibility hierarchy for app with pid 46988
Build and Test with Bazel	Run UI tests	2025-11-28T01:53:47.1905890Z     t =    13.04s         Requesting snapshot of accessibility hierarchy for app with pid 46988
Build and Test with Bazel	Run UI tests	2025-11-28T01:53:47.1906710Z /PoemOfTheDayUITests/PoemUITests.swift:99: error: -[PoemOfTheDayUITests.PoemUITests testFavoriteFunctionality] : XCTAssertTrue failed - Favorite button should show 'Unfavorite' state
Build and Test with Bazel	Run UI tests	2025-11-28T01:53:47.1907410Z     t =    13.04s Tear Down
Build and Test with Bazel	Run UI tests	2025-11-28T01:53:47.1907810Z Test Case '-[PoemOfTheDayUITests.PoemUITests testFavoriteFunctionality]' failed (13.251 seconds).
Build and Test with Bazel	Run UI tests	2025-11-28T01:53:47.1908770Z Test Case '-[PoemOfTheDayUITests.PoemUITests testMainUIElements]' started.
Build and Test with Bazel	Run UI tests	2025-11-28T01:53:47.1909140Z     t =     0.00s Start Test at 2025-11-28 01:49:51.391
Build and Test with Bazel	Run UI tests	2025-11-28T01:53:47.1909370Z     t =     0.00s Set Up
Build and Test with Bazel	Run UI tests	2025-11-28T01:53:47.1909900Z 2025-11-28 01:49:51.392 PoemOfTheDayUITests-Runner[44104:188316] PoemUITests: Launching app with arguments: ["--ui-testing", "-UITESTING", "1"]
Build and Test with Bazel	Run UI tests	2025-11-28T01:53:47.1910770Z 2025-11-28 01:49:51.392 PoemOfTheDayUITests-Runner[44104:188316] PoemUITests: Launching app with environment: ["ENABLE_TELEMETRY": "true", "UITESTING": "1", "AI_AVAILABLE": "false"]
Build and Test with Bazel	Run UI tests	2025-11-28T01:53:47.1911380Z     t =     0.00s     Open Stevereitz.Poem-of-the-Day
Build and Test with Bazel	Run UI tests	2025-11-28T01:53:47.1911650Z     t =     0.00s         Launch Stevereitz.Poem-of-the-Day
Build and Test with Bazel	Run UI tests	2025-11-28T01:53:47.1912000Z     t =     0.00s             Terminate Stevereitz.Poem-of-the-Day:46988
Build and Test with Bazel	Run UI tests	2025-11-28T01:53:47.1912330Z     t =     2.07s             Setting up automation session
Build and Test with Bazel	Run UI tests	2025-11-28T01:53:47.1912690Z     t =     2.94s             Wait for Stevereitz.Poem-of-the-Day to idle
Build and Test with Bazel	Run UI tests	2025-11-28T01:53:47.1913150Z     t =     5.50s Checking `Expect predicate `exists == 1` for object "Poem of the Day" StaticText`
Build and Test with Bazel	Run UI tests	2025-11-28T01:53:47.1913600Z     t =     5.51s     Checking existence of `"Poem of the Day" StaticText`
Build and Test with Bazel	Run UI tests	2025-11-28T01:53:47.1914520Z     t =     6.65s Checking `Expect predicate `exists == 1` for object "refresh_button" Button`
Build and Test with Bazel	Run UI tests	2025-11-28T01:53:47.1915000Z     t =     6.65s     Checking existence of `"refresh_button" Button`
Build and Test with Bazel	Run UI tests	2025-11-28T01:53:47.1915410Z     t =     7.72s Checking `Expect predicate `exists == 1` for object "favorites_button" Button`
Build and Test with Bazel	Run UI tests	2025-11-28T01:53:47.1915880Z     t =     7.72s     Checking existence of `"favorites_button" Button`
Build and Test with Bazel	Run UI tests	2025-11-28T01:53:47.1916190Z     t =     7.75s Tear Down
Build and Test with Bazel	Run UI tests	2025-11-28T01:53:47.1916590Z Test Case '-[PoemOfTheDayUITests.PoemUITests testMainUIElements]' passed (7.950 seconds).
Build and Test with Bazel	Run UI tests	2025-11-28T01:53:47.1917160Z Test Case '-[PoemOfTheDayUITests.PoemUITests testMultipleFavorites]' started.
Build and Test with Bazel	Run UI tests	2025-11-28T01:53:47.1917500Z     t =     0.00s Start Test at 2025-11-28 01:49:59.341
Build and Test with Bazel	Run UI tests	2025-11-28T01:53:47.1917760Z     t =     0.00s Set Up
Build and Test with Bazel	Run UI tests	2025-11-28T01:53:47.1918470Z 2025-11-28 01:49:59.342 PoemOfTheDayUITests-Runner[44104:188316] PoemUITests: Launching app with arguments: ["--ui-testing", "-UITESTING", "1"]
Build and Test with Bazel	Run UI tests	2025-11-28T01:53:47.1919290Z 2025-11-28 01:49:59.343 PoemOfTheDayUITests-Runner[44104:188316] PoemUITests: Launching app with environment: ["AI_AVAILABLE": "false", "UITESTING": "1", "ENABLE_TELEMETRY": "true"]
Build and Test with Bazel	Run UI tests	2025-11-28T01:53:47.1919850Z     t =     0.00s     Open Stevereitz.Poem-of-the-Day
Build and Test with Bazel	Run UI tests	2025-11-28T01:53:47.1920090Z     t =     0.00s         Launch Stevereitz.Poem-of-the-Day
Build and Test with Bazel	Run UI tests	2025-11-28T01:53:47.1920390Z     t =     0.00s             Terminate Stevereitz.Poem-of-the-Day:47071
Build and Test with Bazel	Run UI tests	2025-11-28T01:53:47.1920660Z     t =     1.58s             Setting up automation session
Build and Test with Bazel	Run UI tests	2025-11-28T01:53:47.1920970Z     t =     2.53s             Wait for Stevereitz.Poem-of-the-Day to idle
Build and Test with Bazel	Run UI tests	2025-11-28T01:53:47.1921320Z     t =     5.08s Checking `Expect predicate `exists == 1` for object "poem_title" StaticText`
Build and Test with Bazel	Run UI tests	2025-11-28T01:53:47.1921660Z     t =     5.08s     Checking existence of `"poem_title" StaticText`
Build and Test with Bazel	Run UI tests	2025-11-28T01:53:47.1922050Z     t =     6.23s Checking `Expect predicate `exists == 1` for object "favorite_button" Button`
Build and Test with Bazel	Run UI tests	2025-11-28T01:53:47.1922590Z     t =     6.23s     Checking existence of `"favorite_button" Button`
Build and Test with Bazel	Run UI tests	2025-11-28T01:53:47.1922850Z     t =     6.28s Tap "favorite_button" Button
Build and Test with Bazel	Run UI tests	2025-11-28T01:53:47.1923090Z     t =     6.28s     Wait for Stevereitz.Poem-of-the-Day to idle
Build and Test with Bazel	Run UI tests	2025-11-28T01:53:47.1923350Z     t =     6.29s     Find the "favorite_button" Button
Build and Test with Bazel	Run UI tests	2025-11-28T01:53:47.1923660Z     t =     6.37s     Check for interrupting elements affecting "favorite_button" Button
Build and Test with Bazel	Run UI tests	2025-11-28T01:53:47.1923940Z     t =     6.45s     Synthesize event
Build and Test with Bazel	Run UI tests	2025-11-28T01:53:47.1924170Z     t =     6.77s     Wait for Stevereitz.Poem-of-the-Day to idle
Build and Test with Bazel	Run UI tests	2025-11-28T01:53:47.1924520Z     t =     7.81s Checking `Expect predicate `label == "Unfavorite"` for object "favorite_button" Button`
Build and Test with Bazel	Run UI tests	2025-11-28T01:53:47.1924900Z     t =     7.81s     Find the "favorite_button" Button
Build and Test with Bazel	Run UI tests	2025-11-28T01:53:47.1925180Z     t =     7.96s     Capturing element debug description
Build and Test with Bazel	Run UI tests	2025-11-28T01:53:47.1925550Z     t =     9.20s         Requesting snapshot of accessibility hierarchy for app with pid 47165
Build and Test with Bazel	Run UI tests	2025-11-28T01:53:47.1926030Z     t =     9.23s         Find: Descendants matching type Button
Build and Test with Bazel	Run UI tests	2025-11-28T01:53:47.1926350Z     t =     9.23s         Find: Elements matching predicate '"favorite_button" IN identifiers'
Build and Test with Bazel	Run UI tests	2025-11-28T01:53:47.1926750Z     t =     9.23s         Requesting snapshot of accessibility hierarchy for app with pid 47165
Build and Test with Bazel	Run UI tests	2025-11-28T01:53:47.1927120Z     t =     9.26s         Find: Descendants matching type Button
Build and Test with Bazel	Run UI tests	2025-11-28T01:53:47.1935230Z     t =     9.26s         Requesting snapshot of accessibility hierarchy for app with pid 47165
Build and Test with Bazel	Run UI tests	2025-11-28T01:53:47.1936440Z     t =     9.81s Checking `Expect predicate `label == "Unfavorite"` for object "favorite_button" Button`
Build and Test with Bazel	Run UI tests	2025-11-28T01:53:47.1937410Z     t =     9.81s     Find the "favorite_button" Button
Build and Test with Bazel	Run UI tests	2025-11-28T01:53:47.1938140Z     t =     9.88s     Capturing element debug description
Build and Test with Bazel	Run UI tests	2025-11-28T01:53:47.1939040Z     t =    10.14s         Requesting snapshot of accessibility hierarchy for app with pid 47165
Build and Test with Bazel	Run UI tests	2025-11-28T01:53:47.1939990Z     t =    10.17s         Find: Descendants matching type Button
Build and Test with Bazel	Run UI tests	2025-11-28T01:53:47.1940860Z     t =    10.17s         Find: Elements matching predicate '"favorite_button" IN identifiers'
Build and Test with Bazel	Run UI tests	2025-11-28T01:53:47.1995240Z     t =    10.17s         Requesting snapshot of accessibility hierarchy for app with pid 47165
Build and Test with Bazel	Run UI tests	2025-11-28T01:53:47.1996060Z     t =    10.20s         Find: Descendants matching type Button
Build and Test with Bazel	Run UI tests	2025-11-28T01:53:47.1996420Z     t =    10.20s         Requesting snapshot of accessibility hierarchy for app with pid 47165
Build and Test with Bazel	Run UI tests	2025-11-28T01:53:47.1997840Z     t =    10.81s Checking `Expect predicate `label == "Unfavorite"` for object "favorite_button" Button`
Build and Test with Bazel	Run UI tests	2025-11-28T01:53:47.1999730Z     t =    10.81s     Find the "favorite_button" Button
Build and Test with Bazel	Run UI tests	2025-11-28T01:53:47.2000990Z     t =    10.84s     Capturing element debug description
Build and Test with Bazel	Run UI tests	2025-11-28T01:53:47.2011340Z     t =    11.15s         Requesting snapshot of accessibility hierarchy for app with pid 47165
Build and Test with Bazel	Run UI tests	2025-11-28T01:53:47.2011720Z     t =    11.19s         Find: Descendants matching type Button
Build and Test with Bazel	Run UI tests	2025-11-28T01:53:47.2012090Z     t =    11.19s         Find: Elements matching predicate '"favorite_button" IN identifiers'
Build and Test with Bazel	Run UI tests	2025-11-28T01:53:47.2012480Z     t =    11.19s         Requesting snapshot of accessibility hierarchy for app with pid 47165
Build and Test with Bazel	Run UI tests	2025-11-28T01:53:47.2012820Z     t =    11.23s         Find: Descendants matching type Button
Build and Test with Bazel	Run UI tests	2025-11-28T01:53:47.2015650Z     t =    11.23s         Requesting snapshot of accessibility hierarchy for app with pid 47165
Build and Test with Bazel	Run UI tests	2025-11-28T01:53:47.2017050Z     t =    11.78s Checking `Expect predicate `label == "Unfavorite"` for object "favorite_button" Button`
Build and Test with Bazel	Run UI tests	2025-11-28T01:53:47.2026900Z     t =    11.78s     Find the "favorite_button" Button
Build and Test with Bazel	Run UI tests	2025-11-28T01:53:47.2027580Z     t =    11.80s     Capturing element debug description
Build and Test with Bazel	Run UI tests	2025-11-28T01:53:47.2028490Z     t =    12.03s         Requesting snapshot of accessibility hierarchy for app with pid 47165
Build and Test with Bazel	Run UI tests	2025-11-28T01:53:47.2034800Z     t =    12.03s         Requesting snapshot of accessibility hierarchy for app with pid 47165
Build and Test with Bazel	Run UI tests	2025-11-28T01:53:47.2035250Z     t =    12.03s         Requesting snapshot of accessibility hierarchy for app with pid 47165
Build and Test with Bazel	Run UI tests	2025-11-28T01:53:47.2035840Z /PoemOfTheDayUITests/PoemUITests.swift:182: error: -[PoemOfTheDayUITests.PoemUITests testMultipleFavorites] : XCTAssertTrue failed
Build and Test with Bazel	Run UI tests	2025-11-28T01:53:47.2036370Z     t =    12.04s Tear Down
Build and Test with Bazel	Run UI tests	2025-11-28T01:53:47.2036780Z Test Case '-[PoemOfTheDayUITests.PoemUITests testMultipleFavorites]' failed (12.247 seconds).
Build and Test with Bazel	Run UI tests	2025-11-28T01:53:47.2037310Z Test Case '-[PoemOfTheDayUITests.PoemUITests testPoemDisplay]' started.
Build and Test with Bazel	Run UI tests	2025-11-28T01:53:47.2041170Z     t =     0.00s Start Test at 2025-11-28 01:50:11.588
Build and Test with Bazel	Run UI tests	2025-11-28T01:53:47.2041660Z     t =     0.00s Set Up
Build and Test with Bazel	Run UI tests	2025-11-28T01:53:47.2042140Z 2025-11-28 01:50:11.589 PoemOfTheDayUITests-Runner[44104:188316] PoemUITests: Launching app with arguments: ["--ui-testing", "-UITESTING", "1"]
Build and Test with Bazel	Run UI tests	2025-11-28T01:53:47.2048330Z 2025-11-28 01:50:11.589 PoemOfTheDayUITests-Runner[44104:188316] PoemUITests: Launching app with environment: ["ENABLE_TELEMETRY": "true", "AI_AVAILABLE": "false", "UITESTING": "1"]
Build and Test with Bazel	Run UI tests	2025-11-28T01:53:47.2048990Z     t =     0.00s     Open Stevereitz.Poem-of-the-Day
Build and Test with Bazel	Run UI tests	2025-11-28T01:53:47.2049290Z     t =     0.00s         Launch Stevereitz.Poem-of-the-Day
Build and Test with Bazel	Run UI tests	2025-11-28T01:53:47.2049620Z     t =     0.00s             Terminate Stevereitz.Poem-of-the-Day:47165
Build and Test with Bazel	Run UI tests	2025-11-28T01:53:47.2049970Z     t =     2.93s             Setting up automation session
Build and Test with Bazel	Run UI tests	2025-11-28T01:53:47.2050270Z     t =     3.78s             Wait for Stevereitz.Poem-of-the-Day to idle
Build and Test with Bazel	Run UI tests	2025-11-28T01:53:47.2050650Z     t =     6.33s Checking `Expect predicate `exists == 1` for object "poem_title" StaticText`
Build and Test with Bazel	Run UI tests	2025-11-28T01:53:47.2051040Z     t =     6.33s     Checking existence of `"poem_title" StaticText`
Build and Test with Bazel	Run UI tests	2025-11-28T01:53:47.2051340Z     t =     6.45s Checking existence of `"poem_title" StaticText`
Build and Test with Bazel	Run UI tests	2025-11-28T01:53:47.2051620Z     t =     6.50s Checking existence of `"poem_content" StaticText`
Build and Test with Bazel	Run UI tests	2025-11-28T01:53:47.2051910Z     t =     6.53s Checking existence of `"poem_author" StaticText`
Build and Test with Bazel	Run UI tests	2025-11-28T01:53:47.2052160Z     t =     6.55s Find the "poem_title" StaticText
Build and Test with Bazel	Run UI tests	2025-11-28T01:53:47.2052380Z     t =     6.58s Find the "poem_author" StaticText
Build and Test with Bazel	Run UI tests	2025-11-28T01:53:47.2052570Z     t =     6.61s Tear Down
Build and Test with Bazel	Run UI tests	2025-11-28T01:53:47.2052870Z Test Case '-[PoemOfTheDayUITests.PoemUITests testPoemDisplay]' passed (6.818 seconds).
Build and Test with Bazel	Run UI tests	2025-11-28T01:53:47.2053290Z Test Case '-[PoemOfTheDayUITests.PoemUITests testPullToRefresh]' started.
Build and Test with Bazel	Run UI tests	2025-11-28T01:53:47.2053590Z     t =     0.00s Start Test at 2025-11-28 01:50:18.407
Build and Test with Bazel	Run UI tests	2025-11-28T01:53:47.2053780Z     t =     0.00s Set Up
Build and Test with Bazel	Run UI tests	2025-11-28T01:53:47.2054190Z 2025-11-28 01:50:18.408 PoemOfTheDayUITests-Runner[44104:188316] PoemUITests: Launching app with arguments: ["--ui-testing", "-UITESTING", "1"]
Build and Test with Bazel	Run UI tests	2025-11-28T01:53:47.2149990Z 2025-11-28 01:50:18.408 PoemOfTheDayUITests-Runner[44104:188316] PoemUITests: Launching app with environment: ["ENABLE_TELEMETRY": "true", "AI_AVAILABLE": "false", "UITESTING": "1"]
Build and Test with Bazel	Run UI tests	2025-11-28T01:53:47.2154220Z     t =     0.00s     Open Stevereitz.Poem-of-the-Day
Build and Test with Bazel	Run UI tests	2025-11-28T01:53:47.2155220Z     t =     0.00s         Launch Stevereitz.Poem-of-the-Day
Build and Test with Bazel	Run UI tests	2025-11-28T01:53:47.2157280Z     t =     0.00s             Terminate Stevereitz.Poem-of-the-Day:47284
Build and Test with Bazel	Run UI tests	2025-11-28T01:53:47.2157620Z     t =     2.21s             Setting up automation session
Build and Test with Bazel	Run UI tests	2025-11-28T01:53:47.2157950Z     t =     3.05s             Wait for Stevereitz.Poem-of-the-Day to idle
Build and Test with Bazel	Run UI tests	2025-11-28T01:53:47.2159020Z     t =     5.56s Checking `Expect predicate `exists == 1` for object "poem_title" StaticText`
Build and Test with Bazel	Run UI tests	2025-11-28T01:53:47.2159420Z     t =     5.56s     Checking existence of `"poem_title" StaticText`
Build and Test with Bazel	Run UI tests	2025-11-28T01:53:47.2160570Z     t =     5.69s Press ScrollView (First Match)[0.50, 0.10] for 0.1 seconds, then drag to ScrollView (First Match)[0.50, 0.90] with velocity of 500.00 pixels per second, and then hold for 0.0 seconds 
Build and Test with Bazel	Run UI tests	2025-11-28T01:53:47.2165520Z     t =     5.69s     Wait for Stevereitz.Poem-of-the-Day to idle
Build and Test with Bazel	Run UI tests	2025-11-28T01:53:47.2168060Z     t =     5.69s     Find the ScrollView (First Match)
Build and Test with Bazel	Run UI tests	2025-11-28T01:53:47.2169150Z     t =     5.77s     Check for interrupting elements affecting ScrollView
Build and Test with Bazel	Run UI tests	2025-11-28T01:53:47.2170000Z     t =     5.82s     Synthesize event
Build and Test with Bazel	Run UI tests	2025-11-28T01:53:47.2171230Z     t =     5.82s         Find the ScrollView at {{0.0, 0.0}, {393.0, 852.0}}
Build and Test with Bazel	Run UI tests	2025-11-28T01:53:47.2172560Z     t =     5.86s         Find the ScrollView at {{0.0, 0.0}, {393.0, 852.0}}
Build and Test with Bazel	Run UI tests	2025-11-28T01:53:47.2174460Z     t =     5.90s         Find the ScrollView at {{0.0, 0.0}, {393.0, 852.0}}
Build and Test with Bazel	Run UI tests	2025-11-28T01:53:47.2175320Z     t =     5.95s         Find the ScrollView at {{0.0, 0.0}, {393.0, 852.0}}
Build and Test with Bazel	Run UI tests	2025-11-28T01:53:47.2175710Z     t =     5.99s         Find the ScrollView at {{0.0, 0.0}, {393.0, 852.0}}
Build and Test with Bazel	Run UI tests	2025-11-28T01:53:47.2177630Z     t =     7.75s     Wait for Stevereitz.Poem-of-the-Day to idle
Build and Test with Bazel	Run UI tests	2025-11-28T01:53:47.2177960Z     t =    10.75s Checking existence of `"poem_title" StaticText`
Build and Test with Bazel	Run UI tests	2025-11-28T01:53:47.2178880Z     t =    10.82s Checking existence of `"poem_content" StaticText`
Build and Test with Bazel	Run UI tests	2025-11-28T01:53:47.2180640Z     t =    10.87s Checking existence of `"poem_author" StaticText`
Build and Test with Bazel	Run UI tests	2025-11-28T01:53:47.2181650Z     t =    10.90s Tear Down
Build and Test with Bazel	Run UI tests	2025-11-28T01:53:47.2182270Z Test Case '-[PoemOfTheDayUITests.PoemUITests testPullToRefresh]' passed (11.105 seconds).
Build and Test with Bazel	Run UI tests	2025-11-28T01:53:47.2184120Z Test Case '-[PoemOfTheDayUITests.PoemUITests testRefreshFunctionality]' started.
Build and Test with Bazel	Run UI tests	2025-11-28T01:53:47.2196930Z     t =     0.00s Start Test at 2025-11-28 01:50:29.511
Build and Test with Bazel	Run UI tests	2025-11-28T01:53:47.2228770Z     t =     0.00s Set Up
Build and Test with Bazel	Run UI tests	2025-11-28T01:53:47.2229370Z 2025-11-28 01:50:29.512 PoemOfTheDayUITests-Runner[44104:188316] PoemUITests: Launching app with arguments: ["--ui-testing", "-UITESTING", "1"]
Build and Test with Bazel	Run UI tests	2025-11-28T01:53:47.2230350Z 2025-11-28 01:50:29.512 PoemOfTheDayUITests-Runner[44104:188316] PoemUITests: Launching app with environment: ["ENABLE_TELEMETRY": "true", "UITESTING": "1", "AI_AVAILABLE": "false"]
Build and Test with Bazel	Run UI tests	2025-11-28T01:53:47.2231400Z     t =     0.00s     Open Stevereitz.Poem-of-the-Day
Build and Test with Bazel	Run UI tests	2025-11-28T01:53:47.2231780Z     t =     0.00s         Launch Stevereitz.Poem-of-the-Day
Build and Test with Bazel	Run UI tests	2025-11-28T01:53:47.2232460Z     t =     0.00s             Terminate Stevereitz.Poem-of-the-Day:47341
Build and Test with Bazel	Run UI tests	2025-11-28T01:53:47.2234200Z     t =     1.57s             Setting up automation session
Build and Test with Bazel	Run UI tests	2025-11-28T01:53:47.2234580Z     t =     2.58s             Wait for Stevereitz.Poem-of-the-Day to idle
Build and Test with Bazel	Run UI tests	2025-11-28T01:53:47.2237280Z     t =     5.24s Checking `Expect predicate `exists == 1` for object "poem_title" StaticText`
Build and Test with Bazel	Run UI tests	2025-11-28T01:53:47.2238810Z     t =     5.24s     Checking existence of `"poem_title" StaticText`
Build and Test with Bazel	Run UI tests	2025-11-28T01:53:47.2239190Z     t =     5.34s Find the "poem_title" StaticText
Build and Test with Bazel	Run UI tests	2025-11-28T01:53:47.2239570Z     t =     6.44s Checking `Expect predicate `exists == 1` for object "refresh_button" Button`
Build and Test with Bazel	Run UI tests	2025-11-28T01:53:47.2240570Z     t =     6.44s     Checking existence of `"refresh_button" Button`
Build and Test with Bazel	Run UI tests	2025-11-28T01:53:47.2240960Z     t =     6.48s Tap "refresh_button" Button
Build and Test with Bazel	Run UI tests	2025-11-28T01:53:47.2241590Z     t =     6.48s     Wait for Stevereitz.Poem-of-the-Day to idle
Build and Test with Bazel	Run UI tests	2025-11-28T01:53:47.2242300Z     t =     6.49s     Find the "refresh_button" Button
Build and Test with Bazel	Run UI tests	2025-11-28T01:53:47.2243580Z     t =     6.54s     Check for interrupting elements affecting "refresh_button" Button
Build and Test with Bazel	Run UI tests	2025-11-28T01:53:47.2244100Z     t =     6.60s     Synthesize event
Build and Test with Bazel	Run UI tests	2025-11-28T01:53:47.2244450Z     t =     6.95s     Wait for Stevereitz.Poem-of-the-Day to idle
Build and Test with Bazel	Run UI tests	2025-11-28T01:53:47.2245210Z     t =     6.95s Checking existence of `ActivityIndicator (First Match)`
Build and Test with Bazel	Run UI tests	2025-11-28T01:53:47.2245680Z     t =     7.17s Find the ActivityIndicator (First Match)
Build and Test with Bazel	Run UI tests	2025-11-28T01:53:47.2247770Z     t =     8.47s     Find the ActivityIndicator (First Match) (retry 1)
Build and Test with Bazel	Run UI tests	2025-11-28T01:53:47.2249200Z     t =     9.63s     Find the ActivityIndicator (First Match) (retry 2)
Build and Test with Bazel	Run UI tests	2025-11-28T01:53:47.2274950Z     t =    11.37s Checking `Expect predicate `exists == 1` for object "poem_title" StaticText`
Build and Test with Bazel	Run UI tests	2025-11-28T01:53:47.2276090Z     t =    11.37s     Checking existence of `"poem_title" StaticText`
Build and Test with Bazel	Run UI tests	2025-11-28T01:53:47.2276330Z     t =    11.42s Find the "poem_title" StaticText
Build and Test with Bazel	Run UI tests	2025-11-28T01:53:47.2276530Z     t =    11.46s Tear Down
Build and Test with Bazel	Run UI tests	2025-11-28T01:53:47.2276880Z Test Case '-[PoemOfTheDayUITests.PoemUITests testRefreshFunctionality]' passed (11.671 seconds).
Build and Test with Bazel	Run UI tests	2025-11-28T01:53:47.2277360Z Test Case '-[PoemOfTheDayUITests.PoemUITests testShareFunctionality]' started.
Build and Test with Bazel	Run UI tests	2025-11-28T01:53:47.2277670Z     t =     0.00s Start Test at 2025-11-28 01:50:41.183
Build and Test with Bazel	Run UI tests	2025-11-28T01:53:47.2277890Z     t =     0.00s Set Up
Build and Test with Bazel	Run UI tests	2025-11-28T01:53:47.2278340Z 2025-11-28 01:50:41.184 PoemOfTheDayUITests-Runner[44104:188316] PoemUITests: Launching app with arguments: ["--ui-testing", "-UITESTING", "1"]
Build and Test with Bazel	Run UI tests	2025-11-28T01:53:47.2279180Z 2025-11-28 01:50:41.184 PoemOfTheDayUITests-Runner[44104:188316] PoemUITests: Launching app with environment: ["UITESTING": "1", "AI_AVAILABLE": "false", "ENABLE_TELEMETRY": "true"]
Build and Test with Bazel	Run UI tests	2025-11-28T01:53:47.2279800Z     t =     0.00s     Open Stevereitz.Poem-of-the-Day
Build and Test with Bazel	Run UI tests	2025-11-28T01:53:47.2280110Z     t =     0.00s         Launch Stevereitz.Poem-of-the-Day
Build and Test with Bazel	Run UI tests	2025-11-28T01:53:47.2280420Z     t =     0.00s             Terminate Stevereitz.Poem-of-the-Day:47438
Build and Test with Bazel	Run UI tests	2025-11-28T01:53:47.2280770Z     t =     6.34s             Setting up automation session
Build and Test with Bazel	Run UI tests	2025-11-28T01:53:47.2281030Z     t =     7.08s             Wait for Stevereitz.Poem-of-the-Day to idle
Build and Test with Bazel	Run UI tests	2025-11-28T01:53:47.2281370Z     t =     9.52s Checking `Expect predicate `exists == 1` for object "poem_title" StaticText`
Build and Test with Bazel	Run UI tests	2025-11-28T01:53:47.2281740Z     t =     9.52s     Checking existence of `"poem_title" StaticText`
Build and Test with Bazel	Run UI tests	2025-11-28T01:53:47.2282110Z     t =    10.63s Checking `Expect predicate `exists == 1` for object "share_button" Button`
Build and Test with Bazel	Run UI tests	2025-11-28T01:53:47.2282460Z     t =    10.64s     Checking existence of `"share_button" Button`
Build and Test with Bazel	Run UI tests	2025-11-28T01:53:47.2282790Z     t =    11.70s Checking `Expect predicate `exists == 1` for object "share_button" Button`
Build and Test with Bazel	Run UI tests	2025-11-28T01:53:47.2283150Z     t =    11.70s     Checking existence of `"share_button" Button`
Build and Test with Bazel	Run UI tests	2025-11-28T01:53:47.2283410Z     t =    11.74s Tap "share_button" Button
Build and Test with Bazel	Run UI tests	2025-11-28T01:53:47.2283670Z     t =    11.74s     Wait for Stevereitz.Poem-of-the-Day to idle
Build and Test with Bazel	Run UI tests	2025-11-28T01:53:47.2283930Z     t =    11.74s     Find the "share_button" Button
Build and Test with Bazel	Run UI tests	2025-11-28T01:53:47.2284550Z     t =    11.82s     Check for interrupting elements affecting "share_button" Button
Build and Test with Bazel	Run UI tests	2025-11-28T01:53:47.2284980Z     t =    11.88s     Synthesize event
Build and Test with Bazel	Run UI tests	2025-11-28T01:53:47.2285240Z     t =    12.22s     Wait for Stevereitz.Poem-of-the-Day to idle
Build and Test with Bazel	Run UI tests	2025-11-28T01:53:47.2285540Z     t =    12.55s Waiting 10.0s for Sheet (First Match) to exist
Build and Test with Bazel	Run UI tests	2025-11-28T01:53:47.2285890Z     t =    13.58s     Checking `Expect predicate `existsNoRetry == 1` for object Sheet (First Match)`
Build and Test with Bazel	Run UI tests	2025-11-28T01:53:47.2286530Z     t =    13.58s         Checking existence of `Sheet (First Match)`
Build and Test with Bazel	Run UI tests	2025-11-28T01:53:47.2286990Z     t =    14.51s         Capturing element debug description
Build and Test with Bazel	Run UI tests	2025-11-28T01:53:47.2287370Z     t =    14.59s     Checking `Expect predicate `existsNoRetry == 1` for object Sheet (First Match)`
Build and Test with Bazel	Run UI tests	2025-11-28T01:53:47.2287720Z     t =    14.59s         Checking existence of `Sheet (First Match)`
Build and Test with Bazel	Run UI tests	2025-11-28T01:53:47.2287990Z     t =    15.42s         Capturing element debug description
Build and Test with Bazel	Run UI tests	2025-11-28T01:53:47.2288340Z     t =    15.62s     Checking `Expect predicate `existsNoRetry == 1` for object Sheet (First Match)`
Build and Test with Bazel	Run UI tests	2025-11-28T01:53:47.2288710Z     t =    15.62s         Checking existence of `Sheet (First Match)`
Build and Test with Bazel	Run UI tests	2025-11-28T01:53:47.2289020Z     t =    15.78s         Capturing element debug description
Build and Test with Bazel	Run UI tests	2025-11-28T01:53:47.2290500Z     t =    16.57s     Checking `Expect predicate `existsNoRetry == 1` for object Sheet (First Match)`
Build and Test with Bazel	Run UI tests	2025-11-28T01:53:47.2291810Z     t =    16.57s         Checking existence of `Sheet (First Match)`
Build and Test with Bazel	Run UI tests	2025-11-28T01:53:47.2292090Z     t =    16.75s         Capturing element debug description
Build and Test with Bazel	Run UI tests	2025-11-28T01:53:47.2292440Z     t =    17.57s     Checking `Expect predicate `existsNoRetry == 1` for object Sheet (First Match)`
Build and Test with Bazel	Run UI tests	2025-11-28T01:53:47.2292940Z     t =    17.57s         Checking existence of `Sheet (First Match)`
Build and Test with Bazel	Run UI tests	2025-11-28T01:53:47.2293230Z     t =    17.78s         Capturing element debug description
Build and Test with Bazel	Run UI tests	2025-11-28T01:53:47.2293570Z     t =    18.57s     Checking `Expect predicate `existsNoRetry == 1` for object Sheet (First Match)`
Build and Test with Bazel	Run UI tests	2025-11-28T01:53:47.2294180Z     t =    18.57s         Checking existence of `Sheet (First Match)`
Build and Test with Bazel	Run UI tests	2025-11-28T01:53:47.2294490Z     t =    18.76s         Capturing element debug description
Build and Test with Bazel	Run UI tests	2025-11-28T01:53:47.2294860Z     t =    19.58s     Checking `Expect predicate `existsNoRetry == 1` for object Sheet (First Match)`
Build and Test with Bazel	Run UI tests	2025-11-28T01:53:47.2295220Z     t =    19.59s         Checking existence of `Sheet (First Match)`
Build and Test with Bazel	Run UI tests	2025-11-28T01:53:47.2295470Z     t =    19.69s         Capturing element debug description
Build and Test with Bazel	Run UI tests	2025-11-28T01:53:47.2295840Z     t =    20.57s     Checking `Expect predicate `existsNoRetry == 1` for object Sheet (First Match)`
Build and Test with Bazel	Run UI tests	2025-11-28T01:53:47.2296450Z     t =    20.57s         Checking existence of `Sheet (First Match)`
Build and Test with Bazel	Run UI tests	2025-11-28T01:53:47.2296740Z     t =    20.67s         Capturing element debug description
Build and Test with Bazel	Run UI tests	2025-11-28T01:53:47.2297110Z     t =    21.61s     Checking `Expect predicate `existsNoRetry == 1` for object Sheet (First Match)`
Build and Test with Bazel	Run UI tests	2025-11-28T01:53:47.2298220Z     t =    21.61s         Checking existence of `Sheet (First Match)`
Build and Test with Bazel	Run UI tests	2025-11-28T01:53:47.2298510Z     t =    21.72s         Capturing element debug description
Build and Test with Bazel	Run UI tests	2025-11-28T01:53:47.2299840Z     t =    22.56s     Checking `Expect predicate `existsNoRetry == 1` for object Sheet (First Match)`
Build and Test with Bazel	Run UI tests	2025-11-28T01:53:47.2301590Z     t =    22.56s         Checking existence of `Sheet (First Match)`
Build and Test with Bazel	Run UI tests	2025-11-28T01:53:47.2305370Z     t =    22.65s         Capturing element debug description
Build and Test with Bazel	Run UI tests	2025-11-28T01:53:47.2306060Z     t =    22.65s     Checking existence of `Sheet (First Match)`
Build and Test with Bazel	Run UI tests	2025-11-28T01:53:47.2306410Z     t =    22.76s Collecting debug information to assist test failure triage
Build and Test with Bazel	Run UI tests	2025-11-28T01:53:47.2308250Z     t =    22.76s     Requesting snapshot of accessibility hierarchy for app with pid 48161
Build and Test with Bazel	Run UI tests	2025-11-28T01:53:47.2309010Z     t =    22.82s Waiting 10.0s for CollectionView (First Match) to exist
Build and Test with Bazel	Run UI tests	2025-11-28T01:53:47.2309430Z     t =    23.83s     Checking `Expect predicate `existsNoRetry == 1` for object CollectionView (First Match)`
Build and Test with Bazel	Run UI tests	2025-11-28T01:53:47.2310670Z     t =    23.84s         Checking existence of `CollectionView (First Match)`
Build and Test with Bazel	Run UI tests	2025-11-28T01:53:47.2310990Z     t =    23.96s Checking existence of `"Close" Button`
Build and Test with Bazel	Run UI tests	2025-11-28T01:53:47.2311240Z     t =    24.02s Tap "Close" Button
Build and Test with Bazel	Run UI tests	2025-11-28T01:53:47.2316550Z     t =    24.02s     Wait for Stevereitz.Poem-of-the-Day to idle
Build and Test with Bazel	Run UI tests	2025-11-28T01:53:47.2316810Z     t =    24.02s     Find the "Close" Button
Build and Test with Bazel	Run UI tests	2025-11-28T01:53:47.2317110Z     t =    24.06s     Check for interrupting elements affecting "header.closeButton" Button
Build and Test with Bazel	Run UI tests	2025-11-28T01:53:47.2318380Z     t =    24.12s     Synthesize event
Build and Test with Bazel	Run UI tests	2025-11-28T01:53:47.2330930Z     t =    24.42s     Wait for Stevereitz.Poem-of-the-Day to idle
Build and Test with Bazel	Run UI tests	2025-11-28T01:53:47.2332260Z     t =    24.84s Tear Down
Build and Test with Bazel	Run UI tests	2025-11-28T01:53:47.2332580Z Test Case '-[PoemOfTheDayUITests.PoemUITests testShareFunctionality]' passed (25.039 seconds).
Build and Test with Bazel	Run UI tests	2025-11-28T01:53:47.2333440Z Test Suite 'PoemUITests' failed at 2025-11-28 01:51:06.222.
Build and Test with Bazel	Run UI tests	2025-11-28T01:53:47.2334370Z 	 Executed 11 tests, with 3 failures (0 unexpected) in 137.333 (137.337) seconds
Build and Test with Bazel	Run UI tests	2025-11-28T01:53:47.2337000Z Test Suite 'Poem_of_the_DayUITests' started at 2025-11-28 01:51:06.224.
Build and Test with Bazel	Run UI tests	2025-11-28T01:53:47.2338750Z Test Case '-[PoemOfTheDayUITests.Poem_of_the_DayUITests testExample]' started.
Build and Test with Bazel	Run UI tests	2025-11-28T01:53:47.2339180Z     t =     0.00s Start Test at 2025-11-28 01:51:06.224
Build and Test with Bazel	Run UI tests	2025-11-28T01:53:47.2339430Z     t =     0.00s Set Up
Build and Test with Bazel	Run UI tests	2025-11-28T01:53:47.2339620Z     t =     0.00s Open Stevereitz.Poem-of-the-Day
Build and Test with Bazel	Run UI tests	2025-11-28T01:53:47.2340190Z     t =     0.00s     Launch Stevereitz.Poem-of-the-Day
Build and Test with Bazel	Run UI tests	2025-11-28T01:53:47.2340730Z     t =     0.00s         Terminate Stevereitz.Poem-of-the-Day:48161
Build and Test with Bazel	Run UI tests	2025-11-28T01:53:47.2341700Z     t =     1.51s         Setting up automation session
Build and Test with Bazel	Run UI tests	2025-11-28T01:53:47.2343280Z     t =     2.13s         Wait for Stevereitz.Poem-of-the-Day to idle
Build and Test with Bazel	Run UI tests	2025-11-28T01:53:47.2343530Z     t =     3.49s Tear Down
Build and Test with Bazel	Run UI tests	2025-11-28T01:53:47.2343840Z Test Case '-[PoemOfTheDayUITests.Poem_of_the_DayUITests testExample]' passed (3.697 seconds).
Build and Test with Bazel	Run UI tests	2025-11-28T01:53:47.2344310Z Test Case '-[PoemOfTheDayUITests.Poem_of_the_DayUITests testLaunchPerformance]' started.
Build and Test with Bazel	Run UI tests	2025-11-28T01:53:47.2344670Z     t =     0.00s Start Test at 2025-11-28 01:51:09.922
Build and Test with Bazel	Run UI tests	2025-11-28T01:53:47.2344870Z     t =     0.00s Set Up
Build and Test with Bazel	Run UI tests	2025-11-28T01:53:47.2345050Z     t =     0.02s Open Stevereitz.Poem-of-the-Day
Build and Test with Bazel	Run UI tests	2025-11-28T01:53:47.2345280Z     t =     0.02s     Launch Stevereitz.Poem-of-the-Day
Build and Test with Bazel	Run UI tests	2025-11-28T01:53:47.2345560Z     t =     0.02s         Terminate Stevereitz.Poem-of-the-Day:48713
Build and Test with Bazel	Run UI tests	2025-11-28T01:53:47.2346160Z     t =     1.53s         Setting up automation session
Build and Test with Bazel	Run UI tests	2025-11-28T01:53:47.2346980Z     t =     2.37s         Wait for Stevereitz.Poem-of-the-Day to idle
Build and Test with Bazel	Run UI tests	2025-11-28T01:53:47.2347250Z     t =     5.44s Open Stevereitz.Poem-of-the-Day
Build and Test with Bazel	Run UI tests	2025-11-28T01:53:47.2347770Z     t =     5.44s     Launch Stevereitz.Poem-of-the-Day
Build and Test with Bazel	Run UI tests	2025-11-28T01:53:47.2348050Z     t =     5.44s         Terminate Stevereitz.Poem-of-the-Day:48736
Build and Test with Bazel	Run UI tests	2025-11-28T01:53:47.2348310Z     t =     6.93s         Setting up automation session
Build and Test with Bazel	Run UI tests	2025-11-28T01:53:47.2348840Z     t =     7.72s         Wait for Stevereitz.Poem-of-the-Day to idle
Build and Test with Bazel	Run UI tests	2025-11-28T01:53:47.2349120Z     t =     9.66s Open Stevereitz.Poem-of-the-Day
Build and Test with Bazel	Run UI tests	2025-11-28T01:53:47.2349660Z     t =     9.66s     Launch Stevereitz.Poem-of-the-Day
Build and Test with Bazel	Run UI tests	2025-11-28T01:53:47.2349950Z     t =     9.67s         Terminate Stevereitz.Poem-of-the-Day:48752
Build and Test with Bazel	Run UI tests	2025-11-28T01:53:47.2350210Z     t =    11.19s         Setting up automation session
Build and Test with Bazel	Run UI tests	2025-11-28T01:53:47.2350940Z     t =    12.02s         Wait for Stevereitz.Poem-of-the-Day to idle
Build and Test with Bazel	Run UI tests	2025-11-28T01:53:47.2352780Z     t =    13.94s Open Stevereitz.Poem-of-the-Day
Build and Test with Bazel	Run UI tests	2025-11-28T01:53:47.2353640Z     t =    13.94s     Launch Stevereitz.Poem-of-the-Day
Build and Test with Bazel	Run UI tests	2025-11-28T01:53:47.2354840Z     t =    13.94s         Terminate Stevereitz.Poem-of-the-Day:48767
Build and Test with Bazel	Run UI tests	2025-11-28T01:53:47.2355130Z     t =    15.43s         Setting up automation session
Build and Test with Bazel	Run UI tests	2025-11-28T01:53:47.2355390Z     t =    16.12s         Wait for Stevereitz.Poem-of-the-Day to idle
Build and Test with Bazel	Run UI tests	2025-11-28T01:53:47.2355650Z     t =    18.02s Open Stevereitz.Poem-of-the-Day
Build and Test with Bazel	Run UI tests	2025-11-28T01:53:47.2355900Z     t =    18.02s     Launch Stevereitz.Poem-of-the-Day
Build and Test with Bazel	Run UI tests	2025-11-28T01:53:47.2356160Z     t =    18.02s         Terminate Stevereitz.Poem-of-the-Day:48823
Build and Test with Bazel	Run UI tests	2025-11-28T01:53:47.2356410Z     t =    19.47s         Setting up automation session
Build and Test with Bazel	Run UI tests	2025-11-28T01:53:47.2356660Z     t =    19.98s         Wait for Stevereitz.Poem-of-the-Day to idle
Build and Test with Bazel	Run UI tests	2025-11-28T01:53:47.2356920Z     t =    21.83s Open Stevereitz.Poem-of-the-Day
Build and Test with Bazel	Run UI tests	2025-11-28T01:53:47.2357510Z     t =    21.83s     Launch Stevereitz.Poem-of-the-Day
Build and Test with Bazel	Run UI tests	2025-11-28T01:53:47.2357790Z     t =    21.83s         Terminate Stevereitz.Poem-of-the-Day:48881
Build and Test with Bazel	Run UI tests	2025-11-28T01:53:47.2358050Z     t =    23.19s         Setting up automation session
Build and Test with Bazel	Run UI tests	2025-11-28T01:53:47.2358300Z     t =    23.86s         Wait for Stevereitz.Poem-of-the-Day to idle
Build and Test with Bazel	Run UI tests	2025-11-28T01:53:47.2359720Z <unknown>:0: Test Case '-[PoemOfTheDayUITests.Poem_of_the_DayUITests testLaunchPerformance]' measured [Duration (AppLaunch), s] average: 1.356, relative standard deviation: 9.874%, values: [1.485440, 1.486815, 1.382797, 1.128436, 1.298379], performanceMetricID:com.apple.dt.XCTMetric_ApplicationLaunch-AppLaunch.duration, baselineName: "", baselineAverage: , polarity: prefers smaller, maxPercentRegression: 10.000%, maxPercentRelativeStandardDeviation: 10.000%, maxRegression: 0.000, maxStandardDeviation: 0.000
Build and Test with Bazel	Run UI tests	2025-11-28T01:53:47.2361140Z     t =    25.86s Tear Down
Build and Test with Bazel	Run UI tests	2025-11-28T01:53:47.2361470Z Test Case '-[PoemOfTheDayUITests.Poem_of_the_DayUITests testLaunchPerformance]' passed (26.068 seconds).
Build and Test with Bazel	Run UI tests	2025-11-28T01:53:47.2361910Z Test Suite 'Poem_of_the_DayUITests' passed at 2025-11-28 01:51:35.990.
Build and Test with Bazel	Run UI tests	2025-11-28T01:53:47.2362360Z 	 Executed 2 tests, with 0 failures (0 unexpected) in 29.765 (29.766) seconds
Build and Test with Bazel	Run UI tests	2025-11-28T01:53:47.2362730Z Test Suite 'Poem_of_the_DayUITestsLaunchTests' started at 2025-11-28 01:51:35.990.
Build and Test with Bazel	Run UI tests	2025-11-28T01:53:47.2363150Z Test Case '-[PoemOfTheDayUITests.Poem_of_the_DayUITestsLaunchTests testLaunch]' started.
Build and Test with Bazel	Run UI tests	2025-11-28T01:53:47.2363510Z     t =     0.00s Start Test at 2025-11-28 01:51:35.990
Build and Test with Bazel	Run UI tests	2025-11-28T01:53:47.2363710Z     t =     0.00s Set Up
Build and Test with Bazel	Run UI tests	2025-11-28T01:53:47.2363880Z     t =     0.00s Open Stevereitz.Poem-of-the-Day
Build and Test with Bazel	Run UI tests	2025-11-28T01:53:47.2364110Z     t =     0.00s     Launch Stevereitz.Poem-of-the-Day
Build and Test with Bazel	Run UI tests	2025-11-28T01:53:47.2364360Z     t =     0.00s         Terminate Stevereitz.Poem-of-the-Day:48945
Build and Test with Bazel	Run UI tests	2025-11-28T01:53:47.2364640Z     t =     1.25s         Setting up automation session
Build and Test with Bazel	Run UI tests	2025-11-28T01:53:47.2364910Z     t =     1.92s         Wait for Stevereitz.Poem-of-the-Day to idle
Build and Test with Bazel	Run UI tests	2025-11-28T01:53:47.2365210Z     t =     3.27s Find the Target Application 'Stevereitz.Poem-of-the-Day'
Build and Test with Bazel	Run UI tests	2025-11-28T01:53:47.2365510Z     t =     3.57s Added attachment named 'Launch Screen'
Build and Test with Bazel	Run UI tests	2025-11-28T01:53:47.2365720Z     t =     3.57s Tear Down
Build and Test with Bazel	Run UI tests	2025-11-28T01:53:47.2366050Z Test Case '-[PoemOfTheDayUITests.Poem_of_the_DayUITestsLaunchTests testLaunch]' passed (3.778 seconds).
Build and Test with Bazel	Run UI tests	2025-11-28T01:53:47.2366530Z Test Suite 'Poem_of_the_DayUITestsLaunchTests' passed at 2025-11-28 01:51:39.768.
Build and Test with Bazel	Run UI tests	2025-11-28T01:53:47.2366910Z 	 Executed 1 test, with 0 failures (0 unexpected) in 3.778 (3.778) seconds
Build and Test with Bazel	Run UI tests	2025-11-28T01:53:47.2367240Z Test Suite 'TelemetryUITests' started at 2025-11-28 01:51:39.768.
Build and Test with Bazel	Run UI tests	2025-11-28T01:53:47.2367670Z Test Case '-[PoemOfTheDayUITests.TelemetryUITests testTelemetryCoveredByIntegration]' started.
Build and Test with Bazel	Run UI tests	2025-11-28T01:53:47.2368060Z     t =     0.00s Start Test at 2025-11-28 01:51:39.768
Build and Test with Bazel	Run UI tests	2025-11-28T01:53:47.2368280Z     t =     0.00s Set Up
Build and Test with Bazel	Run UI tests	2025-11-28T01:53:47.2368970Z /PoemOfTheDayUITests/TelemetryUITests.swift:5: -[PoemOfTheDayUITests.TelemetryUITests testTelemetryCoveredByIntegration] : Test skipped - Telemetry verification is covered by integration tests with mocks, not UI tests.
Build and Test with Bazel	Run UI tests	2025-11-28T01:53:47.2369690Z     t =     0.02s Tear Down
Build and Test with Bazel	Run UI tests	2025-11-28T01:53:47.2370220Z Test Case '-[PoemOfTheDayUITests.TelemetryUITests testTelemetryCoveredByIntegration]' skipped (0.025 seconds).
Build and Test with Bazel	Run UI tests	2025-11-28T01:53:47.2370690Z Test Suite 'TelemetryUITests' passed at 2025-11-28 01:51:39.794.
Build and Test with Bazel	Run UI tests	2025-11-28T01:53:47.2371310Z 	 Executed 1 test, with 1 test skipped and 0 failures (0 unexpected) in 0.025 (0.026) seconds
Build and Test with Bazel	Run UI tests	2025-11-28T01:53:47.2374190Z Test Suite 'VibeBackgroundColorUITests' started at 2025-11-28 01:51:39.794.
Build and Test with Bazel	Run UI tests	2025-11-28T01:53:47.2374690Z Test Case '-[PoemOfTheDayUITests.VibeBackgroundColorUITests testBackgroundColorAccessibility]' started.
Build and Test with Bazel	Run UI tests	2025-11-28T01:53:47.2375120Z     t =     0.00s Start Test at 2025-11-28 01:51:39.794
Build and Test with Bazel	Run UI tests	2025-11-28T01:53:47.2375540Z     t =     0.00s Set Up
Build and Test with Bazel	Run UI tests	2025-11-28T01:53:47.2375720Z     t =     0.00s     Open Stevereitz.Poem-of-the-Day
Build and Test with Bazel	Run UI tests	2025-11-28T01:53:47.2375970Z     t =     0.00s         Launch Stevereitz.Poem-of-the-Day
Build and Test with Bazel	Run UI tests	2025-11-28T01:53:47.2376260Z     t =     0.00s             Terminate Stevereitz.Poem-of-the-Day:49005
Build and Test with Bazel	Run UI tests	2025-11-28T01:53:47.2376540Z     t =     1.71s             Setting up automation session
Build and Test with Bazel	Run UI tests	2025-11-28T01:53:47.2376820Z     t =     2.55s             Wait for Stevereitz.Poem-of-the-Day to idle
Build and Test with Bazel	Run UI tests	2025-11-28T01:53:47.2377230Z     t =     4.19s Waiting 5.0s for "Poem of the Day" StaticText to exist
Build and Test with Bazel	Run UI tests	2025-11-28T01:53:47.2377640Z     t =     5.22s     Checking `Expect predicate `existsNoRetry == 1` for object "Poem of the Day" StaticText`
Build and Test with Bazel	Run UI tests	2025-11-28T01:53:47.2378040Z     t =     5.22s         Checking existence of `"Poem of the Day" StaticText`
Build and Test with Bazel	Run UI tests	2025-11-28T01:53:47.2378340Z     t =     5.43s Checking existence of `"vibe_indicator" Other`
Build and Test with Bazel	Run UI tests	2025-11-28T01:53:47.2378560Z     t =     5.47s Tear Down
Build and Test with Bazel	Run UI tests	2025-11-28T01:53:47.2378960Z Test Case '-[PoemOfTheDayUITests.VibeBackgroundColorUITests testBackgroundColorAccessibility]' passed (5.674 seconds).
Build and Test with Bazel	Run UI tests	2025-11-28T01:53:47.2379770Z Test Case '-[PoemOfTheDayUITests.VibeBackgroundColorUITests testBackgroundColorAnimation]' started.
Build and Test with Bazel	Run UI tests	2025-11-28T01:53:47.2380160Z     t =     0.00s Start Test at 2025-11-28 01:51:45.469
Build and Test with Bazel	Run UI tests	2025-11-28T01:53:47.2380390Z     t =     0.00s Set Up
Build and Test with Bazel	Run UI tests	2025-11-28T01:53:47.2380580Z     t =     0.00s     Open Stevereitz.Poem-of-the-Day
Build and Test with Bazel	Run UI tests	2025-11-28T01:53:47.2381050Z     t =     0.00s         Launch Stevereitz.Poem-of-the-Day
Build and Test with Bazel	Run UI tests	2025-11-28T01:53:47.2381370Z     t =     0.00s             Terminate Stevereitz.Poem-of-the-Day:49064
Build and Test with Bazel	Run UI tests	2025-11-28T01:53:47.2381640Z     t =     1.56s             Setting up automation session
Build and Test with Bazel	Run UI tests	2025-11-28T01:53:47.2382120Z     t =     2.36s             Wait for Stevereitz.Poem-of-the-Day to idle
Build and Test with Bazel	Run UI tests	2025-11-28T01:53:47.2382410Z     t =     3.90s Waiting 5.0s for "Poem of the Day" StaticText to exist
Build and Test with Bazel	Run UI tests	2025-11-28T01:53:47.2382980Z     t =     4.95s     Checking `Expect predicate `existsNoRetry == 1` for object "Poem of the Day" StaticText`
Build and Test with Bazel	Run UI tests	2025-11-28T01:53:47.2383370Z     t =     4.95s         Checking existence of `"Poem of the Day" StaticText`
Build and Test with Bazel	Run UI tests	2025-11-28T01:53:47.2383680Z     t =     5.21s Checking existence of `"Get New Poem" Button`
Build and Test with Bazel	Run UI tests	2025-11-28T01:53:47.2383910Z     t =     5.25s Tear Down
Build and Test with Bazel	Run UI tests	2025-11-28T01:53:47.2384480Z Test Case '-[PoemOfTheDayUITests.VibeBackgroundColorUITests testBackgroundColorAnimation]' passed (5.454 seconds).
Build and Test with Bazel	Run UI tests	2025-11-28T01:53:47.2385310Z Test Case '-[PoemOfTheDayUITests.VibeBackgroundColorUITests testBackgroundColorInDarkMode]' started.
Build and Test with Bazel	Run UI tests	2025-11-28T01:53:47.2385760Z     t =     0.00s Start Test at 2025-11-28 01:51:50.923
Build and Test with Bazel	Run UI tests	2025-11-28T01:53:47.2385960Z     t =     0.00s Set Up
Build and Test with Bazel	Run UI tests	2025-11-28T01:53:47.2386350Z     t =     0.00s     Open Stevereitz.Poem-of-the-Day
Build and Test with Bazel	Run UI tests	2025-11-28T01:53:47.2386620Z     t =     0.01s         Launch Stevereitz.Poem-of-the-Day
Build and Test with Bazel	Run UI tests	2025-11-28T01:53:47.2387090Z     t =     0.01s             Terminate Stevereitz.Poem-of-the-Day:49116
Build and Test with Bazel	Run UI tests	2025-11-28T01:53:47.2387370Z     t =     2.86s             Setting up automation session
Build and Test with Bazel	Run UI tests	2025-11-28T01:53:47.2387650Z     t =     3.82s             Wait for Stevereitz.Poem-of-the-Day to idle
Build and Test with Bazel	Run UI tests	2025-11-28T01:53:47.2388140Z     t =     5.47s Terminate Stevereitz.Poem-of-the-Day:49175
Build and Test with Bazel	Run UI tests	2025-11-28T01:53:47.2390290Z     t =     6.54s Open Stevereitz.Poem-of-the-Day
Build and Test with Bazel	Run UI tests	2025-11-28T01:53:47.2390720Z     t =     6.54s     Launch Stevereitz.Poem-of-the-Day
Build and Test with Bazel	Run UI tests	2025-11-28T01:53:47.2390960Z     t =     7.23s         Setting up automation session
Build and Test with Bazel	Run UI tests	2025-11-28T01:53:47.2391250Z     t =     8.99s         Wait for Stevereitz.Poem-of-the-Day to idle
Build and Test with Bazel	Run UI tests	2025-11-28T01:53:47.2391540Z     t =    10.97s Waiting 5.0s for "Poem of the Day" StaticText to exist
Build and Test with Bazel	Run UI tests	2025-11-28T01:53:47.2391950Z     t =    11.98s     Checking `Expect predicate `existsNoRetry == 1` for object "Poem of the Day" StaticText`
Build and Test with Bazel	Run UI tests	2025-11-28T01:53:47.2392370Z     t =    11.98s         Checking existence of `"Poem of the Day" StaticText`
Build and Test with Bazel	Run UI tests	2025-11-28T01:53:47.2392690Z     t =    13.23s Find the Target Application 'Stevereitz.Poem-of-the-Day'
Build and Test with Bazel	Run UI tests	2025-11-28T01:53:47.2393150Z     t =    13.57s Added attachment named 'Background Color Dark Mode'
Build and Test with Bazel	Run UI tests	2025-11-28T01:53:47.2393490Z     t =    13.58s Checking existence of `StaticText (First Match)`
Build and Test with Bazel	Run UI tests	2025-11-28T01:53:47.2393750Z     t =    14.46s Tear Down
Build and Test with Bazel	Run UI tests	2025-11-28T01:53:47.2394230Z Test Case '-[PoemOfTheDayUITests.VibeBackgroundColorUITests testBackgroundColorInDarkMode]' passed (14.661 seconds).
Build and Test with Bazel	Run UI tests	2025-11-28T01:53:47.2394950Z Test Case '-[PoemOfTheDayUITests.VibeBackgroundColorUITests testVibeBackgroundColorChangesWithDifferentVibes]' started.
Build and Test with Bazel	Run UI tests	2025-11-28T01:53:47.2395430Z     t =     0.00s Start Test at 2025-11-28 01:52:05.584
Build and Test with Bazel	Run UI tests	2025-11-28T01:53:47.2395650Z     t =     0.00s Set Up
Build and Test with Bazel	Run UI tests	2025-11-28T01:53:47.2395850Z     t =     0.00s     Open Stevereitz.Poem-of-the-Day
Build and Test with Bazel	Run UI tests	2025-11-28T01:53:47.2396090Z     t =     0.00s         Launch Stevereitz.Poem-of-the-Day
Build and Test with Bazel	Run UI tests	2025-11-28T01:53:47.2396830Z     t =     0.00s             Terminate Stevereitz.Poem-of-the-Day:49192
Build and Test with Bazel	Run UI tests	2025-11-28T01:53:47.2397110Z     t =     2.39s             Setting up automation session
Build and Test with Bazel	Run UI tests	2025-11-28T01:53:47.2397370Z     t =     3.16s             Wait for Stevereitz.Poem-of-the-Day to idle
Build and Test with Bazel	Run UI tests	2025-11-28T01:53:47.2398070Z     t =     5.78s Waiting 5.0s for "Poem of the Day" StaticText to exist
Build and Test with Bazel	Run UI tests	2025-11-28T01:53:47.2398650Z     t =     6.78s     Checking `Expect predicate `existsNoRetry == 1` for object "Poem of the Day" StaticText`
Build and Test with Bazel	Run UI tests	2025-11-28T01:53:47.2399050Z     t =     6.79s         Checking existence of `"Poem of the Day" StaticText`
Build and Test with Bazel	Run UI tests	2025-11-28T01:53:47.2399510Z     t =     7.23s Checking existence of `"generate_vibe_poem_button" Button`
Build and Test with Bazel	Run UI tests	2025-11-28T01:53:47.2399800Z     t =     7.29s Tear Down
Build and Test with Bazel	Run UI tests	2025-11-28T01:53:47.2400500Z Test Case '-[PoemOfTheDayUITests.VibeBackgroundColorUITests testVibeBackgroundColorChangesWithDifferentVibes]' passed (7.501 seconds).
Build and Test with Bazel	Run UI tests	2025-11-28T01:53:47.2401240Z Test Case '-[PoemOfTheDayUITests.VibeBackgroundColorUITests testVibeBackgroundColorConsistency]' started.
Build and Test with Bazel	Run UI tests	2025-11-28T01:53:47.2401690Z     t =     0.00s Start Test at 2025-11-28 01:52:13.086
Build and Test with Bazel	Run UI tests	2025-11-28T01:53:47.2401900Z     t =     0.00s Set Up
Build and Test with Bazel	Run UI tests	2025-11-28T01:53:47.2402120Z     t =     0.00s     Open Stevereitz.Poem-of-the-Day
Build and Test with Bazel	Run UI tests	2025-11-28T01:53:47.2402380Z     t =     0.00s         Launch Stevereitz.Poem-of-the-Day
Build and Test with Bazel	Run UI tests	2025-11-28T01:53:47.2402660Z     t =     0.00s             Terminate Stevereitz.Poem-of-the-Day:49245
Build and Test with Bazel	Run UI tests	2025-11-28T01:53:47.2402920Z     t =     1.89s             Setting up automation session
Build and Test with Bazel	Run UI tests	2025-11-28T01:53:47.2403190Z     t =     2.61s             Wait for Stevereitz.Poem-of-the-Day to idle
Build and Test with Bazel	Run UI tests	2025-11-28T01:53:47.2403470Z     t =     4.59s Waiting 5.0s for "Poem of the Day" StaticText to exist
Build and Test with Bazel	Run UI tests	2025-11-28T01:53:47.2403870Z     t =     5.60s     Checking `Expect predicate `existsNoRetry == 1` for object "Poem of the Day" StaticText`
Build and Test with Bazel	Run UI tests	2025-11-28T01:53:47.2404270Z     t =     5.60s         Checking existence of `"Poem of the Day" StaticText`
Build and Test with Bazel	Run UI tests	2025-11-28T01:53:47.2406420Z     t =     5.93s Checking existence of `StaticText (First Match)`
Build and Test with Bazel	Run UI tests	2025-11-28T01:53:47.2406680Z     t =     6.24s Tear Down
Build and Test with Bazel	Run UI tests	2025-11-28T01:53:47.2407120Z Test Case '-[PoemOfTheDayUITests.VibeBackgroundColorUITests testVibeBackgroundColorConsistency]' passed (6.444 seconds).
Build and Test with Bazel	Run UI tests	2025-11-28T01:53:47.2407760Z Test Case '-[PoemOfTheDayUITests.VibeBackgroundColorUITests testVibeColorDescriptionContent]' started.
Build and Test with Bazel	Run UI tests	2025-11-28T01:53:47.2408180Z     t =     0.00s Start Test at 2025-11-28 01:52:19.531
Build and Test with Bazel	Run UI tests	2025-11-28T01:53:47.2408410Z     t =     0.00s Set Up
Build and Test with Bazel	Run UI tests	2025-11-28T01:53:47.2408620Z     t =     0.00s     Open Stevereitz.Poem-of-the-Day
Build and Test with Bazel	Run UI tests	2025-11-28T01:53:47.2408870Z     t =     0.00s         Launch Stevereitz.Poem-of-the-Day
Build and Test with Bazel	Run UI tests	2025-11-28T01:53:47.2409140Z     t =     0.00s             Terminate Stevereitz.Poem-of-the-Day:49368
Build and Test with Bazel	Run UI tests	2025-11-28T01:53:47.2409400Z     t =     1.50s             Setting up automation session
Build and Test with Bazel	Run UI tests	2025-11-28T01:53:47.2409660Z     t =     2.52s             Wait for Stevereitz.Poem-of-the-Day to idle
Build and Test with Bazel	Run UI tests	2025-11-28T01:53:47.2409940Z     t =     4.44s Waiting 5.0s for "Poem of the Day" StaticText to exist
Build and Test with Bazel	Run UI tests	2025-11-28T01:53:47.2410510Z     t =     5.45s     Checking `Expect predicate `existsNoRetry == 1` for object "Poem of the Day" StaticText`
Build and Test with Bazel	Run UI tests	2025-11-28T01:53:47.2410920Z     t =     5.45s         Checking existence of `"Poem of the Day" StaticText`
Build and Test with Bazel	Run UI tests	2025-11-28T01:53:47.2411260Z     t =     5.67s Checking existence of `StaticText (First Match)`
Build and Test with Bazel	Run UI tests	2025-11-28T01:53:47.2411480Z     t =     6.07s Tear Down
Build and Test with Bazel	Run UI tests	2025-11-28T01:53:47.2411900Z Test Case '-[PoemOfTheDayUITests.VibeBackgroundColorUITests testVibeColorDescriptionContent]' passed (6.286 seconds).
Build and Test with Bazel	Run UI tests	2025-11-28T01:53:47.2412520Z Test Case '-[PoemOfTheDayUITests.VibeBackgroundColorUITests testVibeColorIndicatorVisibility]' started.
Build and Test with Bazel	Run UI tests	2025-11-28T01:53:47.2412940Z     t =     0.00s Start Test at 2025-11-28 01:52:25.817
Build and Test with Bazel	Run UI tests	2025-11-28T01:53:47.2413140Z     t =     0.00s Set Up
Build and Test with Bazel	Run UI tests	2025-11-28T01:53:47.2413320Z     t =     0.01s     Open Stevereitz.Poem-of-the-Day
Build and Test with Bazel	Run UI tests	2025-11-28T01:53:47.2413570Z     t =     0.01s         Launch Stevereitz.Poem-of-the-Day
Build and Test with Bazel	Run UI tests	2025-11-28T01:53:47.2413840Z     t =     0.01s             Terminate Stevereitz.Poem-of-the-Day:49494
Build and Test with Bazel	Run UI tests	2025-11-28T01:53:47.2414130Z     t =     1.52s             Setting up automation session
Build and Test with Bazel	Run UI tests	2025-11-28T01:53:47.2414560Z     t =     2.62s             Wait for Stevereitz.Poem-of-the-Day to idle
Build and Test with Bazel	Run UI tests	2025-11-28T01:53:47.2414870Z     t =     4.24s Waiting 5.0s for "Poem of the Day" StaticText to exist
Build and Test with Bazel	Run UI tests	2025-11-28T01:53:47.2415260Z     t =     5.29s     Checking `Expect predicate `existsNoRetry == 1` for object "Poem of the Day" StaticText`
Build and Test with Bazel	Run UI tests	2025-11-28T01:53:47.2415680Z     t =     5.29s         Checking existence of `"Poem of the Day" StaticText`
Build and Test with Bazel	Run UI tests	2025-11-28T01:53:47.2416000Z     t =     5.54s Checking existence of `StaticText (First Match)`
Build and Test with Bazel	Run UI tests	2025-11-28T01:53:47.2416260Z     t =     5.92s Tear Down
Build and Test with Bazel	Run UI tests	2025-11-28T01:53:47.2416670Z Test Case '-[PoemOfTheDayUITests.VibeBackgroundColorUITests testVibeColorIndicatorVisibility]' passed (6.135 seconds).
Build and Test with Bazel	Run UI tests	2025-11-28T01:53:47.2417340Z Test Case '-[PoemOfTheDayUITests.VibeBackgroundColorUITests testVibeColorIntensityVisualFeedback]' started.
Build and Test with Bazel	Run UI tests	2025-11-28T01:53:47.2417780Z     t =     0.00s Start Test at 2025-11-28 01:52:31.953
Build and Test with Bazel	Run UI tests	2025-11-28T01:53:47.2417990Z     t =     0.00s Set Up
Build and Test with Bazel	Run UI tests	2025-11-28T01:53:47.2418190Z     t =     0.00s     Open Stevereitz.Poem-of-the-Day
Build and Test with Bazel	Run UI tests	2025-11-28T01:53:47.2418480Z     t =     0.00s         Launch Stevereitz.Poem-of-the-Day
Build and Test with Bazel	Run UI tests	2025-11-28T01:53:47.2424180Z     t =     0.00s             Terminate Stevereitz.Poem-of-the-Day:49615
Build and Test with Bazel	Run UI tests	2025-11-28T01:53:47.2424540Z     t =     1.86s             Setting up automation session
Build and Test with Bazel	Run UI tests	2025-11-28T01:53:47.2425040Z     t =     2.68s             Wait for Stevereitz.Poem-of-the-Day to idle
Build and Test with Bazel	Run UI tests	2025-11-28T01:53:47.2425600Z     t =     4.24s Waiting 5.0s for "Poem of the Day" StaticText to exist
Build and Test with Bazel	Run UI tests	2025-11-28T01:53:47.2426230Z     t =     5.27s     Checking `Expect predicate `existsNoRetry == 1` for object "Poem of the Day" StaticText`
Build and Test with Bazel	Run UI tests	2025-11-28T01:53:47.2427010Z     t =     5.27s         Checking existence of `"Poem of the Day" StaticText`
Build and Test with Bazel	Run UI tests	2025-11-28T01:53:47.2450940Z     t =     5.50s Checking existence of `StaticText (First Match)`
Build and Test with Bazel	Run UI tests	2025-11-28T01:53:47.2451280Z     t =     5.64s Tear Down
Build and Test with Bazel	Run UI tests	2025-11-28T01:53:47.2451760Z Test Case '-[PoemOfTheDayUITests.VibeBackgroundColorUITests testVibeColorIntensityVisualFeedback]' passed (5.848 seconds).
Build and Test with Bazel	Run UI tests	2025-11-28T01:53:47.2452330Z Test Suite 'VibeBackgroundColorUITests' passed at 2025-11-28 01:52:37.801.
Build and Test with Bazel	Run UI tests	2025-11-28T01:53:47.2452730Z 	 Executed 8 tests, with 0 failures (0 unexpected) in 58.003 (58.007) seconds
Build and Test with Bazel	Run UI tests	2025-11-28T01:53:47.2453060Z Test Suite 'WidgetUITests' started at 2025-11-28 01:52:37.802.
Build and Test with Bazel	Run UI tests	2025-11-28T01:53:47.2453440Z Test Case '-[PoemOfTheDayUITests.WidgetUITests testWidgetsCoveredByUnitTests]' started.
Build and Test with Bazel	Run UI tests	2025-11-28T01:53:47.2453800Z     t =     0.00s Start Test at 2025-11-28 01:52:37.803
Build and Test with Bazel	Run UI tests	2025-11-28T01:53:47.2453990Z     t =     0.00s Set Up
Build and Test with Bazel	Run UI tests	2025-11-28T01:53:47.2454710Z /PoemOfTheDayUITests/WidgetUITests.swift:5: -[PoemOfTheDayUITests.WidgetUITests testWidgetsCoveredByUnitTests] : Test skipped - Widget behavior is covered by unit/integration tests; UI-level widget tests removed for faster CI.
Build and Test with Bazel	Run UI tests	2025-11-28T01:53:47.2455900Z     t =     0.02s Tear Down
Build and Test with Bazel	Run UI tests	2025-11-28T01:53:47.2456260Z Test Case '-[PoemOfTheDayUITests.WidgetUITests testWidgetsCoveredByUnitTests]' skipped (0.023 seconds).
Build and Test with Bazel	Run UI tests	2025-11-28T01:53:47.2456690Z Test Suite 'WidgetUITests' passed at 2025-11-28 01:52:37.826.
Build and Test with Bazel	Run UI tests	2025-11-28T01:53:47.2457050Z 	 Executed 1 test, with 1 test skipped and 0 failures (0 unexpected) in 0.023 (0.024) seconds
Build and Test with Bazel	Run UI tests	2025-11-28T01:53:47.2457450Z Test Suite 'PoemOfTheDayUITests.xctest' failed at 2025-11-28 01:52:37.826.
Build and Test with Bazel	Run UI tests	2025-11-28T01:53:47.2457920Z 	 Executed 29 tests, with 2 tests skipped and 4 failures (0 unexpected) in 305.326 (305.344) seconds
Build and Test with Bazel	Run UI tests	2025-11-28T01:53:47.2458290Z Test Suite 'All tests' failed at 2025-11-28 01:52:37.826.
Build and Test with Bazel	Run UI tests	2025-11-28T01:53:47.2458640Z 	 Executed 29 tests, with 2 tests skipped and 4 failures (0 unexpected) in 305.326 (305.345) seconds
Build and Test with Bazel	Run UI tests	2025-11-28T01:53:47.2459180Z 2025-11-28 01:53:20.379 xcodebuild[43399:184560] [MT] IDETestOperationsObserverDebug: 381.841 elapsed -- Testing started completed.
Build and Test with Bazel	Run UI tests	2025-11-28T01:53:47.2459750Z 2025-11-28 01:53:20.379 xcodebuild[43399:184560] [MT] IDETestOperationsObserverDebug: 0.000 sec, +0.000 sec -- start
Build and Test with Bazel	Run UI tests	2025-11-28T01:53:47.2460440Z 2025-11-28 01:53:20.379 xcodebuild[43399:184560] [MT] IDETestOperationsObserverDebug: 381.841 sec, +381.841 sec -- end
Build and Test with Bazel	Run UI tests	2025-11-28T01:53:47.2460750Z 
Build and Test with Bazel	Run UI tests	2025-11-28T01:53:47.2460840Z Test session results, code coverage, and logs:
Build and Test with Bazel	Run UI tests	2025-11-28T01:53:47.2461550Z 	/var/tmp/_bazel_runner/fe2d0117d2d9b33eff91f94ca60a61fc/sandbox/darwin-sandbox/67/execroot/_main/bazel-out/darwin_arm64-fastbuild/testlogs/PoemOfTheDayUITests/PoemOfTheDayUITests/test.outputs/test.xcresult
Build and Test with Bazel	Run UI tests	2025-11-28T01:53:47.2462190Z 
Build and Test with Bazel	Run UI tests	2025-11-28T01:53:47.2462250Z Failing tests:
Build and Test with Bazel	Run UI tests	2025-11-28T01:53:47.2462470Z 	AIFeaturesUITests.testCustomPromptEmptyDisablesGenerate()
Build and Test with Bazel	Run UI tests	2025-11-28T01:53:47.2462750Z 	PoemUITests.testEmptyFavorites()
Build and Test with Bazel	Run UI tests	2025-11-28T01:53:47.2462980Z 	PoemUITests.testFavoriteFunctionality()
Build and Test with Bazel	Run UI tests	2025-11-28T01:53:47.2463210Z 	PoemUITests.testMultipleFavorites()
Build and Test with Bazel	Run UI tests	2025-11-28T01:53:47.2463350Z 
Build and Test with Bazel	Run UI tests	2025-11-28T01:53:47.2463400Z ** TEST EXECUTE FAILED **
Build and Test with Bazel	Run UI tests	2025-11-28T01:53:47.2463510Z 
Build and Test with Bazel	Run UI tests	2025-11-28T01:53:47.2464490Z Exported directory with id 0~T7VFc5qrVt4Bm2uZxRh8iQp0btUJt6jTMFrPVRkTk8AxQHIHiQoR-cCrkYxFPGMH9QEVlHDuszIj6RbUukowuA== to /private/var/tmp/_bazel_runner/fe2d0117d2d9b33eff91f94ca60a61fc/sandbox/darwin-sandbox/67/execroot/_main/bazel-out/darwin_arm64-fastbuild/testlogs/PoemOfTheDayUITests/PoemOfTheDayUITests/test.outputs/ExposeXcresult
Build and Test with Bazel	Run UI tests	2025-11-28T01:53:47.2466880Z Exported file with id 0~H4zP3k6OmVF0rMGh31POem0AyTiaydk-UjWMVk8pReECiS4hETOB-gjngU15Vu_cz0oXl6-0hvxDOhWKW96fUQ== to /private/var/tmp/_bazel_runner/fe2d0117d2d9b33eff91f94ca60a61fc/sandbox/darwin-sandbox/67/execroot/_main/bazel-out/darwin_arm64-fastbuild/testlogs/PoemOfTheDayUITests/PoemOfTheDayUITests/test.outputs/ExposeXcresult/Attachments/PoemUITests/testFavoriteFunctionality()/Debug description for `"favorite_button" Button`_0_A439BF6D-BCE0-4835-8F01-D5BA7EB342A0.txt
Build and Test with Bazel	Run UI tests	2025-11-28T01:53:47.2477230Z Exported file with id 0~rqGn7kRBZuDtPLqaV94DJivGUnCYSFsCIdzHrwo3koUIINRHPonDoY-T8vCk1RGcDst-Unmb283ixWHlTYbXOw== to /private/var/tmp/_bazel_runner/fe2d0117d2d9b33eff91f94ca60a61fc/sandbox/darwin-sandbox/67/execroot/_main/bazel-out/darwin_arm64-fastbuild/testlogs/PoemOfTheDayUITests/PoemOfTheDayUITests/test.outputs/ExposeXcresult/Attachments/PoemUITests/testFavoriteFunctionality()/Debug description for `"favorite_button" Button`_0_DFDE3D22-98FF-4B80-9768-E3D73C93DB02.txt
Build and Test with Bazel	Run UI tests	2025-11-28T01:53:47.2480150Z Exported file with id 0~V5cZ4H8gGkT6eNvGzuVX8qJlQat6N0GTyBavHKbsgDdhDebZFWpnVDZwdAthXL-JuPU-7LHMvhgnVoFmZLoNIA== to /private/var/tmp/_bazel_runner/fe2d0117d2d9b33eff91f94ca60a61fc/sandbox/darwin-sandbox/67/execroot/_main/bazel-out/darwin_arm64-fastbuild/testlogs/PoemOfTheDayUITests/PoemOfTheDayUITests/test.outputs/ExposeXcresult/Attachments/PoemUITests/testFavoriteFunctionality()/Debug description for `"favorite_button" Button`_0_B1AED703-DB99-4E93-BB5C-A2CF55D59D72.txt
Build and Test with Bazel	Run UI tests	2025-11-28T01:53:47.2483300Z Exported file with id 0~YBeOXF893QSMDitZXx7oVeFeAOlXXhYaC5QKWaqvxPka833pDoHNrbfa2Sf5aaOI-FvwkJNqVVvoGjbVigRdrQ== to /private/var/tmp/_bazel_runner/fe2d0117d2d9b33eff91f94ca60a61fc/sandbox/darwin-sandbox/67/execroot/_main/bazel-out/darwin_arm64-fastbuild/testlogs/PoemOfTheDayUITests/PoemOfTheDayUITests/test.outputs/ExposeXcresult/Attachments/PoemUITests/testFavoriteFunctionality()/Debug description for `"favorite_button" Button`_0_370A7674-C7C2-4C46-A2C8-3A1C3DE3EE6E.txt
Build and Test with Bazel	Run UI tests	2025-11-28T01:53:47.2486100Z Exported file with id 0~MCuIWZkgOrbAS5EhIFnBy32vy2Gu0LYpU_seC5u7mVAf4kZ12Mu5yAKyokKAw2TiSaIodz9_J8AcDXr71R6kuw== to /private/var/tmp/_bazel_runner/fe2d0117d2d9b33eff91f94ca60a61fc/sandbox/darwin-sandbox/67/execroot/_main/bazel-out/darwin_arm64-fastbuild/testlogs/PoemOfTheDayUITests/PoemOfTheDayUITests/test.outputs/ExposeXcresult/Attachments/PoemUITests/testFavoriteFunctionality()/Debug description for `"favorite_button" Button`_0_8F83AC44-F11E-4667-A2F1-2A3750AEC861.txt
Build and Test with Bazel	Run UI tests	2025-11-28T01:53:47.2490020Z Exported file with id 0~Uz2vfdP7UGm9Six9P_sDqGjf6cJ8E8BFVnBuTdu433DTDNbwnxK_3-4Aaud52nv8oRVm_25ES1RY9w2CRqn73A== to /private/var/tmp/_bazel_runner/fe2d0117d2d9b33eff91f94ca60a61fc/sandbox/darwin-sandbox/67/execroot/_main/bazel-out/darwin_arm64-fastbuild/testlogs/PoemOfTheDayUITests/PoemOfTheDayUITests/test.outputs/ExposeXcresult/Attachments/PoemUITests/testMultipleFavorites()/Debug description for `"favorite_button" Button`_0_58712289-EE67-428D-A9D0-1939E1D5A38F.txt
Build and Test with Bazel	Run UI tests	2025-11-28T01:53:47.2492960Z Exported file with id 0~-ka5CPoAFKpOcC2Scq3nHIiuyHobR9olTB7kzdkxuw5F-YEMgr28mFwyLuJ1I5Cl_dotgUbcXXgJrOBTAXkyRQ== to /private/var/tmp/_bazel_runner/fe2d0117d2d9b33eff91f94ca60a61fc/sandbox/darwin-sandbox/67/execroot/_main/bazel-out/darwin_arm64-fastbuild/testlogs/PoemOfTheDayUITests/PoemOfTheDayUITests/test.outputs/ExposeXcresult/Attachments/PoemUITests/testMultipleFavorites()/Debug description for `"favorite_button" Button`_0_904DB080-D50D-45F7-A06E-9078FD8F8C23.txt
Build and Test with Bazel	Run UI tests	2025-11-28T01:53:47.2495680Z Exported file with id 0~qdhZAGTQj0Ilvms6tyY6D-sbVXvcQZuuQg_NJIK-hUbdDmKXExenGjz_qXS5FJPp3bOXtd_JekCaVvU8cTawcA== to /private/var/tmp/_bazel_runner/fe2d0117d2d9b33eff91f94ca60a61fc/sandbox/darwin-sandbox/67/execroot/_main/bazel-out/darwin_arm64-fastbuild/testlogs/PoemOfTheDayUITests/PoemOfTheDayUITests/test.outputs/ExposeXcresult/Attachments/PoemUITests/testMultipleFavorites()/Debug description for `"favorite_button" Button`_0_5E6A6213-A41C-4E7C-91A4-018EBF0E1311.txt
Build and Test with Bazel	Run UI tests	2025-11-28T01:53:47.2498430Z Exported file with id 0~X5saN9VYXiv1YrAT65KEcH95I4iOCedqklADFph8DlxVKqHewhMh40uLp-4EPSUxlLzsBoo0h0ZseTsl-HMD7Q== to /private/var/tmp/_bazel_runner/fe2d0117d2d9b33eff91f94ca60a61fc/sandbox/darwin-sandbox/67/execroot/_main/bazel-out/darwin_arm64-fastbuild/testlogs/PoemOfTheDayUITests/PoemOfTheDayUITests/test.outputs/ExposeXcresult/Attachments/PoemUITests/testMultipleFavorites()/Debug description for `"favorite_button" Button`_0_D78CE76A-AD71-49A6-90A3-3ADAD53A52A4.txt
Build and Test with Bazel	Run UI tests	2025-11-28T01:53:47.2500050Z 2025-11-28 01:53:31,407 Deleting simulator BA477F1E-C264-4EC9-963A-6FADCF4F787D asynchronously.
Build and Test with Bazel	Run UI tests	2025-11-28T01:53:47.2500380Z 2025-11-28 01:53:31,447 Done.
Build and Test with Bazel	Run UI tests	2025-11-28T01:53:47.2500560Z error: tests exited with '11'
Build and Test with Bazel	Run UI tests	2025-11-28T01:53:47.2500760Z ================================================================================
Build and Test with Bazel	Run UI tests	2025-11-28T01:53:47.5149440Z INFO: Found 1 test target...
Build and Test with Bazel	Run UI tests	2025-11-28T01:53:47.5228010Z Target //PoemOfTheDayUITests:PoemOfTheDayUITests up-to-date:
Build and Test with Bazel	Run UI tests	2025-11-28T01:53:47.5229130Z   bazel-out/ios_sim_arm64-fastbuild-ios-sim_arm64-min17.0-applebin_ios-ST-f3259bc0b2ed/bin/PoemOfTheDayUITests/PoemOfTheDayUITests.xctest.dSYM/Contents/Resources/DWARF/PoemOfTheDayUITests
Build and Test with Bazel	Run UI tests	2025-11-28T01:53:47.5230350Z   bazel-out/ios_sim_arm64-fastbuild-ios-sim_arm64-min17.0-applebin_ios-ST-f3259bc0b2ed/bin/PoemOfTheDayUITests/PoemOfTheDayUITests.xctest.dSYM/Contents/Info.plist
Build and Test with Bazel	Run UI tests	2025-11-28T01:53:47.5231070Z   bazel-bin/PoemOfTheDayUITests/PoemOfTheDayUITests
Build and Test with Bazel	Run UI tests	2025-11-28T01:53:47.5231640Z   bazel-out/ios_sim_arm64-fastbuild-ios-sim_arm64-min17.0-applebin_ios-ST-f3259bc0b2ed/bin/PoemOfTheDayUITests/PoemOfTheDayUITests.zip
Build and Test with Bazel	Run UI tests	2025-11-28T01:53:47.6674490Z INFO: Elapsed time: 534.849s, Critical Path: 534.51s
Build and Test with Bazel	Run UI tests	2025-11-28T01:53:47.6679970Z INFO: 23 processes: 20 action cache hit, 13 internal, 8 darwin-sandbox, 1 local, 1 worker.
Build and Test with Bazel	Run UI tests	2025-11-28T01:53:47.6680540Z INFO: Build completed, 1 test FAILED, 23 total actions
Build and Test with Bazel	Run UI tests	2025-11-28T01:53:47.6695050Z //PoemOfTheDayUITests:PoemOfTheDayUITests                                FAILED in 525.9s
Build and Test with Bazel	Run UI tests	2025-11-28T01:53:47.6698980Z   /private/var/tmp/_bazel_runner/fe2d0117d2d9b33eff91f94ca60a61fc/execroot/_main/bazel-out/darwin_arm64-fastbuild/testlogs/PoemOfTheDayUITests/PoemOfTheDayUITests/test.log
Build and Test with Bazel	Run UI tests	2025-11-28T01:53:47.6699940Z 
Build and Test with Bazel	Run UI tests	2025-11-28T01:53:47.6700200Z Executed 1 out of 1 test: 1 fails locally.
Build and Test with Bazel	Run UI tests	2025-11-28T01:53:47.7490960Z ##[error]Process completed with exit code 3.
Build and Test with Bazel	Upload test results	ï»¿2025-11-28T01:53:47.7680910Z ##[group]Run actions/upload-artifact@v4
Build and Test with Bazel	Upload test results	2025-11-28T01:53:47.7681140Z with:
Build and Test with Bazel	Upload test results	2025-11-28T01:53:47.7681260Z   name: test-results
Build and Test with Bazel	Upload test results	2025-11-28T01:53:47.7681430Z   path: Poem of the Day/bazel-testlogs/
Build and Test with Bazel	Upload test results	
Build and Test with Bazel	Upload test results	2025-11-28T01:53:47.7681620Z   if-no-files-found: warn
Build and Test with Bazel	Upload test results	2025-11-28T01:53:47.7681760Z   compression-level: 6
Build and Test with Bazel	Upload test results	2025-11-28T01:53:47.7681900Z   overwrite: false
Build and Test with Bazel	Upload test results	2025-11-28T01:53:47.7682100Z   include-hidden-files: false
Build and Test with Bazel	Upload test results	2025-11-28T01:53:47.7682270Z ##[endgroup]
Build and Test with Bazel	Upload test results	2025-11-28T01:53:48.1742210Z ##[warning]No files were found with the provided path: Poem of the Day/bazel-testlogs/. No artifacts will be uploaded.
Build and Test with Bazel	Post Checkout code	ï»¿2025-11-28T01:53:48.1994090Z Post job cleanup.
Build and Test with Bazel	Post Checkout code	2025-11-28T01:53:48.3589270Z [command]/opt/homebrew/bin/git version
Build and Test with Bazel	Post Checkout code	2025-11-28T01:53:48.3982050Z git version 2.50.1
Build and Test with Bazel	Post Checkout code	2025-11-28T01:53:48.4074270Z Copying '/Users/runner/.gitconfig' to '/Users/runner/work/_temp/8fd958b1-e30b-4752-81c2-ec2bbf6a50ba/.gitconfig'
Build and Test with Bazel	Post Checkout code	2025-11-28T01:53:48.4075040Z Temporarily overriding HOME='/Users/runner/work/_temp/8fd958b1-e30b-4752-81c2-ec2bbf6a50ba' before making global git config changes
Build and Test with Bazel	Post Checkout code	2025-11-28T01:53:48.4075800Z Adding repository directory to the temporary git global config as a safe directory
Build and Test with Bazel	Post Checkout code	2025-11-28T01:53:48.4079600Z [command]/opt/homebrew/bin/git config --global --add safe.directory /Users/runner/work/Poem-of-the-Day/Poem-of-the-Day
Build and Test with Bazel	Post Checkout code	2025-11-28T01:53:48.4274100Z [command]/opt/homebrew/bin/git config --local --name-only --get-regexp core\.sshCommand
Build and Test with Bazel	Post Checkout code	2025-11-28T01:53:48.4370260Z [command]/opt/homebrew/bin/git submodule foreach --recursive sh -c "git config --local --name-only --get-regexp 'core\.sshCommand' && git config --local --unset-all 'core.sshCommand' || :"
Build and Test with Bazel	Post Checkout code	2025-11-28T01:53:48.7167220Z [command]/opt/homebrew/bin/git config --local --name-only --get-regexp http\.https\:\/\/github\.com\/\.extraheader
Build and Test with Bazel	Post Checkout code	2025-11-28T01:53:48.7268950Z http.https://github.com/.extraheader
Build and Test with Bazel	Post Checkout code	2025-11-28T01:53:48.7635130Z [command]/opt/homebrew/bin/git config --local --unset-all http.https://github.com/.extraheader
Build and Test with Bazel	Post Checkout code	2025-11-28T01:53:48.7943410Z [command]/opt/homebrew/bin/git submodule foreach --recursive sh -c "git config --local --name-only --get-regexp 'http\.https\:\/\/github\.com\/\.extraheader' && git config --local --unset-all 'http.https://github.com/.extraheader' || :"
Build and Test with Bazel	Post Checkout code	2025-11-28T01:53:48.9291490Z [command]/opt/homebrew/bin/git config --local --name-only --get-regexp ^includeIf\.gitdir:
Build and Test with Bazel	Post Checkout code	2025-11-28T01:53:48.9539660Z [command]/opt/homebrew/bin/git submodule foreach --recursive git config --local --show-origin --name-only --get-regexp remote.origin.url
Build and Test with Bazel	Complete job	ï»¿2025-11-28T01:53:49.2257710Z Cleaning up orphan processes
Build and Test with Bazel	Complete job	2025-11-28T01:53:51.3167650Z Terminate orphan process: pid (39214) (java)
